[0.748s] Invoking command in '/home/sungbhin/AutoSDV_HPC/build/launch_pkg': CMAKE_PREFIX_PATH=/opt/ros/humble /usr/local/bin/cmake --build /home/sungbhin/AutoSDV_HPC/build/launch_pkg -- -j16 -l16
[1.003s] [0mCMake Error: The current CMakeCache.txt directory /home/sungbhin/AutoSDV_HPC/build/launch_pkg/CMakeCache.txt is different than the directory /home/sungbhin/hpc_v2/build/launch_pkg where CMakeCache.txt was created. This may result in binaries being created in the wrong place. If you are not sure, reedit the CMakeCache.txt[0m
[1.005s] Invoked command in '/home/sungbhin/AutoSDV_HPC/build/launch_pkg' returned '0': CMAKE_PREFIX_PATH=/opt/ros/humble /usr/local/bin/cmake --build /home/sungbhin/AutoSDV_HPC/build/launch_pkg -- -j16 -l16
[1.013s] Invoking command in '/home/sungbhin/AutoSDV_HPC/build/launch_pkg': CMAKE_PREFIX_PATH=/opt/ros/humble /usr/local/bin/cmake --install /home/sungbhin/AutoSDV_HPC/build/launch_pkg
[1.258s] -- Install configuration: ""
[1.258s] -- Execute custom install script
[1.258s] -- Up-to-date symlink: /home/sungbhin/hpc_v2/install/launch_pkg/share/launch_pkg//launch/main.launch.py
[1.258s] -- Up-to-date symlink: /home/sungbhin/hpc_v2/install/launch_pkg/share/ament_index/resource_index/package_run_dependencies/launch_pkg
[1.258s] -- Up-to-date symlink: /home/sungbhin/hpc_v2/install/launch_pkg/share/ament_index/resource_index/parent_prefix_path/launch_pkg
[1.258s] -- Up-to-date symlink: /home/sungbhin/hpc_v2/install/launch_pkg/share/launch_pkg/environment/ament_prefix_path.sh
[1.258s] -- Up-to-date symlink: /home/sungbhin/hpc_v2/install/launch_pkg/share/launch_pkg/environment/ament_prefix_path.dsv
[1.259s] -- Up-to-date symlink: /home/sungbhin/hpc_v2/install/launch_pkg/share/launch_pkg/environment/path.sh
[1.259s] -- Up-to-date symlink: /home/sungbhin/hpc_v2/install/launch_pkg/share/launch_pkg/environment/path.dsv
[1.259s] -- Up-to-date symlink: /home/sungbhin/hpc_v2/install/launch_pkg/share/launch_pkg/local_setup.bash
[1.259s] -- Up-to-date symlink: /home/sungbhin/hpc_v2/install/launch_pkg/share/launch_pkg/local_setup.sh
[1.259s] -- Up-to-date symlink: /home/sungbhin/hpc_v2/install/launch_pkg/share/launch_pkg/local_setup.zsh
[1.259s] -- Up-to-date symlink: /home/sungbhin/hpc_v2/install/launch_pkg/share/launch_pkg/local_setup.dsv
[1.259s] -- Symlinking: /home/sungbhin/hpc_v2/install/launch_pkg/share/launch_pkg/package.dsv
[1.259s] -- Up-to-date symlink: /home/sungbhin/hpc_v2/install/launch_pkg/share/ament_index/resource_index/packages/launch_pkg
[1.259s] -- Up-to-date symlink: /home/sungbhin/hpc_v2/install/launch_pkg/share/launch_pkg/cmake/launch_pkgConfig.cmake
[1.259s] -- Up-to-date symlink: /home/sungbhin/hpc_v2/install/launch_pkg/share/launch_pkg/cmake/launch_pkgConfig-version.cmake
[1.259s] -- Up-to-date symlink: /home/sungbhin/hpc_v2/install/launch_pkg/share/launch_pkg/package.xml
[1.267s] Invoked command in '/home/sungbhin/AutoSDV_HPC/build/launch_pkg' returned '0': CMAKE_PREFIX_PATH=/opt/ros/humble /usr/local/bin/cmake --install /home/sungbhin/AutoSDV_HPC/build/launch_pkg
