[1.688s] Invoking command in '/home/sungbhin/hpc_v2/build/serial_communication_pkg': PYTHONPATH=/home/sungbhin/hpc_v2/build/serial_communication_pkg/prefix_override:/usr/lib/python3/dist-packages/colcon_core/task/python/colcon_distutils_commands:/home/sungbhin/hpc_v2/install/serial_communication_pkg/lib/python3.10/site-packages:${PYTHONPATH} /usr/bin/python3 -W ignore:setup.py install is deprecated -W ignore:easy_install command is deprecated setup.py develop --editable --build-directory /home/sungbhin/hpc_v2/build/serial_communication_pkg/build --no-deps symlink_data
[2.017s] running develop
[2.222s] running egg_info
[2.222s] creating serial_communication_pkg.egg-info
[2.222s] writing serial_communication_pkg.egg-info/PKG-INFO
[2.223s] writing dependency_links to serial_communication_pkg.egg-info/dependency_links.txt
[2.223s] writing entry points to serial_communication_pkg.egg-info/entry_points.txt
[2.223s] writing requirements to serial_communication_pkg.egg-info/requires.txt
[2.223s] writing top-level names to serial_communication_pkg.egg-info/top_level.txt
[2.223s] writing manifest file 'serial_communication_pkg.egg-info/SOURCES.txt'
[2.225s] reading manifest file 'serial_communication_pkg.egg-info/SOURCES.txt'
[2.226s] writing manifest file 'serial_communication_pkg.egg-info/SOURCES.txt'
[2.228s] running build_ext
[2.228s] Creating /home/sungbhin/hpc_v2/install/serial_communication_pkg/lib/python3.10/site-packages/serial-communication-pkg.egg-link (link to .)
[2.229s] Installing serial_sender_node script to /home/sungbhin/hpc_v2/install/serial_communication_pkg/lib/serial_communication_pkg
[2.229s] 
[2.229s] Installed /home/sungbhin/hpc_v2/build/serial_communication_pkg
[2.229s] running symlink_data
[2.229s] creating /home/sungbhin/hpc_v2/install/serial_communication_pkg/share/ament_index
[2.229s] creating /home/sungbhin/hpc_v2/install/serial_communication_pkg/share/ament_index/resource_index
[2.230s] creating /home/sungbhin/hpc_v2/install/serial_communication_pkg/share/ament_index/resource_index/packages
[2.230s] symbolically linking /home/sungbhin/hpc_v2/build/serial_communication_pkg/resource/serial_communication_pkg -> /home/sungbhin/hpc_v2/install/serial_communication_pkg/share/ament_index/resource_index/packages
[2.230s] symbolically linking /home/sungbhin/hpc_v2/build/serial_communication_pkg/package.xml -> /home/sungbhin/hpc_v2/install/serial_communication_pkg/share/serial_communication_pkg
[2.306s] Invoked command in '/home/sungbhin/hpc_v2/build/serial_communication_pkg' returned '0': PYTHONPATH=/home/sungbhin/hpc_v2/build/serial_communication_pkg/prefix_override:/usr/lib/python3/dist-packages/colcon_core/task/python/colcon_distutils_commands:/home/sungbhin/hpc_v2/install/serial_communication_pkg/lib/python3.10/site-packages:${PYTHONPATH} /usr/bin/python3 -W ignore:setup.py install is deprecated -W ignore:easy_install command is deprecated setup.py develop --editable --build-directory /home/sungbhin/hpc_v2/build/serial_communication_pkg/build --no-deps symlink_data
