[0.024s] Invoking command in '/home/sungbhin/hpc_v2/build/interfaces_pkg': /usr/local/bin/cmake /home/sungbhin/hpc_v2/src/interfaces_pkg -DAMENT_CMAKE_SYMLINK_INSTALL=1 -DCMAKE_INSTALL_PREFIX=/home/sungbhin/hpc_v2/install/interfaces_pkg
[0.963s] -- The C compiler identification is GNU 11.4.0
[0.963s] -- The CXX compiler identification is GNU 11.4.0
[0.964s] -- Detecting C compiler ABI info
[0.964s] -- Detecting C compiler ABI info - done
[0.964s] -- Check for working C compiler: /usr/bin/cc - skipped
[0.964s] -- Detecting C compile features
[0.964s] -- Detecting C compile features - done
[0.964s] -- Detecting CXX compiler ABI info
[0.965s] -- Detecting CXX compiler ABI info - done
[0.965s] -- Check for working CXX compiler: /usr/bin/c++ - skipped
[0.965s] -- Detecting CXX compile features
[0.966s] -- Detecting CXX compile features - done
[0.966s] -- Configuring incomplete, errors occurred!
[0.967s] [0mCMake Deprecation Warning at CMakeLists.txt:1 (cmake_minimum_required):
[0.967s]   Compatibility with CMake < 3.10 will be removed from a future version of
[0.967s]   CMake.
[0.967s] 
[0.967s]   Update the VERSION argument <min> value or use a ...<max> suffix to tell
[0.967s]   CMake that the project does not need compatibility with older versions.
[0.967s] 
[0.967s] [0m
[0.967s] [31mCMake Error at CMakeLists.txt:5 (find_package):
[0.967s]   By not providing "Findament_cmake.cmake" in CMAKE_MODULE_PATH this project
[0.967s]   has asked CMake to find a package configuration file provided by
[0.967s]   "ament_cmake", but CMake did not find one.
[0.967s] 
[0.967s]   Could not find a package configuration file provided by "ament_cmake" with
[0.967s]   any of the following names:
[0.967s] 
[0.967s]     ament_cmakeConfig.cmake
[0.967s]     ament_cmake-config.cmake
[0.967s] 
[0.968s]   Add the installation prefix of "ament_cmake" to CMAKE_PREFIX_PATH or set
[0.968s]   "ament_cmake_DIR" to a directory containing one of the above files.  If
[0.968s]   "ament_cmake" provides a separate development package or SDK, be sure it
[0.968s]   has been installed.
[0.968s] 
[0.968s] [0m
[0.970s] Invoked command in '/home/sungbhin/hpc_v2/build/interfaces_pkg' returned '1': /usr/local/bin/cmake /home/sungbhin/hpc_v2/src/interfaces_pkg -DAMENT_CMAKE_SYMLINK_INSTALL=1 -DCMAKE_INSTALL_PREFIX=/home/sungbhin/hpc_v2/install/interfaces_pkg
