[0.170s] DEBUG:colcon:Command line arguments: ['/usr/bin/colcon', 'build', '--symlink-install']
[0.170s] DEBUG:colcon:Parsed command line arguments: Namespace(log_base=None, log_level=None, verb_name='build', build_base='build', install_base='install', merge_install=False, symlink_install=True, test_result_base=None, continue_on_error=False, executor='parallel', parallel_workers=16, event_handlers=None, ignore_user_meta=False, metas=['./colcon.meta'], base_paths=['.'], packages_ignore=None, packages_ignore_regex=None, paths=None, packages_up_to=None, packages_up_to_regex=None, packages_above=None, packages_above_and_dependencies=None, packages_above_depth=None, packages_select_by_dep=None, packages_skip_by_dep=None, packages_skip_up_to=None, packages_select_build_failed=False, packages_skip_build_finished=False, packages_select_test_failures=False, packages_skip_test_passed=False, packages_select=None, packages_skip=None, packages_select_regex=None, packages_skip_regex=None, packages_start=None, packages_end=None, allow_overriding=[], cmake_args=None, cmake_target=None, cmake_target_skip_unavailable=False, cmake_clean_cache=False, cmake_clean_first=False, cmake_force_configure=False, ament_cmake_args=None, catkin_cmake_args=None, catkin_skip_building_tests=False, mixin_files=None, mixin=None, verb_parser=<colcon_mixin.mixin.mixin_argument.MixinArgumentDecorator object at 0x74532a15e320>, verb_extension=<colcon_core.verb.build.BuildVerb object at 0x74532a15de70>, main=<bound method BuildVerb.main of <colcon_core.verb.build.BuildVerb object at 0x74532a15de70>>, mixin_verb=('build',))
[0.353s] Level 1:colcon.colcon_core.package_discovery:discover_packages(colcon_meta) check parameters
[0.353s] Level 1:colcon.colcon_core.package_discovery:discover_packages(recursive) check parameters
[0.353s] Level 1:colcon.colcon_core.package_discovery:discover_packages(ignore) check parameters
[0.353s] Level 1:colcon.colcon_core.package_discovery:discover_packages(path) check parameters
[0.353s] Level 1:colcon.colcon_core.package_discovery:discover_packages(colcon_meta) discover
[0.353s] Level 1:colcon.colcon_core.package_discovery:discover_packages(recursive) discover
[0.354s] INFO:colcon.colcon_core.package_discovery:Crawling recursively for packages in '/home/sungbhin/AutoSDV_HPC'
[0.354s] Level 1:colcon.colcon_core.package_identification:_identify(.) by extensions ['ignore', 'ignore_ament_install']
[0.354s] Level 1:colcon.colcon_core.package_identification:_identify(.) by extension 'ignore'
[0.354s] Level 1:colcon.colcon_core.package_identification:_identify(.) by extension 'ignore_ament_install'
[0.354s] Level 1:colcon.colcon_core.package_identification:_identify(.) by extensions ['colcon_pkg']
[0.354s] Level 1:colcon.colcon_core.package_identification:_identify(.) by extension 'colcon_pkg'
[0.354s] Level 1:colcon.colcon_core.package_identification:_identify(.) by extensions ['colcon_meta']
[0.354s] Level 1:colcon.colcon_core.package_identification:_identify(.) by extension 'colcon_meta'
[0.354s] Level 1:colcon.colcon_core.package_identification:_identify(.) by extensions ['ros']
[0.354s] Level 1:colcon.colcon_core.package_identification:_identify(.) by extension 'ros'
[0.363s] Level 1:colcon.colcon_core.package_identification:_identify(.) by extensions ['cmake', 'python']
[0.363s] Level 1:colcon.colcon_core.package_identification:_identify(.) by extension 'cmake'
[0.363s] Level 1:colcon.colcon_core.package_identification:_identify(.) by extension 'python'
[0.363s] Level 1:colcon.colcon_core.package_identification:_identify(.) by extensions ['python_setup_py']
[0.363s] Level 1:colcon.colcon_core.package_identification:_identify(.) by extension 'python_setup_py'
[0.364s] Level 1:colcon.colcon_core.package_identification:_identify(Collected_Datasets) by extensions ['ignore', 'ignore_ament_install']
[0.364s] Level 1:colcon.colcon_core.package_identification:_identify(Collected_Datasets) by extension 'ignore'
[0.364s] Level 1:colcon.colcon_core.package_identification:_identify(Collected_Datasets) by extension 'ignore_ament_install'
[0.364s] Level 1:colcon.colcon_core.package_identification:_identify(Collected_Datasets) by extensions ['colcon_pkg']
[0.364s] Level 1:colcon.colcon_core.package_identification:_identify(Collected_Datasets) by extension 'colcon_pkg'
[0.364s] Level 1:colcon.colcon_core.package_identification:_identify(Collected_Datasets) by extensions ['colcon_meta']
[0.364s] Level 1:colcon.colcon_core.package_identification:_identify(Collected_Datasets) by extension 'colcon_meta'
[0.364s] Level 1:colcon.colcon_core.package_identification:_identify(Collected_Datasets) by extensions ['ros']
[0.364s] Level 1:colcon.colcon_core.package_identification:_identify(Collected_Datasets) by extension 'ros'
[0.364s] Level 1:colcon.colcon_core.package_identification:_identify(Collected_Datasets) by extensions ['cmake', 'python']
[0.364s] Level 1:colcon.colcon_core.package_identification:_identify(Collected_Datasets) by extension 'cmake'
[0.364s] Level 1:colcon.colcon_core.package_identification:_identify(Collected_Datasets) by extension 'python'
[0.364s] Level 1:colcon.colcon_core.package_identification:_identify(Collected_Datasets) by extensions ['python_setup_py']
[0.364s] Level 1:colcon.colcon_core.package_identification:_identify(Collected_Datasets) by extension 'python_setup_py'
[0.364s] Level 1:colcon.colcon_core.package_identification:_identify(build) by extensions ['ignore', 'ignore_ament_install']
[0.364s] Level 1:colcon.colcon_core.package_identification:_identify(build) by extension 'ignore'
[0.364s] Level 1:colcon.colcon_core.package_identification:_identify(build) ignored
[0.364s] Level 1:colcon.colcon_core.package_identification:_identify(install) by extensions ['ignore', 'ignore_ament_install']
[0.364s] Level 1:colcon.colcon_core.package_identification:_identify(install) by extension 'ignore'
[0.364s] Level 1:colcon.colcon_core.package_identification:_identify(install) ignored
[0.364s] Level 1:colcon.colcon_core.package_identification:_identify(log) by extensions ['ignore', 'ignore_ament_install']
[0.364s] Level 1:colcon.colcon_core.package_identification:_identify(log) by extension 'ignore'
[0.364s] Level 1:colcon.colcon_core.package_identification:_identify(log) ignored
[0.365s] Level 1:colcon.colcon_core.package_identification:_identify(src) by extensions ['ignore', 'ignore_ament_install']
[0.365s] Level 1:colcon.colcon_core.package_identification:_identify(src) by extension 'ignore'
[0.365s] Level 1:colcon.colcon_core.package_identification:_identify(src) by extension 'ignore_ament_install'
[0.365s] Level 1:colcon.colcon_core.package_identification:_identify(src) by extensions ['colcon_pkg']
[0.365s] Level 1:colcon.colcon_core.package_identification:_identify(src) by extension 'colcon_pkg'
[0.365s] Level 1:colcon.colcon_core.package_identification:_identify(src) by extensions ['colcon_meta']
[0.365s] Level 1:colcon.colcon_core.package_identification:_identify(src) by extension 'colcon_meta'
[0.365s] Level 1:colcon.colcon_core.package_identification:_identify(src) by extensions ['ros']
[0.365s] Level 1:colcon.colcon_core.package_identification:_identify(src) by extension 'ros'
[0.365s] Level 1:colcon.colcon_core.package_identification:_identify(src) by extensions ['cmake', 'python']
[0.365s] Level 1:colcon.colcon_core.package_identification:_identify(src) by extension 'cmake'
[0.365s] Level 1:colcon.colcon_core.package_identification:_identify(src) by extension 'python'
[0.365s] Level 1:colcon.colcon_core.package_identification:_identify(src) by extensions ['python_setup_py']
[0.365s] Level 1:colcon.colcon_core.package_identification:_identify(src) by extension 'python_setup_py'
[0.365s] Level 1:colcon.colcon_core.package_identification:_identify(src/camera_perception_pkg) by extensions ['ignore', 'ignore_ament_install']
[0.365s] Level 1:colcon.colcon_core.package_identification:_identify(src/camera_perception_pkg) by extension 'ignore'
[0.365s] Level 1:colcon.colcon_core.package_identification:_identify(src/camera_perception_pkg) by extension 'ignore_ament_install'
[0.365s] Level 1:colcon.colcon_core.package_identification:_identify(src/camera_perception_pkg) by extensions ['colcon_pkg']
[0.365s] Level 1:colcon.colcon_core.package_identification:_identify(src/camera_perception_pkg) by extension 'colcon_pkg'
[0.365s] Level 1:colcon.colcon_core.package_identification:_identify(src/camera_perception_pkg) by extensions ['colcon_meta']
[0.365s] Level 1:colcon.colcon_core.package_identification:_identify(src/camera_perception_pkg) by extension 'colcon_meta'
[0.365s] Level 1:colcon.colcon_core.package_identification:_identify(src/camera_perception_pkg) by extensions ['ros']
[0.365s] Level 1:colcon.colcon_core.package_identification:_identify(src/camera_perception_pkg) by extension 'ros'
[0.379s] DEBUG:colcon.colcon_core.package_identification:Package 'src/camera_perception_pkg' with type 'ros.ament_python' and name 'camera_perception_pkg'
[0.379s] Level 1:colcon.colcon_core.package_identification:_identify(src/control) by extensions ['ignore', 'ignore_ament_install']
[0.379s] Level 1:colcon.colcon_core.package_identification:_identify(src/control) by extension 'ignore'
[0.379s] Level 1:colcon.colcon_core.package_identification:_identify(src/control) by extension 'ignore_ament_install'
[0.379s] Level 1:colcon.colcon_core.package_identification:_identify(src/control) by extensions ['colcon_pkg']
[0.379s] Level 1:colcon.colcon_core.package_identification:_identify(src/control) by extension 'colcon_pkg'
[0.379s] Level 1:colcon.colcon_core.package_identification:_identify(src/control) by extensions ['colcon_meta']
[0.379s] Level 1:colcon.colcon_core.package_identification:_identify(src/control) by extension 'colcon_meta'
[0.379s] Level 1:colcon.colcon_core.package_identification:_identify(src/control) by extensions ['ros']
[0.379s] Level 1:colcon.colcon_core.package_identification:_identify(src/control) by extension 'ros'
[0.379s] Level 1:colcon.colcon_core.package_identification:_identify(src/control) by extensions ['cmake', 'python']
[0.379s] Level 1:colcon.colcon_core.package_identification:_identify(src/control) by extension 'cmake'
[0.379s] Level 1:colcon.colcon_core.package_identification:_identify(src/control) by extension 'python'
[0.379s] Level 1:colcon.colcon_core.package_identification:_identify(src/control) by extensions ['python_setup_py']
[0.379s] Level 1:colcon.colcon_core.package_identification:_identify(src/control) by extension 'python_setup_py'
[0.379s] Level 1:colcon.colcon_core.package_identification:_identify(src/control/check_variable_resistor) by extensions ['ignore', 'ignore_ament_install']
[0.379s] Level 1:colcon.colcon_core.package_identification:_identify(src/control/check_variable_resistor) by extension 'ignore'
[0.379s] Level 1:colcon.colcon_core.package_identification:_identify(src/control/check_variable_resistor) by extension 'ignore_ament_install'
[0.379s] Level 1:colcon.colcon_core.package_identification:_identify(src/control/check_variable_resistor) by extensions ['colcon_pkg']
[0.379s] Level 1:colcon.colcon_core.package_identification:_identify(src/control/check_variable_resistor) by extension 'colcon_pkg'
[0.379s] Level 1:colcon.colcon_core.package_identification:_identify(src/control/check_variable_resistor) by extensions ['colcon_meta']
[0.379s] Level 1:colcon.colcon_core.package_identification:_identify(src/control/check_variable_resistor) by extension 'colcon_meta'
[0.379s] Level 1:colcon.colcon_core.package_identification:_identify(src/control/check_variable_resistor) by extensions ['ros']
[0.379s] Level 1:colcon.colcon_core.package_identification:_identify(src/control/check_variable_resistor) by extension 'ros'
[0.380s] Level 1:colcon.colcon_core.package_identification:_identify(src/control/check_variable_resistor) by extensions ['cmake', 'python']
[0.380s] Level 1:colcon.colcon_core.package_identification:_identify(src/control/check_variable_resistor) by extension 'cmake'
[0.380s] Level 1:colcon.colcon_core.package_identification:_identify(src/control/check_variable_resistor) by extension 'python'
[0.380s] Level 1:colcon.colcon_core.package_identification:_identify(src/control/check_variable_resistor) by extensions ['python_setup_py']
[0.380s] Level 1:colcon.colcon_core.package_identification:_identify(src/control/check_variable_resistor) by extension 'python_setup_py'
[0.380s] Level 1:colcon.colcon_core.package_identification:_identify(src/control/driving) by extensions ['ignore', 'ignore_ament_install']
[0.380s] Level 1:colcon.colcon_core.package_identification:_identify(src/control/driving) by extension 'ignore'
[0.380s] Level 1:colcon.colcon_core.package_identification:_identify(src/control/driving) by extension 'ignore_ament_install'
[0.380s] Level 1:colcon.colcon_core.package_identification:_identify(src/control/driving) by extensions ['colcon_pkg']
[0.380s] Level 1:colcon.colcon_core.package_identification:_identify(src/control/driving) by extension 'colcon_pkg'
[0.380s] Level 1:colcon.colcon_core.package_identification:_identify(src/control/driving) by extensions ['colcon_meta']
[0.380s] Level 1:colcon.colcon_core.package_identification:_identify(src/control/driving) by extension 'colcon_meta'
[0.380s] Level 1:colcon.colcon_core.package_identification:_identify(src/control/driving) by extensions ['ros']
[0.380s] Level 1:colcon.colcon_core.package_identification:_identify(src/control/driving) by extension 'ros'
[0.380s] Level 1:colcon.colcon_core.package_identification:_identify(src/control/driving) by extensions ['cmake', 'python']
[0.380s] Level 1:colcon.colcon_core.package_identification:_identify(src/control/driving) by extension 'cmake'
[0.380s] Level 1:colcon.colcon_core.package_identification:_identify(src/control/driving) by extension 'python'
[0.380s] Level 1:colcon.colcon_core.package_identification:_identify(src/control/driving) by extensions ['python_setup_py']
[0.380s] Level 1:colcon.colcon_core.package_identification:_identify(src/control/driving) by extension 'python_setup_py'
[0.380s] Level 1:colcon.colcon_core.package_identification:_identify(src/control/motor_test) by extensions ['ignore', 'ignore_ament_install']
[0.380s] Level 1:colcon.colcon_core.package_identification:_identify(src/control/motor_test) by extension 'ignore'
[0.380s] Level 1:colcon.colcon_core.package_identification:_identify(src/control/motor_test) by extension 'ignore_ament_install'
[0.380s] Level 1:colcon.colcon_core.package_identification:_identify(src/control/motor_test) by extensions ['colcon_pkg']
[0.380s] Level 1:colcon.colcon_core.package_identification:_identify(src/control/motor_test) by extension 'colcon_pkg'
[0.380s] Level 1:colcon.colcon_core.package_identification:_identify(src/control/motor_test) by extensions ['colcon_meta']
[0.380s] Level 1:colcon.colcon_core.package_identification:_identify(src/control/motor_test) by extension 'colcon_meta'
[0.380s] Level 1:colcon.colcon_core.package_identification:_identify(src/control/motor_test) by extensions ['ros']
[0.380s] Level 1:colcon.colcon_core.package_identification:_identify(src/control/motor_test) by extension 'ros'
[0.380s] Level 1:colcon.colcon_core.package_identification:_identify(src/control/motor_test) by extensions ['cmake', 'python']
[0.380s] Level 1:colcon.colcon_core.package_identification:_identify(src/control/motor_test) by extension 'cmake'
[0.380s] Level 1:colcon.colcon_core.package_identification:_identify(src/control/motor_test) by extension 'python'
[0.380s] Level 1:colcon.colcon_core.package_identification:_identify(src/control/motor_test) by extensions ['python_setup_py']
[0.380s] Level 1:colcon.colcon_core.package_identification:_identify(src/control/motor_test) by extension 'python_setup_py'
[0.381s] Level 1:colcon.colcon_core.package_identification:_identify(src/data_collection) by extensions ['ignore', 'ignore_ament_install']
[0.381s] Level 1:colcon.colcon_core.package_identification:_identify(src/data_collection) by extension 'ignore'
[0.381s] Level 1:colcon.colcon_core.package_identification:_identify(src/data_collection) by extension 'ignore_ament_install'
[0.381s] Level 1:colcon.colcon_core.package_identification:_identify(src/data_collection) by extensions ['colcon_pkg']
[0.381s] Level 1:colcon.colcon_core.package_identification:_identify(src/data_collection) by extension 'colcon_pkg'
[0.381s] Level 1:colcon.colcon_core.package_identification:_identify(src/data_collection) by extensions ['colcon_meta']
[0.381s] Level 1:colcon.colcon_core.package_identification:_identify(src/data_collection) by extension 'colcon_meta'
[0.381s] Level 1:colcon.colcon_core.package_identification:_identify(src/data_collection) by extensions ['ros']
[0.381s] Level 1:colcon.colcon_core.package_identification:_identify(src/data_collection) by extension 'ros'
[0.381s] Level 1:colcon.colcon_core.package_identification:_identify(src/data_collection) by extensions ['cmake', 'python']
[0.381s] Level 1:colcon.colcon_core.package_identification:_identify(src/data_collection) by extension 'cmake'
[0.381s] Level 1:colcon.colcon_core.package_identification:_identify(src/data_collection) by extension 'python'
[0.381s] Level 1:colcon.colcon_core.package_identification:_identify(src/data_collection) by extensions ['python_setup_py']
[0.381s] Level 1:colcon.colcon_core.package_identification:_identify(src/data_collection) by extension 'python_setup_py'
[0.381s] Level 1:colcon.colcon_core.package_identification:_identify(src/data_collection_pkg) by extensions ['ignore', 'ignore_ament_install']
[0.381s] Level 1:colcon.colcon_core.package_identification:_identify(src/data_collection_pkg) by extension 'ignore'
[0.381s] Level 1:colcon.colcon_core.package_identification:_identify(src/data_collection_pkg) by extension 'ignore_ament_install'
[0.381s] Level 1:colcon.colcon_core.package_identification:_identify(src/data_collection_pkg) by extensions ['colcon_pkg']
[0.381s] Level 1:colcon.colcon_core.package_identification:_identify(src/data_collection_pkg) by extension 'colcon_pkg'
[0.381s] Level 1:colcon.colcon_core.package_identification:_identify(src/data_collection_pkg) by extensions ['colcon_meta']
[0.381s] Level 1:colcon.colcon_core.package_identification:_identify(src/data_collection_pkg) by extension 'colcon_meta'
[0.381s] Level 1:colcon.colcon_core.package_identification:_identify(src/data_collection_pkg) by extensions ['ros']
[0.381s] Level 1:colcon.colcon_core.package_identification:_identify(src/data_collection_pkg) by extension 'ros'
[0.382s] DEBUG:colcon.colcon_core.package_identification:Package 'src/data_collection_pkg' with type 'ros.ament_python' and name 'data_collection_pkg'
[0.382s] Level 1:colcon.colcon_core.package_identification:_identify(src/debug_pkg) by extensions ['ignore', 'ignore_ament_install']
[0.382s] Level 1:colcon.colcon_core.package_identification:_identify(src/debug_pkg) by extension 'ignore'
[0.382s] Level 1:colcon.colcon_core.package_identification:_identify(src/debug_pkg) by extension 'ignore_ament_install'
[0.382s] Level 1:colcon.colcon_core.package_identification:_identify(src/debug_pkg) by extensions ['colcon_pkg']
[0.382s] Level 1:colcon.colcon_core.package_identification:_identify(src/debug_pkg) by extension 'colcon_pkg'
[0.382s] Level 1:colcon.colcon_core.package_identification:_identify(src/debug_pkg) by extensions ['colcon_meta']
[0.382s] Level 1:colcon.colcon_core.package_identification:_identify(src/debug_pkg) by extension 'colcon_meta'
[0.382s] Level 1:colcon.colcon_core.package_identification:_identify(src/debug_pkg) by extensions ['ros']
[0.382s] Level 1:colcon.colcon_core.package_identification:_identify(src/debug_pkg) by extension 'ros'
[0.382s] DEBUG:colcon.colcon_core.package_identification:Package 'src/debug_pkg' with type 'ros.ament_python' and name 'debug_pkg'
[0.382s] Level 1:colcon.colcon_core.package_identification:_identify(src/decision_making_pkg) by extensions ['ignore', 'ignore_ament_install']
[0.383s] Level 1:colcon.colcon_core.package_identification:_identify(src/decision_making_pkg) by extension 'ignore'
[0.383s] Level 1:colcon.colcon_core.package_identification:_identify(src/decision_making_pkg) by extension 'ignore_ament_install'
[0.383s] Level 1:colcon.colcon_core.package_identification:_identify(src/decision_making_pkg) by extensions ['colcon_pkg']
[0.383s] Level 1:colcon.colcon_core.package_identification:_identify(src/decision_making_pkg) by extension 'colcon_pkg'
[0.383s] Level 1:colcon.colcon_core.package_identification:_identify(src/decision_making_pkg) by extensions ['colcon_meta']
[0.383s] Level 1:colcon.colcon_core.package_identification:_identify(src/decision_making_pkg) by extension 'colcon_meta'
[0.383s] Level 1:colcon.colcon_core.package_identification:_identify(src/decision_making_pkg) by extensions ['ros']
[0.383s] Level 1:colcon.colcon_core.package_identification:_identify(src/decision_making_pkg) by extension 'ros'
[0.383s] DEBUG:colcon.colcon_core.package_identification:Package 'src/decision_making_pkg' with type 'ros.ament_python' and name 'decision_making_pkg'
[0.383s] Level 1:colcon.colcon_core.package_identification:_identify(src/interfaces_pkg) by extensions ['ignore', 'ignore_ament_install']
[0.383s] Level 1:colcon.colcon_core.package_identification:_identify(src/interfaces_pkg) by extension 'ignore'
[0.383s] Level 1:colcon.colcon_core.package_identification:_identify(src/interfaces_pkg) by extension 'ignore_ament_install'
[0.384s] Level 1:colcon.colcon_core.package_identification:_identify(src/interfaces_pkg) by extensions ['colcon_pkg']
[0.384s] Level 1:colcon.colcon_core.package_identification:_identify(src/interfaces_pkg) by extension 'colcon_pkg'
[0.384s] Level 1:colcon.colcon_core.package_identification:_identify(src/interfaces_pkg) by extensions ['colcon_meta']
[0.384s] Level 1:colcon.colcon_core.package_identification:_identify(src/interfaces_pkg) by extension 'colcon_meta'
[0.384s] Level 1:colcon.colcon_core.package_identification:_identify(src/interfaces_pkg) by extensions ['ros']
[0.384s] Level 1:colcon.colcon_core.package_identification:_identify(src/interfaces_pkg) by extension 'ros'
[0.384s] DEBUG:colcon.colcon_core.package_identification:Package 'src/interfaces_pkg' with type 'ros.ament_cmake' and name 'interfaces_pkg'
[0.384s] Level 1:colcon.colcon_core.package_identification:_identify(src/launch_pkg) by extensions ['ignore', 'ignore_ament_install']
[0.384s] Level 1:colcon.colcon_core.package_identification:_identify(src/launch_pkg) by extension 'ignore'
[0.384s] Level 1:colcon.colcon_core.package_identification:_identify(src/launch_pkg) by extension 'ignore_ament_install'
[0.384s] Level 1:colcon.colcon_core.package_identification:_identify(src/launch_pkg) by extensions ['colcon_pkg']
[0.384s] Level 1:colcon.colcon_core.package_identification:_identify(src/launch_pkg) by extension 'colcon_pkg'
[0.384s] Level 1:colcon.colcon_core.package_identification:_identify(src/launch_pkg) by extensions ['colcon_meta']
[0.384s] Level 1:colcon.colcon_core.package_identification:_identify(src/launch_pkg) by extension 'colcon_meta'
[0.385s] Level 1:colcon.colcon_core.package_identification:_identify(src/launch_pkg) by extensions ['ros']
[0.385s] Level 1:colcon.colcon_core.package_identification:_identify(src/launch_pkg) by extension 'ros'
[0.385s] DEBUG:colcon.colcon_core.package_identification:Package 'src/launch_pkg' with type 'ros.ament_cmake' and name 'launch_pkg'
[0.385s] Level 1:colcon.colcon_core.package_identification:_identify(src/lidar_perception_pkg) by extensions ['ignore', 'ignore_ament_install']
[0.385s] Level 1:colcon.colcon_core.package_identification:_identify(src/lidar_perception_pkg) by extension 'ignore'
[0.385s] Level 1:colcon.colcon_core.package_identification:_identify(src/lidar_perception_pkg) by extension 'ignore_ament_install'
[0.385s] Level 1:colcon.colcon_core.package_identification:_identify(src/lidar_perception_pkg) by extensions ['colcon_pkg']
[0.385s] Level 1:colcon.colcon_core.package_identification:_identify(src/lidar_perception_pkg) by extension 'colcon_pkg'
[0.385s] Level 1:colcon.colcon_core.package_identification:_identify(src/lidar_perception_pkg) by extensions ['colcon_meta']
[0.385s] Level 1:colcon.colcon_core.package_identification:_identify(src/lidar_perception_pkg) by extension 'colcon_meta'
[0.385s] Level 1:colcon.colcon_core.package_identification:_identify(src/lidar_perception_pkg) by extensions ['ros']
[0.385s] Level 1:colcon.colcon_core.package_identification:_identify(src/lidar_perception_pkg) by extension 'ros'
[0.386s] DEBUG:colcon.colcon_core.package_identification:Package 'src/lidar_perception_pkg' with type 'ros.ament_python' and name 'lidar_perception_pkg'
[0.386s] Level 1:colcon.colcon_core.package_identification:_identify(src/serial_communication_pkg) by extensions ['ignore', 'ignore_ament_install']
[0.386s] Level 1:colcon.colcon_core.package_identification:_identify(src/serial_communication_pkg) by extension 'ignore'
[0.386s] Level 1:colcon.colcon_core.package_identification:_identify(src/serial_communication_pkg) by extension 'ignore_ament_install'
[0.386s] Level 1:colcon.colcon_core.package_identification:_identify(src/serial_communication_pkg) by extensions ['colcon_pkg']
[0.386s] Level 1:colcon.colcon_core.package_identification:_identify(src/serial_communication_pkg) by extension 'colcon_pkg'
[0.386s] Level 1:colcon.colcon_core.package_identification:_identify(src/serial_communication_pkg) by extensions ['colcon_meta']
[0.386s] Level 1:colcon.colcon_core.package_identification:_identify(src/serial_communication_pkg) by extension 'colcon_meta'
[0.386s] Level 1:colcon.colcon_core.package_identification:_identify(src/serial_communication_pkg) by extensions ['ros']
[0.386s] Level 1:colcon.colcon_core.package_identification:_identify(src/serial_communication_pkg) by extension 'ros'
[0.386s] DEBUG:colcon.colcon_core.package_identification:Package 'src/serial_communication_pkg' with type 'ros.ament_python' and name 'serial_communication_pkg'
[0.386s] Level 1:colcon.colcon_core.package_discovery:discover_packages(recursive) using defaults
[0.386s] Level 1:colcon.colcon_core.package_discovery:discover_packages(ignore) discover
[0.387s] Level 1:colcon.colcon_core.package_discovery:discover_packages(ignore) using defaults
[0.387s] Level 1:colcon.colcon_core.package_discovery:discover_packages(path) discover
[0.387s] Level 1:colcon.colcon_core.package_discovery:discover_packages(path) using defaults
[0.406s] Level 1:colcon.colcon_core.package_discovery:discover_packages(prefix_path) check parameters
[0.406s] Level 1:colcon.colcon_core.package_discovery:discover_packages(prefix_path) discover
[0.409s] DEBUG:colcon.colcon_installed_package_information.package_discovery:Found 271 installed packages in /opt/ros/humble
[0.410s] Level 1:colcon.colcon_core.package_discovery:discover_packages(prefix_path) using defaults
[0.435s] Level 5:colcon.colcon_core.verb:set package 'camera_perception_pkg' build argument 'cmake_args' from command line to 'None'
[0.435s] Level 5:colcon.colcon_core.verb:set package 'camera_perception_pkg' build argument 'cmake_target' from command line to 'None'
[0.435s] Level 5:colcon.colcon_core.verb:set package 'camera_perception_pkg' build argument 'cmake_target_skip_unavailable' from command line to 'False'
[0.435s] Level 5:colcon.colcon_core.verb:set package 'camera_perception_pkg' build argument 'cmake_clean_cache' from command line to 'False'
[0.435s] Level 5:colcon.colcon_core.verb:set package 'camera_perception_pkg' build argument 'cmake_clean_first' from command line to 'False'
[0.435s] Level 5:colcon.colcon_core.verb:set package 'camera_perception_pkg' build argument 'cmake_force_configure' from command line to 'False'
[0.435s] Level 5:colcon.colcon_core.verb:set package 'camera_perception_pkg' build argument 'ament_cmake_args' from command line to 'None'
[0.435s] Level 5:colcon.colcon_core.verb:set package 'camera_perception_pkg' build argument 'catkin_cmake_args' from command line to 'None'
[0.435s] Level 5:colcon.colcon_core.verb:set package 'camera_perception_pkg' build argument 'catkin_skip_building_tests' from command line to 'False'
[0.435s] DEBUG:colcon.colcon_core.verb:Building package 'camera_perception_pkg' with the following arguments: {'ament_cmake_args': None, 'build_base': '/home/sungbhin/AutoSDV_HPC/build/camera_perception_pkg', 'catkin_cmake_args': None, 'catkin_skip_building_tests': False, 'cmake_args': None, 'cmake_clean_cache': False, 'cmake_clean_first': False, 'cmake_force_configure': False, 'cmake_target': None, 'cmake_target_skip_unavailable': False, 'install_base': '/home/sungbhin/AutoSDV_HPC/install/camera_perception_pkg', 'merge_install': False, 'path': '/home/sungbhin/AutoSDV_HPC/src/camera_perception_pkg', 'symlink_install': True, 'test_result_base': None}
[0.435s] Level 5:colcon.colcon_core.verb:set package 'debug_pkg' build argument 'cmake_args' from command line to 'None'
[0.435s] Level 5:colcon.colcon_core.verb:set package 'debug_pkg' build argument 'cmake_target' from command line to 'None'
[0.435s] Level 5:colcon.colcon_core.verb:set package 'debug_pkg' build argument 'cmake_target_skip_unavailable' from command line to 'False'
[0.435s] Level 5:colcon.colcon_core.verb:set package 'debug_pkg' build argument 'cmake_clean_cache' from command line to 'False'
[0.435s] Level 5:colcon.colcon_core.verb:set package 'debug_pkg' build argument 'cmake_clean_first' from command line to 'False'
[0.435s] Level 5:colcon.colcon_core.verb:set package 'debug_pkg' build argument 'cmake_force_configure' from command line to 'False'
[0.435s] Level 5:colcon.colcon_core.verb:set package 'debug_pkg' build argument 'ament_cmake_args' from command line to 'None'
[0.435s] Level 5:colcon.colcon_core.verb:set package 'debug_pkg' build argument 'catkin_cmake_args' from command line to 'None'
[0.435s] Level 5:colcon.colcon_core.verb:set package 'debug_pkg' build argument 'catkin_skip_building_tests' from command line to 'False'
[0.435s] DEBUG:colcon.colcon_core.verb:Building package 'debug_pkg' with the following arguments: {'ament_cmake_args': None, 'build_base': '/home/sungbhin/AutoSDV_HPC/build/debug_pkg', 'catkin_cmake_args': None, 'catkin_skip_building_tests': False, 'cmake_args': None, 'cmake_clean_cache': False, 'cmake_clean_first': False, 'cmake_force_configure': False, 'cmake_target': None, 'cmake_target_skip_unavailable': False, 'install_base': '/home/sungbhin/AutoSDV_HPC/install/debug_pkg', 'merge_install': False, 'path': '/home/sungbhin/AutoSDV_HPC/src/debug_pkg', 'symlink_install': True, 'test_result_base': None}
[0.435s] Level 5:colcon.colcon_core.verb:set package 'decision_making_pkg' build argument 'cmake_args' from command line to 'None'
[0.435s] Level 5:colcon.colcon_core.verb:set package 'decision_making_pkg' build argument 'cmake_target' from command line to 'None'
[0.435s] Level 5:colcon.colcon_core.verb:set package 'decision_making_pkg' build argument 'cmake_target_skip_unavailable' from command line to 'False'
[0.435s] Level 5:colcon.colcon_core.verb:set package 'decision_making_pkg' build argument 'cmake_clean_cache' from command line to 'False'
[0.435s] Level 5:colcon.colcon_core.verb:set package 'decision_making_pkg' build argument 'cmake_clean_first' from command line to 'False'
[0.435s] Level 5:colcon.colcon_core.verb:set package 'decision_making_pkg' build argument 'cmake_force_configure' from command line to 'False'
[0.435s] Level 5:colcon.colcon_core.verb:set package 'decision_making_pkg' build argument 'ament_cmake_args' from command line to 'None'
[0.435s] Level 5:colcon.colcon_core.verb:set package 'decision_making_pkg' build argument 'catkin_cmake_args' from command line to 'None'
[0.435s] Level 5:colcon.colcon_core.verb:set package 'decision_making_pkg' build argument 'catkin_skip_building_tests' from command line to 'False'
[0.435s] DEBUG:colcon.colcon_core.verb:Building package 'decision_making_pkg' with the following arguments: {'ament_cmake_args': None, 'build_base': '/home/sungbhin/AutoSDV_HPC/build/decision_making_pkg', 'catkin_cmake_args': None, 'catkin_skip_building_tests': False, 'cmake_args': None, 'cmake_clean_cache': False, 'cmake_clean_first': False, 'cmake_force_configure': False, 'cmake_target': None, 'cmake_target_skip_unavailable': False, 'install_base': '/home/sungbhin/AutoSDV_HPC/install/decision_making_pkg', 'merge_install': False, 'path': '/home/sungbhin/AutoSDV_HPC/src/decision_making_pkg', 'symlink_install': True, 'test_result_base': None}
[0.436s] Level 5:colcon.colcon_core.verb:set package 'interfaces_pkg' build argument 'cmake_args' from command line to 'None'
[0.436s] Level 5:colcon.colcon_core.verb:set package 'interfaces_pkg' build argument 'cmake_target' from command line to 'None'
[0.436s] Level 5:colcon.colcon_core.verb:set package 'interfaces_pkg' build argument 'cmake_target_skip_unavailable' from command line to 'False'
[0.436s] Level 5:colcon.colcon_core.verb:set package 'interfaces_pkg' build argument 'cmake_clean_cache' from command line to 'False'
[0.436s] Level 5:colcon.colcon_core.verb:set package 'interfaces_pkg' build argument 'cmake_clean_first' from command line to 'False'
[0.436s] Level 5:colcon.colcon_core.verb:set package 'interfaces_pkg' build argument 'cmake_force_configure' from command line to 'False'
[0.436s] Level 5:colcon.colcon_core.verb:set package 'interfaces_pkg' build argument 'ament_cmake_args' from command line to 'None'
[0.436s] Level 5:colcon.colcon_core.verb:set package 'interfaces_pkg' build argument 'catkin_cmake_args' from command line to 'None'
[0.436s] Level 5:colcon.colcon_core.verb:set package 'interfaces_pkg' build argument 'catkin_skip_building_tests' from command line to 'False'
[0.436s] DEBUG:colcon.colcon_core.verb:Building package 'interfaces_pkg' with the following arguments: {'ament_cmake_args': None, 'build_base': '/home/sungbhin/AutoSDV_HPC/build/interfaces_pkg', 'catkin_cmake_args': None, 'catkin_skip_building_tests': False, 'cmake_args': None, 'cmake_clean_cache': False, 'cmake_clean_first': False, 'cmake_force_configure': False, 'cmake_target': None, 'cmake_target_skip_unavailable': False, 'install_base': '/home/sungbhin/AutoSDV_HPC/install/interfaces_pkg', 'merge_install': False, 'path': '/home/sungbhin/AutoSDV_HPC/src/interfaces_pkg', 'symlink_install': True, 'test_result_base': None}
[0.436s] Level 5:colcon.colcon_core.verb:set package 'launch_pkg' build argument 'cmake_args' from command line to 'None'
[0.436s] Level 5:colcon.colcon_core.verb:set package 'launch_pkg' build argument 'cmake_target' from command line to 'None'
[0.436s] Level 5:colcon.colcon_core.verb:set package 'launch_pkg' build argument 'cmake_target_skip_unavailable' from command line to 'False'
[0.436s] Level 5:colcon.colcon_core.verb:set package 'launch_pkg' build argument 'cmake_clean_cache' from command line to 'False'
[0.436s] Level 5:colcon.colcon_core.verb:set package 'launch_pkg' build argument 'cmake_clean_first' from command line to 'False'
[0.436s] Level 5:colcon.colcon_core.verb:set package 'launch_pkg' build argument 'cmake_force_configure' from command line to 'False'
[0.436s] Level 5:colcon.colcon_core.verb:set package 'launch_pkg' build argument 'ament_cmake_args' from command line to 'None'
[0.436s] Level 5:colcon.colcon_core.verb:set package 'launch_pkg' build argument 'catkin_cmake_args' from command line to 'None'
[0.436s] Level 5:colcon.colcon_core.verb:set package 'launch_pkg' build argument 'catkin_skip_building_tests' from command line to 'False'
[0.436s] DEBUG:colcon.colcon_core.verb:Building package 'launch_pkg' with the following arguments: {'ament_cmake_args': None, 'build_base': '/home/sungbhin/AutoSDV_HPC/build/launch_pkg', 'catkin_cmake_args': None, 'catkin_skip_building_tests': False, 'cmake_args': None, 'cmake_clean_cache': False, 'cmake_clean_first': False, 'cmake_force_configure': False, 'cmake_target': None, 'cmake_target_skip_unavailable': False, 'install_base': '/home/sungbhin/AutoSDV_HPC/install/launch_pkg', 'merge_install': False, 'path': '/home/sungbhin/AutoSDV_HPC/src/launch_pkg', 'symlink_install': True, 'test_result_base': None}
[0.436s] Level 5:colcon.colcon_core.verb:set package 'lidar_perception_pkg' build argument 'cmake_args' from command line to 'None'
[0.436s] Level 5:colcon.colcon_core.verb:set package 'lidar_perception_pkg' build argument 'cmake_target' from command line to 'None'
[0.436s] Level 5:colcon.colcon_core.verb:set package 'lidar_perception_pkg' build argument 'cmake_target_skip_unavailable' from command line to 'False'
[0.436s] Level 5:colcon.colcon_core.verb:set package 'lidar_perception_pkg' build argument 'cmake_clean_cache' from command line to 'False'
[0.436s] Level 5:colcon.colcon_core.verb:set package 'lidar_perception_pkg' build argument 'cmake_clean_first' from command line to 'False'
[0.436s] Level 5:colcon.colcon_core.verb:set package 'lidar_perception_pkg' build argument 'cmake_force_configure' from command line to 'False'
[0.436s] Level 5:colcon.colcon_core.verb:set package 'lidar_perception_pkg' build argument 'ament_cmake_args' from command line to 'None'
[0.436s] Level 5:colcon.colcon_core.verb:set package 'lidar_perception_pkg' build argument 'catkin_cmake_args' from command line to 'None'
[0.436s] Level 5:colcon.colcon_core.verb:set package 'lidar_perception_pkg' build argument 'catkin_skip_building_tests' from command line to 'False'
[0.436s] DEBUG:colcon.colcon_core.verb:Building package 'lidar_perception_pkg' with the following arguments: {'ament_cmake_args': None, 'build_base': '/home/sungbhin/AutoSDV_HPC/build/lidar_perception_pkg', 'catkin_cmake_args': None, 'catkin_skip_building_tests': False, 'cmake_args': None, 'cmake_clean_cache': False, 'cmake_clean_first': False, 'cmake_force_configure': False, 'cmake_target': None, 'cmake_target_skip_unavailable': False, 'install_base': '/home/sungbhin/AutoSDV_HPC/install/lidar_perception_pkg', 'merge_install': False, 'path': '/home/sungbhin/AutoSDV_HPC/src/lidar_perception_pkg', 'symlink_install': True, 'test_result_base': None}
[0.437s] Level 5:colcon.colcon_core.verb:set package 'serial_communication_pkg' build argument 'cmake_args' from command line to 'None'
[0.437s] Level 5:colcon.colcon_core.verb:set package 'serial_communication_pkg' build argument 'cmake_target' from command line to 'None'
[0.437s] Level 5:colcon.colcon_core.verb:set package 'serial_communication_pkg' build argument 'cmake_target_skip_unavailable' from command line to 'False'
[0.437s] Level 5:colcon.colcon_core.verb:set package 'serial_communication_pkg' build argument 'cmake_clean_cache' from command line to 'False'
[0.437s] Level 5:colcon.colcon_core.verb:set package 'serial_communication_pkg' build argument 'cmake_clean_first' from command line to 'False'
[0.437s] Level 5:colcon.colcon_core.verb:set package 'serial_communication_pkg' build argument 'cmake_force_configure' from command line to 'False'
[0.437s] Level 5:colcon.colcon_core.verb:set package 'serial_communication_pkg' build argument 'ament_cmake_args' from command line to 'None'
[0.437s] Level 5:colcon.colcon_core.verb:set package 'serial_communication_pkg' build argument 'catkin_cmake_args' from command line to 'None'
[0.437s] Level 5:colcon.colcon_core.verb:set package 'serial_communication_pkg' build argument 'catkin_skip_building_tests' from command line to 'False'
[0.437s] DEBUG:colcon.colcon_core.verb:Building package 'serial_communication_pkg' with the following arguments: {'ament_cmake_args': None, 'build_base': '/home/sungbhin/AutoSDV_HPC/build/serial_communication_pkg', 'catkin_cmake_args': None, 'catkin_skip_building_tests': False, 'cmake_args': None, 'cmake_clean_cache': False, 'cmake_clean_first': False, 'cmake_force_configure': False, 'cmake_target': None, 'cmake_target_skip_unavailable': False, 'install_base': '/home/sungbhin/AutoSDV_HPC/install/serial_communication_pkg', 'merge_install': False, 'path': '/home/sungbhin/AutoSDV_HPC/src/serial_communication_pkg', 'symlink_install': True, 'test_result_base': None}
[0.437s] Level 5:colcon.colcon_core.verb:set package 'data_collection_pkg' build argument 'cmake_args' from command line to 'None'
[0.437s] Level 5:colcon.colcon_core.verb:set package 'data_collection_pkg' build argument 'cmake_target' from command line to 'None'
[0.437s] Level 5:colcon.colcon_core.verb:set package 'data_collection_pkg' build argument 'cmake_target_skip_unavailable' from command line to 'False'
[0.437s] Level 5:colcon.colcon_core.verb:set package 'data_collection_pkg' build argument 'cmake_clean_cache' from command line to 'False'
[0.437s] Level 5:colcon.colcon_core.verb:set package 'data_collection_pkg' build argument 'cmake_clean_first' from command line to 'False'
[0.437s] Level 5:colcon.colcon_core.verb:set package 'data_collection_pkg' build argument 'cmake_force_configure' from command line to 'False'
[0.437s] Level 5:colcon.colcon_core.verb:set package 'data_collection_pkg' build argument 'ament_cmake_args' from command line to 'None'
[0.437s] Level 5:colcon.colcon_core.verb:set package 'data_collection_pkg' build argument 'catkin_cmake_args' from command line to 'None'
[0.437s] Level 5:colcon.colcon_core.verb:set package 'data_collection_pkg' build argument 'catkin_skip_building_tests' from command line to 'False'
[0.437s] DEBUG:colcon.colcon_core.verb:Building package 'data_collection_pkg' with the following arguments: {'ament_cmake_args': None, 'build_base': '/home/sungbhin/AutoSDV_HPC/build/data_collection_pkg', 'catkin_cmake_args': None, 'catkin_skip_building_tests': False, 'cmake_args': None, 'cmake_clean_cache': False, 'cmake_clean_first': False, 'cmake_force_configure': False, 'cmake_target': None, 'cmake_target_skip_unavailable': False, 'install_base': '/home/sungbhin/AutoSDV_HPC/install/data_collection_pkg', 'merge_install': False, 'path': '/home/sungbhin/AutoSDV_HPC/src/data_collection_pkg', 'symlink_install': True, 'test_result_base': None}
[0.437s] INFO:colcon.colcon_core.executor:Executing jobs using 'parallel' executor
[0.438s] DEBUG:colcon.colcon_parallel_executor.executor.parallel:run_until_complete
[0.438s] INFO:colcon.colcon_ros.task.ament_cmake.build:Building ROS package in '/home/sungbhin/AutoSDV_HPC/src/interfaces_pkg' with build type 'ament_cmake'
[0.439s] INFO:colcon.colcon_cmake.task.cmake.build:Building CMake package in '/home/sungbhin/AutoSDV_HPC/src/interfaces_pkg'
[0.442s] INFO:colcon.colcon_core.plugin_system:Skipping extension 'colcon_core.shell.bat': Not used on non-Windows systems
[0.442s] INFO:colcon.colcon_core.shell:Skip shell extension 'powershell' for command environment: Not usable outside of PowerShell
[0.442s] DEBUG:colcon.colcon_core.shell:Skip shell extension 'dsv' for command environment
[0.444s] INFO:colcon.colcon_ros.task.ament_python.build:Building ROS package in '/home/sungbhin/AutoSDV_HPC/src/camera_perception_pkg' with build type 'ament_python'
[0.445s] Level 1:colcon.colcon_core.shell:create_environment_hook('camera_perception_pkg', 'ament_prefix_path')
[0.445s] INFO:colcon.colcon_core.shell:Creating environment hook '/home/sungbhin/AutoSDV_HPC/install/camera_perception_pkg/share/camera_perception_pkg/hook/ament_prefix_path.ps1'
[0.446s] INFO:colcon.colcon_core.shell:Creating environment descriptor '/home/sungbhin/AutoSDV_HPC/install/camera_perception_pkg/share/camera_perception_pkg/hook/ament_prefix_path.dsv'
[0.446s] INFO:colcon.colcon_core.shell:Creating environment hook '/home/sungbhin/AutoSDV_HPC/install/camera_perception_pkg/share/camera_perception_pkg/hook/ament_prefix_path.sh'
[0.447s] INFO:colcon.colcon_core.shell:Skip shell extension 'powershell' for command environment: Not usable outside of PowerShell
[0.447s] DEBUG:colcon.colcon_core.shell:Skip shell extension 'dsv' for command environment
[0.449s] INFO:colcon.colcon_ros.task.ament_python.build:Building ROS package in '/home/sungbhin/AutoSDV_HPC/src/debug_pkg' with build type 'ament_python'
[0.449s] Level 1:colcon.colcon_core.shell:create_environment_hook('debug_pkg', 'ament_prefix_path')
[0.449s] INFO:colcon.colcon_core.shell:Creating environment hook '/home/sungbhin/AutoSDV_HPC/install/debug_pkg/share/debug_pkg/hook/ament_prefix_path.ps1'
[0.450s] INFO:colcon.colcon_core.shell:Creating environment descriptor '/home/sungbhin/AutoSDV_HPC/install/debug_pkg/share/debug_pkg/hook/ament_prefix_path.dsv'
[0.450s] INFO:colcon.colcon_core.shell:Creating environment hook '/home/sungbhin/AutoSDV_HPC/install/debug_pkg/share/debug_pkg/hook/ament_prefix_path.sh'
[0.450s] INFO:colcon.colcon_core.shell:Skip shell extension 'powershell' for command environment: Not usable outside of PowerShell
[0.450s] DEBUG:colcon.colcon_core.shell:Skip shell extension 'dsv' for command environment
[0.453s] INFO:colcon.colcon_ros.task.ament_python.build:Building ROS package in '/home/sungbhin/AutoSDV_HPC/src/decision_making_pkg' with build type 'ament_python'
[0.453s] Level 1:colcon.colcon_core.shell:create_environment_hook('decision_making_pkg', 'ament_prefix_path')
[0.453s] INFO:colcon.colcon_core.shell:Creating environment hook '/home/sungbhin/AutoSDV_HPC/install/decision_making_pkg/share/decision_making_pkg/hook/ament_prefix_path.ps1'
[0.454s] INFO:colcon.colcon_core.shell:Creating environment descriptor '/home/sungbhin/AutoSDV_HPC/install/decision_making_pkg/share/decision_making_pkg/hook/ament_prefix_path.dsv'
[0.454s] INFO:colcon.colcon_core.shell:Creating environment hook '/home/sungbhin/AutoSDV_HPC/install/decision_making_pkg/share/decision_making_pkg/hook/ament_prefix_path.sh'
[0.454s] INFO:colcon.colcon_core.shell:Skip shell extension 'powershell' for command environment: Not usable outside of PowerShell
[0.454s] DEBUG:colcon.colcon_core.shell:Skip shell extension 'dsv' for command environment
[0.457s] INFO:colcon.colcon_ros.task.ament_cmake.build:Building ROS package in '/home/sungbhin/AutoSDV_HPC/src/launch_pkg' with build type 'ament_cmake'
[0.457s] INFO:colcon.colcon_cmake.task.cmake.build:Building CMake package in '/home/sungbhin/AutoSDV_HPC/src/launch_pkg'
[0.457s] INFO:colcon.colcon_core.shell:Skip shell extension 'powershell' for command environment: Not usable outside of PowerShell
[0.457s] DEBUG:colcon.colcon_core.shell:Skip shell extension 'dsv' for command environment
[0.460s] INFO:colcon.colcon_ros.task.ament_python.build:Building ROS package in '/home/sungbhin/AutoSDV_HPC/src/lidar_perception_pkg' with build type 'ament_python'
[0.460s] Level 1:colcon.colcon_core.shell:create_environment_hook('lidar_perception_pkg', 'ament_prefix_path')
[0.460s] INFO:colcon.colcon_core.shell:Creating environment hook '/home/sungbhin/AutoSDV_HPC/install/lidar_perception_pkg/share/lidar_perception_pkg/hook/ament_prefix_path.ps1'
[0.460s] INFO:colcon.colcon_core.shell:Creating environment descriptor '/home/sungbhin/AutoSDV_HPC/install/lidar_perception_pkg/share/lidar_perception_pkg/hook/ament_prefix_path.dsv'
[0.461s] INFO:colcon.colcon_core.shell:Creating environment hook '/home/sungbhin/AutoSDV_HPC/install/lidar_perception_pkg/share/lidar_perception_pkg/hook/ament_prefix_path.sh'
[0.461s] INFO:colcon.colcon_core.shell:Skip shell extension 'powershell' for command environment: Not usable outside of PowerShell
[0.461s] DEBUG:colcon.colcon_core.shell:Skip shell extension 'dsv' for command environment
[0.463s] INFO:colcon.colcon_ros.task.ament_python.build:Building ROS package in '/home/sungbhin/AutoSDV_HPC/src/serial_communication_pkg' with build type 'ament_python'
[0.463s] Level 1:colcon.colcon_core.shell:create_environment_hook('serial_communication_pkg', 'ament_prefix_path')
[0.463s] INFO:colcon.colcon_core.shell:Creating environment hook '/home/sungbhin/AutoSDV_HPC/install/serial_communication_pkg/share/serial_communication_pkg/hook/ament_prefix_path.ps1'
[0.464s] INFO:colcon.colcon_core.shell:Creating environment descriptor '/home/sungbhin/AutoSDV_HPC/install/serial_communication_pkg/share/serial_communication_pkg/hook/ament_prefix_path.dsv'
[0.464s] INFO:colcon.colcon_core.shell:Creating environment hook '/home/sungbhin/AutoSDV_HPC/install/serial_communication_pkg/share/serial_communication_pkg/hook/ament_prefix_path.sh'
[0.464s] INFO:colcon.colcon_core.shell:Skip shell extension 'powershell' for command environment: Not usable outside of PowerShell
[0.464s] DEBUG:colcon.colcon_core.shell:Skip shell extension 'dsv' for command environment
[0.471s] DEBUG:colcon.colcon_core.event_handler.log_command:Invoking command in '/home/sungbhin/AutoSDV_HPC/build/interfaces_pkg': CMAKE_PREFIX_PATH=/opt/ros/humble /usr/local/bin/cmake --build /home/sungbhin/AutoSDV_HPC/build/interfaces_pkg -- -j16 -l16
[0.724s] INFO:colcon.colcon_core.task.python.build:Building Python package in '/home/sungbhin/AutoSDV_HPC/src/camera_perception_pkg'
[0.724s] INFO:colcon.colcon_core.shell:Skip shell extension 'powershell' for command environment: Not usable outside of PowerShell
[0.724s] DEBUG:colcon.colcon_core.shell:Skip shell extension 'dsv' for command environment
[0.953s] INFO:colcon.colcon_core.task.python.build:Building Python package in '/home/sungbhin/AutoSDV_HPC/src/debug_pkg'
[0.953s] INFO:colcon.colcon_core.shell:Skip shell extension 'powershell' for command environment: Not usable outside of PowerShell
[0.953s] DEBUG:colcon.colcon_core.shell:Skip shell extension 'dsv' for command environment
[1.198s] INFO:colcon.colcon_core.task.python.build:Building Python package in '/home/sungbhin/AutoSDV_HPC/src/decision_making_pkg'
[1.198s] INFO:colcon.colcon_core.shell:Skip shell extension 'powershell' for command environment: Not usable outside of PowerShell
[1.198s] DEBUG:colcon.colcon_core.shell:Skip shell extension 'dsv' for command environment
[1.205s] DEBUG:colcon.colcon_core.event_handler.log_command:Invoking command in '/home/sungbhin/AutoSDV_HPC/build/launch_pkg': CMAKE_PREFIX_PATH=/opt/ros/humble /usr/local/bin/cmake --build /home/sungbhin/AutoSDV_HPC/build/launch_pkg -- -j16 -l16
[1.452s] INFO:colcon.colcon_core.task.python.build:Building Python package in '/home/sungbhin/AutoSDV_HPC/src/lidar_perception_pkg'
[1.453s] INFO:colcon.colcon_core.shell:Skip shell extension 'powershell' for command environment: Not usable outside of PowerShell
[1.453s] DEBUG:colcon.colcon_core.shell:Skip shell extension 'dsv' for command environment
[1.462s] DEBUG:colcon.colcon_core.event_handler.log_command:Invoked command in '/home/sungbhin/AutoSDV_HPC/build/launch_pkg' returned '0': CMAKE_PREFIX_PATH=/opt/ros/humble /usr/local/bin/cmake --build /home/sungbhin/AutoSDV_HPC/build/launch_pkg -- -j16 -l16
[1.471s] DEBUG:colcon.colcon_core.event_handler.log_command:Invoking command in '/home/sungbhin/AutoSDV_HPC/build/launch_pkg': CMAKE_PREFIX_PATH=/opt/ros/humble /usr/local/bin/cmake --install /home/sungbhin/AutoSDV_HPC/build/launch_pkg
[1.711s] INFO:colcon.colcon_core.task.python.build:Building Python package in '/home/sungbhin/AutoSDV_HPC/src/serial_communication_pkg'
[1.711s] INFO:colcon.colcon_core.shell:Skip shell extension 'powershell' for command environment: Not usable outside of PowerShell
[1.711s] DEBUG:colcon.colcon_core.shell:Skip shell extension 'dsv' for command environment
[1.724s] Level 1:colcon.colcon_core.environment:create_environment_scripts_only(launch_pkg)
[1.724s] DEBUG:colcon.colcon_core.event_handler.log_command:Invoked command in '/home/sungbhin/AutoSDV_HPC/build/launch_pkg' returned '0': CMAKE_PREFIX_PATH=/opt/ros/humble /usr/local/bin/cmake --install /home/sungbhin/AutoSDV_HPC/build/launch_pkg
[1.729s] Level 1:colcon.colcon_core.environment:checking '/home/sungbhin/AutoSDV_HPC/install/launch_pkg' for CMake module files
[1.730s] Level 1:colcon.colcon_core.environment:checking '/home/sungbhin/AutoSDV_HPC/install/launch_pkg' for CMake config files
[1.731s] Level 1:colcon.colcon_core.shell:create_environment_hook('launch_pkg', 'cmake_prefix_path')
[1.731s] INFO:colcon.colcon_core.shell:Creating environment hook '/home/sungbhin/AutoSDV_HPC/install/launch_pkg/share/launch_pkg/hook/cmake_prefix_path.ps1'
[1.732s] INFO:colcon.colcon_core.shell:Creating environment descriptor '/home/sungbhin/AutoSDV_HPC/install/launch_pkg/share/launch_pkg/hook/cmake_prefix_path.dsv'
[1.732s] INFO:colcon.colcon_core.shell:Creating environment hook '/home/sungbhin/AutoSDV_HPC/install/launch_pkg/share/launch_pkg/hook/cmake_prefix_path.sh'
[1.733s] Level 1:colcon.colcon_core.environment:checking '/home/sungbhin/AutoSDV_HPC/install/launch_pkg/bin'
[1.733s] Level 1:colcon.colcon_core.environment:checking '/home/sungbhin/AutoSDV_HPC/install/launch_pkg/lib/pkgconfig/launch_pkg.pc'
[1.734s] Level 1:colcon.colcon_core.environment:checking '/home/sungbhin/AutoSDV_HPC/install/launch_pkg/lib/python3.10/site-packages'
[1.734s] Level 1:colcon.colcon_core.environment:checking '/home/sungbhin/AutoSDV_HPC/install/launch_pkg/bin'
[1.734s] INFO:colcon.colcon_core.shell:Creating package script '/home/sungbhin/AutoSDV_HPC/install/launch_pkg/share/launch_pkg/package.ps1'
[1.736s] INFO:colcon.colcon_core.shell:Creating package descriptor '/home/sungbhin/AutoSDV_HPC/install/launch_pkg/share/launch_pkg/package.dsv'
[1.736s] INFO:colcon.colcon_core.shell:Creating package script '/home/sungbhin/AutoSDV_HPC/install/launch_pkg/share/launch_pkg/package.sh'
[1.737s] INFO:colcon.colcon_core.shell:Creating package script '/home/sungbhin/AutoSDV_HPC/install/launch_pkg/share/launch_pkg/package.bash'
[1.739s] INFO:colcon.colcon_core.shell:Creating package script '/home/sungbhin/AutoSDV_HPC/install/launch_pkg/share/launch_pkg/package.zsh'
[1.740s] Level 1:colcon.colcon_core.environment:create_file_with_runtime_dependencies(/home/sungbhin/AutoSDV_HPC/install/launch_pkg/share/colcon-core/packages/launch_pkg)
[1.741s] Level 1:colcon.colcon_core.environment:create_environment_scripts_only(launch_pkg)
[1.741s] Level 1:colcon.colcon_core.environment:checking '/home/sungbhin/AutoSDV_HPC/install/launch_pkg' for CMake module files
[1.742s] Level 1:colcon.colcon_core.environment:checking '/home/sungbhin/AutoSDV_HPC/install/launch_pkg' for CMake config files
[1.742s] Level 1:colcon.colcon_core.shell:create_environment_hook('launch_pkg', 'cmake_prefix_path')
[1.742s] INFO:colcon.colcon_core.shell:Creating environment hook '/home/sungbhin/AutoSDV_HPC/install/launch_pkg/share/launch_pkg/hook/cmake_prefix_path.ps1'
[1.743s] INFO:colcon.colcon_core.shell:Creating environment descriptor '/home/sungbhin/AutoSDV_HPC/install/launch_pkg/share/launch_pkg/hook/cmake_prefix_path.dsv'
[1.744s] INFO:colcon.colcon_core.shell:Creating environment hook '/home/sungbhin/AutoSDV_HPC/install/launch_pkg/share/launch_pkg/hook/cmake_prefix_path.sh'
[1.745s] Level 1:colcon.colcon_core.environment:checking '/home/sungbhin/AutoSDV_HPC/install/launch_pkg/bin'
[1.745s] Level 1:colcon.colcon_core.environment:checking '/home/sungbhin/AutoSDV_HPC/install/launch_pkg/lib/pkgconfig/launch_pkg.pc'
[1.745s] Level 1:colcon.colcon_core.environment:checking '/home/sungbhin/AutoSDV_HPC/install/launch_pkg/lib/python3.10/site-packages'
[1.745s] Level 1:colcon.colcon_core.environment:checking '/home/sungbhin/AutoSDV_HPC/install/launch_pkg/bin'
[1.746s] INFO:colcon.colcon_core.shell:Creating package script '/home/sungbhin/AutoSDV_HPC/install/launch_pkg/share/launch_pkg/package.ps1'
[1.746s] INFO:colcon.colcon_core.shell:Creating package descriptor '/home/sungbhin/AutoSDV_HPC/install/launch_pkg/share/launch_pkg/package.dsv'
[1.747s] INFO:colcon.colcon_core.shell:Creating package script '/home/sungbhin/AutoSDV_HPC/install/launch_pkg/share/launch_pkg/package.sh'
[1.747s] INFO:colcon.colcon_core.shell:Creating package script '/home/sungbhin/AutoSDV_HPC/install/launch_pkg/share/launch_pkg/package.bash'
[1.748s] INFO:colcon.colcon_core.shell:Creating package script '/home/sungbhin/AutoSDV_HPC/install/launch_pkg/share/launch_pkg/package.zsh'
[1.748s] Level 1:colcon.colcon_core.environment:create_file_with_runtime_dependencies(/home/sungbhin/AutoSDV_HPC/install/launch_pkg/share/colcon-core/packages/launch_pkg)
[2.248s] DEBUG:colcon.colcon_core.event_handler.log_command:Invoking command in '/home/sungbhin/AutoSDV_HPC/build/lidar_perception_pkg': PYTHONPATH=/home/sungbhin/AutoSDV_HPC/build/lidar_perception_pkg/prefix_override:/usr/lib/python3/dist-packages/colcon_core/task/python/colcon_distutils_commands:/home/sungbhin/AutoSDV_HPC/install/lidar_perception_pkg/lib/python3.10/site-packages:${PYTHONPATH} /usr/bin/python3 -W ignore:setup.py install is deprecated -W ignore:easy_install command is deprecated setup.py develop --editable --build-directory /home/sungbhin/AutoSDV_HPC/build/lidar_perception_pkg/build --no-deps symlink_data
[2.250s] DEBUG:colcon.colcon_core.event_handler.log_command:Invoking command in '/home/sungbhin/AutoSDV_HPC/build/debug_pkg': PYTHONPATH=/home/sungbhin/AutoSDV_HPC/build/debug_pkg/prefix_override:/usr/lib/python3/dist-packages/colcon_core/task/python/colcon_distutils_commands:/home/sungbhin/AutoSDV_HPC/install/debug_pkg/lib/python3.10/site-packages:${PYTHONPATH} /usr/bin/python3 -W ignore:setup.py install is deprecated -W ignore:easy_install command is deprecated setup.py develop --editable --build-directory /home/sungbhin/AutoSDV_HPC/build/debug_pkg/build --no-deps symlink_data
[2.254s] DEBUG:colcon.colcon_core.event_handler.log_command:Invoking command in '/home/sungbhin/AutoSDV_HPC/build/camera_perception_pkg': PYTHONPATH=/home/sungbhin/AutoSDV_HPC/build/camera_perception_pkg/prefix_override:/usr/lib/python3/dist-packages/colcon_core/task/python/colcon_distutils_commands:/home/sungbhin/AutoSDV_HPC/install/camera_perception_pkg/lib/python3.10/site-packages:${PYTHONPATH} /usr/bin/python3 -W ignore:setup.py install is deprecated -W ignore:easy_install command is deprecated setup.py develop --editable --build-directory /home/sungbhin/AutoSDV_HPC/build/camera_perception_pkg/build --no-deps symlink_data
[2.257s] DEBUG:colcon.colcon_core.event_handler.log_command:Invoking command in '/home/sungbhin/AutoSDV_HPC/build/serial_communication_pkg': PYTHONPATH=/home/sungbhin/AutoSDV_HPC/build/serial_communication_pkg/prefix_override:/usr/lib/python3/dist-packages/colcon_core/task/python/colcon_distutils_commands:/home/sungbhin/AutoSDV_HPC/install/serial_communication_pkg/lib/python3.10/site-packages:${PYTHONPATH} /usr/bin/python3 -W ignore:setup.py install is deprecated -W ignore:easy_install command is deprecated setup.py develop --editable --build-directory /home/sungbhin/AutoSDV_HPC/build/serial_communication_pkg/build --no-deps symlink_data
[2.262s] DEBUG:colcon.colcon_core.event_handler.log_command:Invoking command in '/home/sungbhin/AutoSDV_HPC/build/decision_making_pkg': PYTHONPATH=/home/sungbhin/AutoSDV_HPC/build/decision_making_pkg/prefix_override:/usr/lib/python3/dist-packages/colcon_core/task/python/colcon_distutils_commands:/home/sungbhin/AutoSDV_HPC/install/decision_making_pkg/lib/python3.10/site-packages:${PYTHONPATH} /usr/bin/python3 -W ignore:setup.py install is deprecated -W ignore:easy_install command is deprecated setup.py develop --editable --build-directory /home/sungbhin/AutoSDV_HPC/build/decision_making_pkg/build --no-deps symlink_data
[2.889s] Level 1:colcon.colcon_core.shell:create_environment_hook('decision_making_pkg', 'pythonpath_develop')
[2.892s] INFO:colcon.colcon_core.shell:Creating environment hook '/home/sungbhin/AutoSDV_HPC/build/decision_making_pkg/share/decision_making_pkg/hook/pythonpath_develop.ps1'
[2.892s] DEBUG:colcon.colcon_core.event_handler.log_command:Invoked command in '/home/sungbhin/AutoSDV_HPC/build/decision_making_pkg' returned '0': PYTHONPATH=/home/sungbhin/AutoSDV_HPC/build/decision_making_pkg/prefix_override:/usr/lib/python3/dist-packages/colcon_core/task/python/colcon_distutils_commands:/home/sungbhin/AutoSDV_HPC/install/decision_making_pkg/lib/python3.10/site-packages:${PYTHONPATH} /usr/bin/python3 -W ignore:setup.py install is deprecated -W ignore:easy_install command is deprecated setup.py develop --editable --build-directory /home/sungbhin/AutoSDV_HPC/build/decision_making_pkg/build --no-deps symlink_data
[2.893s] INFO:colcon.colcon_core.shell:Creating environment descriptor '/home/sungbhin/AutoSDV_HPC/build/decision_making_pkg/share/decision_making_pkg/hook/pythonpath_develop.dsv'
[2.893s] INFO:colcon.colcon_core.shell:Creating environment hook '/home/sungbhin/AutoSDV_HPC/build/decision_making_pkg/share/decision_making_pkg/hook/pythonpath_develop.sh'
[2.895s] Level 1:colcon.colcon_core.environment:checking '/home/sungbhin/AutoSDV_HPC/install/decision_making_pkg' for CMake module files
[2.895s] Level 1:colcon.colcon_core.environment:checking '/home/sungbhin/AutoSDV_HPC/install/decision_making_pkg' for CMake config files
[2.896s] Level 1:colcon.colcon_core.environment:checking '/home/sungbhin/AutoSDV_HPC/install/decision_making_pkg/lib'
[2.897s] Level 1:colcon.colcon_core.environment:checking '/home/sungbhin/AutoSDV_HPC/install/decision_making_pkg/bin'
[2.897s] Level 1:colcon.colcon_core.environment:checking '/home/sungbhin/AutoSDV_HPC/install/decision_making_pkg/lib/pkgconfig/decision_making_pkg.pc'
[2.897s] Level 1:colcon.colcon_core.environment:checking '/home/sungbhin/AutoSDV_HPC/install/decision_making_pkg/lib/python3.10/site-packages'
[2.897s] Level 1:colcon.colcon_core.shell:create_environment_hook('decision_making_pkg', 'pythonpath')
[2.898s] INFO:colcon.colcon_core.shell:Creating environment hook '/home/sungbhin/AutoSDV_HPC/install/decision_making_pkg/share/decision_making_pkg/hook/pythonpath.ps1'
[2.899s] INFO:colcon.colcon_core.shell:Creating environment descriptor '/home/sungbhin/AutoSDV_HPC/install/decision_making_pkg/share/decision_making_pkg/hook/pythonpath.dsv'
[2.899s] INFO:colcon.colcon_core.shell:Creating environment hook '/home/sungbhin/AutoSDV_HPC/install/decision_making_pkg/share/decision_making_pkg/hook/pythonpath.sh'
[2.900s] Level 1:colcon.colcon_core.environment:checking '/home/sungbhin/AutoSDV_HPC/install/decision_making_pkg/bin'
[2.900s] Level 1:colcon.colcon_core.environment:create_environment_scripts_only(decision_making_pkg)
[2.901s] INFO:colcon.colcon_core.shell:Creating package script '/home/sungbhin/AutoSDV_HPC/install/decision_making_pkg/share/decision_making_pkg/package.ps1'
[2.902s] INFO:colcon.colcon_core.shell:Creating package descriptor '/home/sungbhin/AutoSDV_HPC/install/decision_making_pkg/share/decision_making_pkg/package.dsv'
[2.902s] INFO:colcon.colcon_core.shell:Creating package script '/home/sungbhin/AutoSDV_HPC/install/decision_making_pkg/share/decision_making_pkg/package.sh'
[2.903s] INFO:colcon.colcon_core.shell:Creating package script '/home/sungbhin/AutoSDV_HPC/install/decision_making_pkg/share/decision_making_pkg/package.bash'
[2.904s] INFO:colcon.colcon_core.shell:Creating package script '/home/sungbhin/AutoSDV_HPC/install/decision_making_pkg/share/decision_making_pkg/package.zsh'
[2.904s] Level 1:colcon.colcon_core.environment:create_file_with_runtime_dependencies(/home/sungbhin/AutoSDV_HPC/install/decision_making_pkg/share/colcon-core/packages/decision_making_pkg)
[2.918s] Level 1:colcon.colcon_core.shell:create_environment_hook('lidar_perception_pkg', 'pythonpath_develop')
[2.919s] INFO:colcon.colcon_core.shell:Creating environment hook '/home/sungbhin/AutoSDV_HPC/build/lidar_perception_pkg/share/lidar_perception_pkg/hook/pythonpath_develop.ps1'
[2.922s] DEBUG:colcon.colcon_core.event_handler.log_command:Invoked command in '/home/sungbhin/AutoSDV_HPC/build/lidar_perception_pkg' returned '0': PYTHONPATH=/home/sungbhin/AutoSDV_HPC/build/lidar_perception_pkg/prefix_override:/usr/lib/python3/dist-packages/colcon_core/task/python/colcon_distutils_commands:/home/sungbhin/AutoSDV_HPC/install/lidar_perception_pkg/lib/python3.10/site-packages:${PYTHONPATH} /usr/bin/python3 -W ignore:setup.py install is deprecated -W ignore:easy_install command is deprecated setup.py develop --editable --build-directory /home/sungbhin/AutoSDV_HPC/build/lidar_perception_pkg/build --no-deps symlink_data
[2.923s] INFO:colcon.colcon_core.shell:Creating environment descriptor '/home/sungbhin/AutoSDV_HPC/build/lidar_perception_pkg/share/lidar_perception_pkg/hook/pythonpath_develop.dsv'
[2.924s] INFO:colcon.colcon_core.shell:Creating environment hook '/home/sungbhin/AutoSDV_HPC/build/lidar_perception_pkg/share/lidar_perception_pkg/hook/pythonpath_develop.sh'
[2.926s] Level 1:colcon.colcon_core.environment:checking '/home/sungbhin/AutoSDV_HPC/install/lidar_perception_pkg' for CMake module files
[2.926s] Level 1:colcon.colcon_core.environment:checking '/home/sungbhin/AutoSDV_HPC/install/lidar_perception_pkg' for CMake config files
[2.927s] Level 1:colcon.colcon_core.environment:checking '/home/sungbhin/AutoSDV_HPC/install/lidar_perception_pkg/lib'
[2.927s] Level 1:colcon.colcon_core.environment:checking '/home/sungbhin/AutoSDV_HPC/install/lidar_perception_pkg/bin'
[2.927s] Level 1:colcon.colcon_core.environment:checking '/home/sungbhin/AutoSDV_HPC/install/lidar_perception_pkg/lib/pkgconfig/lidar_perception_pkg.pc'
[2.928s] Level 1:colcon.colcon_core.environment:checking '/home/sungbhin/AutoSDV_HPC/install/lidar_perception_pkg/lib/python3.10/site-packages'
[2.928s] Level 1:colcon.colcon_core.shell:create_environment_hook('lidar_perception_pkg', 'pythonpath')
[2.928s] INFO:colcon.colcon_core.shell:Creating environment hook '/home/sungbhin/AutoSDV_HPC/install/lidar_perception_pkg/share/lidar_perception_pkg/hook/pythonpath.ps1'
[2.929s] INFO:colcon.colcon_core.shell:Creating environment descriptor '/home/sungbhin/AutoSDV_HPC/install/lidar_perception_pkg/share/lidar_perception_pkg/hook/pythonpath.dsv'
[2.929s] INFO:colcon.colcon_core.shell:Creating environment hook '/home/sungbhin/AutoSDV_HPC/install/lidar_perception_pkg/share/lidar_perception_pkg/hook/pythonpath.sh'
[2.929s] Level 1:colcon.colcon_core.environment:checking '/home/sungbhin/AutoSDV_HPC/install/lidar_perception_pkg/bin'
[2.930s] Level 1:colcon.colcon_core.environment:create_environment_scripts_only(lidar_perception_pkg)
[2.930s] INFO:colcon.colcon_core.shell:Creating package script '/home/sungbhin/AutoSDV_HPC/install/lidar_perception_pkg/share/lidar_perception_pkg/package.ps1'
[2.931s] INFO:colcon.colcon_core.shell:Creating package descriptor '/home/sungbhin/AutoSDV_HPC/install/lidar_perception_pkg/share/lidar_perception_pkg/package.dsv'
[2.931s] INFO:colcon.colcon_core.shell:Creating package script '/home/sungbhin/AutoSDV_HPC/install/lidar_perception_pkg/share/lidar_perception_pkg/package.sh'
[2.932s] INFO:colcon.colcon_core.shell:Creating package script '/home/sungbhin/AutoSDV_HPC/install/lidar_perception_pkg/share/lidar_perception_pkg/package.bash'
[2.932s] INFO:colcon.colcon_core.shell:Creating package script '/home/sungbhin/AutoSDV_HPC/install/lidar_perception_pkg/share/lidar_perception_pkg/package.zsh'
[2.932s] Level 1:colcon.colcon_core.environment:create_file_with_runtime_dependencies(/home/sungbhin/AutoSDV_HPC/install/lidar_perception_pkg/share/colcon-core/packages/lidar_perception_pkg)
[2.933s] Level 1:colcon.colcon_core.shell:create_environment_hook('debug_pkg', 'pythonpath_develop')
[2.933s] INFO:colcon.colcon_core.shell:Creating environment hook '/home/sungbhin/AutoSDV_HPC/build/debug_pkg/share/debug_pkg/hook/pythonpath_develop.ps1'
[2.934s] INFO:colcon.colcon_core.shell:Creating environment descriptor '/home/sungbhin/AutoSDV_HPC/build/debug_pkg/share/debug_pkg/hook/pythonpath_develop.dsv'
[2.934s] INFO:colcon.colcon_core.shell:Creating environment hook '/home/sungbhin/AutoSDV_HPC/build/debug_pkg/share/debug_pkg/hook/pythonpath_develop.sh'
[2.934s] DEBUG:colcon.colcon_core.event_handler.log_command:Invoked command in '/home/sungbhin/AutoSDV_HPC/build/debug_pkg' returned '0': PYTHONPATH=/home/sungbhin/AutoSDV_HPC/build/debug_pkg/prefix_override:/usr/lib/python3/dist-packages/colcon_core/task/python/colcon_distutils_commands:/home/sungbhin/AutoSDV_HPC/install/debug_pkg/lib/python3.10/site-packages:${PYTHONPATH} /usr/bin/python3 -W ignore:setup.py install is deprecated -W ignore:easy_install command is deprecated setup.py develop --editable --build-directory /home/sungbhin/AutoSDV_HPC/build/debug_pkg/build --no-deps symlink_data
[2.935s] Level 1:colcon.colcon_core.environment:checking '/home/sungbhin/AutoSDV_HPC/install/debug_pkg' for CMake module files
[2.936s] Level 1:colcon.colcon_core.environment:checking '/home/sungbhin/AutoSDV_HPC/install/debug_pkg' for CMake config files
[2.936s] Level 1:colcon.colcon_core.environment:checking '/home/sungbhin/AutoSDV_HPC/install/debug_pkg/lib'
[2.936s] Level 1:colcon.colcon_core.environment:checking '/home/sungbhin/AutoSDV_HPC/install/debug_pkg/bin'
[2.936s] Level 1:colcon.colcon_core.environment:checking '/home/sungbhin/AutoSDV_HPC/install/debug_pkg/lib/pkgconfig/debug_pkg.pc'
[2.936s] Level 1:colcon.colcon_core.environment:checking '/home/sungbhin/AutoSDV_HPC/install/debug_pkg/lib/python3.10/site-packages'
[2.936s] Level 1:colcon.colcon_core.shell:create_environment_hook('debug_pkg', 'pythonpath')
[2.937s] INFO:colcon.colcon_core.shell:Creating environment hook '/home/sungbhin/AutoSDV_HPC/install/debug_pkg/share/debug_pkg/hook/pythonpath.ps1'
[2.937s] INFO:colcon.colcon_core.shell:Creating environment descriptor '/home/sungbhin/AutoSDV_HPC/install/debug_pkg/share/debug_pkg/hook/pythonpath.dsv'
[2.937s] INFO:colcon.colcon_core.shell:Creating environment hook '/home/sungbhin/AutoSDV_HPC/install/debug_pkg/share/debug_pkg/hook/pythonpath.sh'
[2.938s] Level 1:colcon.colcon_core.environment:checking '/home/sungbhin/AutoSDV_HPC/install/debug_pkg/bin'
[2.938s] Level 1:colcon.colcon_core.environment:create_environment_scripts_only(debug_pkg)
[2.938s] INFO:colcon.colcon_core.shell:Creating package script '/home/sungbhin/AutoSDV_HPC/install/debug_pkg/share/debug_pkg/package.ps1'
[2.939s] INFO:colcon.colcon_core.shell:Creating package descriptor '/home/sungbhin/AutoSDV_HPC/install/debug_pkg/share/debug_pkg/package.dsv'
[2.939s] INFO:colcon.colcon_core.shell:Creating package script '/home/sungbhin/AutoSDV_HPC/install/debug_pkg/share/debug_pkg/package.sh'
[2.940s] INFO:colcon.colcon_core.shell:Creating package script '/home/sungbhin/AutoSDV_HPC/install/debug_pkg/share/debug_pkg/package.bash'
[2.940s] INFO:colcon.colcon_core.shell:Creating package script '/home/sungbhin/AutoSDV_HPC/install/debug_pkg/share/debug_pkg/package.zsh'
[2.940s] Level 1:colcon.colcon_core.environment:create_file_with_runtime_dependencies(/home/sungbhin/AutoSDV_HPC/install/debug_pkg/share/colcon-core/packages/debug_pkg)
[2.948s] Level 1:colcon.colcon_core.shell:create_environment_hook('serial_communication_pkg', 'pythonpath_develop')
[2.948s] INFO:colcon.colcon_core.shell:Creating environment hook '/home/sungbhin/AutoSDV_HPC/build/serial_communication_pkg/share/serial_communication_pkg/hook/pythonpath_develop.ps1'
[2.950s] DEBUG:colcon.colcon_core.event_handler.log_command:Invoked command in '/home/sungbhin/AutoSDV_HPC/build/serial_communication_pkg' returned '0': PYTHONPATH=/home/sungbhin/AutoSDV_HPC/build/serial_communication_pkg/prefix_override:/usr/lib/python3/dist-packages/colcon_core/task/python/colcon_distutils_commands:/home/sungbhin/AutoSDV_HPC/install/serial_communication_pkg/lib/python3.10/site-packages:${PYTHONPATH} /usr/bin/python3 -W ignore:setup.py install is deprecated -W ignore:easy_install command is deprecated setup.py develop --editable --build-directory /home/sungbhin/AutoSDV_HPC/build/serial_communication_pkg/build --no-deps symlink_data
[2.950s] INFO:colcon.colcon_core.shell:Creating environment descriptor '/home/sungbhin/AutoSDV_HPC/build/serial_communication_pkg/share/serial_communication_pkg/hook/pythonpath_develop.dsv'
[2.951s] INFO:colcon.colcon_core.shell:Creating environment hook '/home/sungbhin/AutoSDV_HPC/build/serial_communication_pkg/share/serial_communication_pkg/hook/pythonpath_develop.sh'
[2.952s] Level 1:colcon.colcon_core.environment:checking '/home/sungbhin/AutoSDV_HPC/install/serial_communication_pkg' for CMake module files
[2.952s] Level 1:colcon.colcon_core.environment:checking '/home/sungbhin/AutoSDV_HPC/install/serial_communication_pkg' for CMake config files
[2.953s] Level 1:colcon.colcon_core.environment:checking '/home/sungbhin/AutoSDV_HPC/install/serial_communication_pkg/lib'
[2.953s] Level 1:colcon.colcon_core.environment:checking '/home/sungbhin/AutoSDV_HPC/install/serial_communication_pkg/bin'
[2.953s] Level 1:colcon.colcon_core.environment:checking '/home/sungbhin/AutoSDV_HPC/install/serial_communication_pkg/lib/pkgconfig/serial_communication_pkg.pc'
[2.953s] Level 1:colcon.colcon_core.environment:checking '/home/sungbhin/AutoSDV_HPC/install/serial_communication_pkg/lib/python3.10/site-packages'
[2.953s] Level 1:colcon.colcon_core.shell:create_environment_hook('serial_communication_pkg', 'pythonpath')
[2.953s] INFO:colcon.colcon_core.shell:Creating environment hook '/home/sungbhin/AutoSDV_HPC/install/serial_communication_pkg/share/serial_communication_pkg/hook/pythonpath.ps1'
[2.954s] INFO:colcon.colcon_core.shell:Creating environment descriptor '/home/sungbhin/AutoSDV_HPC/install/serial_communication_pkg/share/serial_communication_pkg/hook/pythonpath.dsv'
[2.955s] INFO:colcon.colcon_core.shell:Creating environment hook '/home/sungbhin/AutoSDV_HPC/install/serial_communication_pkg/share/serial_communication_pkg/hook/pythonpath.sh'
[2.955s] Level 1:colcon.colcon_core.environment:checking '/home/sungbhin/AutoSDV_HPC/install/serial_communication_pkg/bin'
[2.956s] Level 1:colcon.colcon_core.environment:create_environment_scripts_only(serial_communication_pkg)
[2.956s] INFO:colcon.colcon_core.shell:Creating package script '/home/sungbhin/AutoSDV_HPC/install/serial_communication_pkg/share/serial_communication_pkg/package.ps1'
[2.958s] INFO:colcon.colcon_core.shell:Creating package descriptor '/home/sungbhin/AutoSDV_HPC/install/serial_communication_pkg/share/serial_communication_pkg/package.dsv'
[2.958s] INFO:colcon.colcon_core.shell:Creating package script '/home/sungbhin/AutoSDV_HPC/install/serial_communication_pkg/share/serial_communication_pkg/package.sh'
[2.958s] INFO:colcon.colcon_core.shell:Creating package script '/home/sungbhin/AutoSDV_HPC/install/serial_communication_pkg/share/serial_communication_pkg/package.bash'
[2.959s] INFO:colcon.colcon_core.shell:Creating package script '/home/sungbhin/AutoSDV_HPC/install/serial_communication_pkg/share/serial_communication_pkg/package.zsh'
[2.959s] Level 1:colcon.colcon_core.environment:create_file_with_runtime_dependencies(/home/sungbhin/AutoSDV_HPC/install/serial_communication_pkg/share/colcon-core/packages/serial_communication_pkg)
[2.961s] Level 1:colcon.colcon_core.shell:create_environment_hook('camera_perception_pkg', 'pythonpath_develop')
[2.962s] INFO:colcon.colcon_core.shell:Creating environment hook '/home/sungbhin/AutoSDV_HPC/build/camera_perception_pkg/share/camera_perception_pkg/hook/pythonpath_develop.ps1'
[2.962s] DEBUG:colcon.colcon_core.event_handler.log_command:Invoked command in '/home/sungbhin/AutoSDV_HPC/build/camera_perception_pkg' returned '0': PYTHONPATH=/home/sungbhin/AutoSDV_HPC/build/camera_perception_pkg/prefix_override:/usr/lib/python3/dist-packages/colcon_core/task/python/colcon_distutils_commands:/home/sungbhin/AutoSDV_HPC/install/camera_perception_pkg/lib/python3.10/site-packages:${PYTHONPATH} /usr/bin/python3 -W ignore:setup.py install is deprecated -W ignore:easy_install command is deprecated setup.py develop --editable --build-directory /home/sungbhin/AutoSDV_HPC/build/camera_perception_pkg/build --no-deps symlink_data
[2.962s] INFO:colcon.colcon_core.shell:Creating environment descriptor '/home/sungbhin/AutoSDV_HPC/build/camera_perception_pkg/share/camera_perception_pkg/hook/pythonpath_develop.dsv'
[2.962s] INFO:colcon.colcon_core.shell:Creating environment hook '/home/sungbhin/AutoSDV_HPC/build/camera_perception_pkg/share/camera_perception_pkg/hook/pythonpath_develop.sh'
[2.963s] Level 1:colcon.colcon_core.environment:checking '/home/sungbhin/AutoSDV_HPC/install/camera_perception_pkg' for CMake module files
[2.963s] Level 1:colcon.colcon_core.environment:checking '/home/sungbhin/AutoSDV_HPC/install/camera_perception_pkg' for CMake config files
[2.964s] Level 1:colcon.colcon_core.environment:checking '/home/sungbhin/AutoSDV_HPC/install/camera_perception_pkg/lib'
[2.964s] Level 1:colcon.colcon_core.environment:checking '/home/sungbhin/AutoSDV_HPC/install/camera_perception_pkg/bin'
[2.964s] Level 1:colcon.colcon_core.environment:checking '/home/sungbhin/AutoSDV_HPC/install/camera_perception_pkg/lib/pkgconfig/camera_perception_pkg.pc'
[2.965s] Level 1:colcon.colcon_core.environment:checking '/home/sungbhin/AutoSDV_HPC/install/camera_perception_pkg/lib/python3.10/site-packages'
[2.965s] Level 1:colcon.colcon_core.shell:create_environment_hook('camera_perception_pkg', 'pythonpath')
[2.965s] INFO:colcon.colcon_core.shell:Creating environment hook '/home/sungbhin/AutoSDV_HPC/install/camera_perception_pkg/share/camera_perception_pkg/hook/pythonpath.ps1'
[2.965s] INFO:colcon.colcon_core.shell:Creating environment descriptor '/home/sungbhin/AutoSDV_HPC/install/camera_perception_pkg/share/camera_perception_pkg/hook/pythonpath.dsv'
[2.966s] INFO:colcon.colcon_core.shell:Creating environment hook '/home/sungbhin/AutoSDV_HPC/install/camera_perception_pkg/share/camera_perception_pkg/hook/pythonpath.sh'
[2.966s] Level 1:colcon.colcon_core.environment:checking '/home/sungbhin/AutoSDV_HPC/install/camera_perception_pkg/bin'
[2.966s] Level 1:colcon.colcon_core.environment:create_environment_scripts_only(camera_perception_pkg)
[2.967s] INFO:colcon.colcon_core.shell:Creating package script '/home/sungbhin/AutoSDV_HPC/install/camera_perception_pkg/share/camera_perception_pkg/package.ps1'
[2.967s] INFO:colcon.colcon_core.shell:Creating package descriptor '/home/sungbhin/AutoSDV_HPC/install/camera_perception_pkg/share/camera_perception_pkg/package.dsv'
[2.967s] INFO:colcon.colcon_core.shell:Creating package script '/home/sungbhin/AutoSDV_HPC/install/camera_perception_pkg/share/camera_perception_pkg/package.sh'
[2.968s] INFO:colcon.colcon_core.shell:Creating package script '/home/sungbhin/AutoSDV_HPC/install/camera_perception_pkg/share/camera_perception_pkg/package.bash'
[2.968s] INFO:colcon.colcon_core.shell:Creating package script '/home/sungbhin/AutoSDV_HPC/install/camera_perception_pkg/share/camera_perception_pkg/package.zsh'
[2.968s] Level 1:colcon.colcon_core.environment:create_file_with_runtime_dependencies(/home/sungbhin/AutoSDV_HPC/install/camera_perception_pkg/share/colcon-core/packages/camera_perception_pkg)
[3.162s] DEBUG:colcon.colcon_core.event_handler.log_command:Invoked command in '/home/sungbhin/AutoSDV_HPC/build/interfaces_pkg' returned '0': CMAKE_PREFIX_PATH=/opt/ros/humble /usr/local/bin/cmake --build /home/sungbhin/AutoSDV_HPC/build/interfaces_pkg -- -j16 -l16
[3.164s] DEBUG:colcon.colcon_core.event_handler.log_command:Invoking command in '/home/sungbhin/AutoSDV_HPC/build/interfaces_pkg': CMAKE_PREFIX_PATH=/opt/ros/humble /usr/local/bin/cmake --install /home/sungbhin/AutoSDV_HPC/build/interfaces_pkg
[3.260s] Level 1:colcon.colcon_core.environment:create_environment_scripts_only(interfaces_pkg)
[3.261s] Level 1:colcon.colcon_core.environment:checking '/home/sungbhin/AutoSDV_HPC/install/interfaces_pkg' for CMake module files
[3.261s] DEBUG:colcon.colcon_core.event_handler.log_command:Invoked command in '/home/sungbhin/AutoSDV_HPC/build/interfaces_pkg' returned '0': CMAKE_PREFIX_PATH=/opt/ros/humble /usr/local/bin/cmake --install /home/sungbhin/AutoSDV_HPC/build/interfaces_pkg
[3.262s] Level 1:colcon.colcon_core.environment:checking '/home/sungbhin/AutoSDV_HPC/install/interfaces_pkg' for CMake config files
[3.283s] Level 1:colcon.colcon_core.shell:create_environment_hook('interfaces_pkg', 'cmake_prefix_path')
[3.283s] INFO:colcon.colcon_core.shell:Creating environment hook '/home/sungbhin/AutoSDV_HPC/install/interfaces_pkg/share/interfaces_pkg/hook/cmake_prefix_path.ps1'
[3.284s] INFO:colcon.colcon_core.shell:Creating environment descriptor '/home/sungbhin/AutoSDV_HPC/install/interfaces_pkg/share/interfaces_pkg/hook/cmake_prefix_path.dsv'
[3.284s] INFO:colcon.colcon_core.shell:Creating environment hook '/home/sungbhin/AutoSDV_HPC/install/interfaces_pkg/share/interfaces_pkg/hook/cmake_prefix_path.sh'
[3.285s] Level 1:colcon.colcon_core.environment:checking '/home/sungbhin/AutoSDV_HPC/install/interfaces_pkg/lib'
[3.285s] Level 1:colcon.colcon_core.shell:create_environment_hook('interfaces_pkg', 'ld_library_path_lib')
[3.285s] INFO:colcon.colcon_core.shell:Creating environment hook '/home/sungbhin/AutoSDV_HPC/install/interfaces_pkg/share/interfaces_pkg/hook/ld_library_path_lib.ps1'
[3.286s] INFO:colcon.colcon_core.shell:Creating environment descriptor '/home/sungbhin/AutoSDV_HPC/install/interfaces_pkg/share/interfaces_pkg/hook/ld_library_path_lib.dsv'
[3.286s] INFO:colcon.colcon_core.shell:Creating environment hook '/home/sungbhin/AutoSDV_HPC/install/interfaces_pkg/share/interfaces_pkg/hook/ld_library_path_lib.sh'
[3.286s] Level 1:colcon.colcon_core.environment:checking '/home/sungbhin/AutoSDV_HPC/install/interfaces_pkg/bin'
[3.286s] Level 1:colcon.colcon_core.environment:checking '/home/sungbhin/AutoSDV_HPC/install/interfaces_pkg/lib/pkgconfig/interfaces_pkg.pc'
[3.287s] Level 1:colcon.colcon_core.environment:checking '/home/sungbhin/AutoSDV_HPC/install/interfaces_pkg/lib/python3.10/site-packages'
[3.287s] Level 1:colcon.colcon_core.environment:checking '/home/sungbhin/AutoSDV_HPC/install/interfaces_pkg/bin'
[3.287s] INFO:colcon.colcon_core.shell:Creating package script '/home/sungbhin/AutoSDV_HPC/install/interfaces_pkg/share/interfaces_pkg/package.ps1'
[3.287s] INFO:colcon.colcon_core.shell:Creating package descriptor '/home/sungbhin/AutoSDV_HPC/install/interfaces_pkg/share/interfaces_pkg/package.dsv'
[3.288s] INFO:colcon.colcon_core.shell:Creating package script '/home/sungbhin/AutoSDV_HPC/install/interfaces_pkg/share/interfaces_pkg/package.sh'
[3.288s] INFO:colcon.colcon_core.shell:Creating package script '/home/sungbhin/AutoSDV_HPC/install/interfaces_pkg/share/interfaces_pkg/package.bash'
[3.288s] INFO:colcon.colcon_core.shell:Creating package script '/home/sungbhin/AutoSDV_HPC/install/interfaces_pkg/share/interfaces_pkg/package.zsh'
[3.288s] Level 1:colcon.colcon_core.environment:create_file_with_runtime_dependencies(/home/sungbhin/AutoSDV_HPC/install/interfaces_pkg/share/colcon-core/packages/interfaces_pkg)
[3.289s] Level 1:colcon.colcon_core.environment:create_environment_scripts_only(interfaces_pkg)
[3.289s] Level 1:colcon.colcon_core.environment:checking '/home/sungbhin/AutoSDV_HPC/install/interfaces_pkg' for CMake module files
[3.289s] Level 1:colcon.colcon_core.environment:checking '/home/sungbhin/AutoSDV_HPC/install/interfaces_pkg' for CMake config files
[3.291s] Level 1:colcon.colcon_core.shell:create_environment_hook('interfaces_pkg', 'cmake_prefix_path')
[3.291s] INFO:colcon.colcon_core.shell:Creating environment hook '/home/sungbhin/AutoSDV_HPC/install/interfaces_pkg/share/interfaces_pkg/hook/cmake_prefix_path.ps1'
[3.291s] INFO:colcon.colcon_core.shell:Creating environment descriptor '/home/sungbhin/AutoSDV_HPC/install/interfaces_pkg/share/interfaces_pkg/hook/cmake_prefix_path.dsv'
[3.292s] INFO:colcon.colcon_core.shell:Creating environment hook '/home/sungbhin/AutoSDV_HPC/install/interfaces_pkg/share/interfaces_pkg/hook/cmake_prefix_path.sh'
[3.292s] Level 1:colcon.colcon_core.environment:checking '/home/sungbhin/AutoSDV_HPC/install/interfaces_pkg/lib'
[3.292s] Level 1:colcon.colcon_core.shell:create_environment_hook('interfaces_pkg', 'ld_library_path_lib')
[3.292s] INFO:colcon.colcon_core.shell:Creating environment hook '/home/sungbhin/AutoSDV_HPC/install/interfaces_pkg/share/interfaces_pkg/hook/ld_library_path_lib.ps1'
[3.292s] INFO:colcon.colcon_core.shell:Creating environment descriptor '/home/sungbhin/AutoSDV_HPC/install/interfaces_pkg/share/interfaces_pkg/hook/ld_library_path_lib.dsv'
[3.293s] INFO:colcon.colcon_core.shell:Creating environment hook '/home/sungbhin/AutoSDV_HPC/install/interfaces_pkg/share/interfaces_pkg/hook/ld_library_path_lib.sh'
[3.293s] Level 1:colcon.colcon_core.environment:checking '/home/sungbhin/AutoSDV_HPC/install/interfaces_pkg/bin'
[3.293s] Level 1:colcon.colcon_core.environment:checking '/home/sungbhin/AutoSDV_HPC/install/interfaces_pkg/lib/pkgconfig/interfaces_pkg.pc'
[3.293s] Level 1:colcon.colcon_core.environment:checking '/home/sungbhin/AutoSDV_HPC/install/interfaces_pkg/lib/python3.10/site-packages'
[3.293s] Level 1:colcon.colcon_core.environment:checking '/home/sungbhin/AutoSDV_HPC/install/interfaces_pkg/bin'
[3.293s] INFO:colcon.colcon_core.shell:Creating package script '/home/sungbhin/AutoSDV_HPC/install/interfaces_pkg/share/interfaces_pkg/package.ps1'
[3.294s] INFO:colcon.colcon_core.shell:Creating package descriptor '/home/sungbhin/AutoSDV_HPC/install/interfaces_pkg/share/interfaces_pkg/package.dsv'
[3.294s] INFO:colcon.colcon_core.shell:Creating package script '/home/sungbhin/AutoSDV_HPC/install/interfaces_pkg/share/interfaces_pkg/package.sh'
[3.294s] INFO:colcon.colcon_core.shell:Creating package script '/home/sungbhin/AutoSDV_HPC/install/interfaces_pkg/share/interfaces_pkg/package.bash'
[3.295s] INFO:colcon.colcon_core.shell:Creating package script '/home/sungbhin/AutoSDV_HPC/install/interfaces_pkg/share/interfaces_pkg/package.zsh'
[3.295s] Level 1:colcon.colcon_core.environment:create_file_with_runtime_dependencies(/home/sungbhin/AutoSDV_HPC/install/interfaces_pkg/share/colcon-core/packages/interfaces_pkg)
[3.295s] INFO:colcon.colcon_ros.task.ament_python.build:Building ROS package in '/home/sungbhin/AutoSDV_HPC/src/data_collection_pkg' with build type 'ament_python'
[3.295s] Level 1:colcon.colcon_core.shell:create_environment_hook('data_collection_pkg', 'ament_prefix_path')
[3.295s] INFO:colcon.colcon_core.shell:Creating environment hook '/home/sungbhin/AutoSDV_HPC/install/data_collection_pkg/share/data_collection_pkg/hook/ament_prefix_path.ps1'
[3.296s] INFO:colcon.colcon_core.shell:Creating environment descriptor '/home/sungbhin/AutoSDV_HPC/install/data_collection_pkg/share/data_collection_pkg/hook/ament_prefix_path.dsv'
[3.297s] INFO:colcon.colcon_core.shell:Creating environment hook '/home/sungbhin/AutoSDV_HPC/install/data_collection_pkg/share/data_collection_pkg/hook/ament_prefix_path.sh'
[3.297s] INFO:colcon.colcon_core.shell:Skip shell extension 'powershell' for command environment: Not usable outside of PowerShell
[3.297s] DEBUG:colcon.colcon_core.shell:Skip shell extension 'dsv' for command environment
[3.510s] INFO:colcon.colcon_core.task.python.build:Building Python package in '/home/sungbhin/AutoSDV_HPC/src/data_collection_pkg'
[3.510s] INFO:colcon.colcon_core.shell:Skip shell extension 'powershell' for command environment: Not usable outside of PowerShell
[3.510s] DEBUG:colcon.colcon_core.shell:Skip shell extension 'dsv' for command environment
[3.776s] DEBUG:colcon.colcon_core.event_handler.log_command:Invoking command in '/home/sungbhin/AutoSDV_HPC/build/data_collection_pkg': AMENT_PREFIX_PATH=/home/sungbhin/hpc_v2/install/interfaces_pkg:${AMENT_PREFIX_PATH} CMAKE_PREFIX_PATH=/home/sungbhin/AutoSDV_HPC/install/interfaces_pkg LD_LIBRARY_PATH=/home/sungbhin/hpc_v2/install/interfaces_pkg/lib:/home/sungbhin/AutoSDV_HPC/install/interfaces_pkg/lib:${LD_LIBRARY_PATH} PYTHONPATH=/home/sungbhin/AutoSDV_HPC/build/data_collection_pkg/prefix_override:/usr/lib/python3/dist-packages/colcon_core/task/python/colcon_distutils_commands:/home/sungbhin/AutoSDV_HPC/install/data_collection_pkg/lib/python3.10/site-packages:/home/sungbhin/hpc_v2/install/interfaces_pkg/local/lib/python3.10/dist-packages:${PYTHONPATH} /usr/bin/python3 -W ignore:setup.py install is deprecated -W ignore:easy_install command is deprecated setup.py develop --editable --build-directory /home/sungbhin/AutoSDV_HPC/build/data_collection_pkg/build --no-deps symlink_data
[4.141s] Level 1:colcon.colcon_core.shell:create_environment_hook('data_collection_pkg', 'pythonpath_develop')
[4.141s] INFO:colcon.colcon_core.shell:Creating environment hook '/home/sungbhin/AutoSDV_HPC/build/data_collection_pkg/share/data_collection_pkg/hook/pythonpath_develop.ps1'
[4.142s] DEBUG:colcon.colcon_core.event_handler.log_command:Invoked command in '/home/sungbhin/AutoSDV_HPC/build/data_collection_pkg' returned '0': AMENT_PREFIX_PATH=/home/sungbhin/hpc_v2/install/interfaces_pkg:${AMENT_PREFIX_PATH} CMAKE_PREFIX_PATH=/home/sungbhin/AutoSDV_HPC/install/interfaces_pkg LD_LIBRARY_PATH=/home/sungbhin/hpc_v2/install/interfaces_pkg/lib:/home/sungbhin/AutoSDV_HPC/install/interfaces_pkg/lib:${LD_LIBRARY_PATH} PYTHONPATH=/home/sungbhin/AutoSDV_HPC/build/data_collection_pkg/prefix_override:/usr/lib/python3/dist-packages/colcon_core/task/python/colcon_distutils_commands:/home/sungbhin/AutoSDV_HPC/install/data_collection_pkg/lib/python3.10/site-packages:/home/sungbhin/hpc_v2/install/interfaces_pkg/local/lib/python3.10/dist-packages:${PYTHONPATH} /usr/bin/python3 -W ignore:setup.py install is deprecated -W ignore:easy_install command is deprecated setup.py develop --editable --build-directory /home/sungbhin/AutoSDV_HPC/build/data_collection_pkg/build --no-deps symlink_data
[4.142s] INFO:colcon.colcon_core.shell:Creating environment descriptor '/home/sungbhin/AutoSDV_HPC/build/data_collection_pkg/share/data_collection_pkg/hook/pythonpath_develop.dsv'
[4.143s] INFO:colcon.colcon_core.shell:Creating environment hook '/home/sungbhin/AutoSDV_HPC/build/data_collection_pkg/share/data_collection_pkg/hook/pythonpath_develop.sh'
[4.143s] Level 1:colcon.colcon_core.environment:checking '/home/sungbhin/AutoSDV_HPC/install/data_collection_pkg' for CMake module files
[4.144s] Level 1:colcon.colcon_core.environment:checking '/home/sungbhin/AutoSDV_HPC/install/data_collection_pkg' for CMake config files
[4.144s] Level 1:colcon.colcon_core.environment:checking '/home/sungbhin/AutoSDV_HPC/install/data_collection_pkg/lib'
[4.144s] Level 1:colcon.colcon_core.environment:checking '/home/sungbhin/AutoSDV_HPC/install/data_collection_pkg/bin'
[4.144s] Level 1:colcon.colcon_core.environment:checking '/home/sungbhin/AutoSDV_HPC/install/data_collection_pkg/lib/pkgconfig/data_collection_pkg.pc'
[4.145s] Level 1:colcon.colcon_core.environment:checking '/home/sungbhin/AutoSDV_HPC/install/data_collection_pkg/lib/python3.10/site-packages'
[4.145s] Level 1:colcon.colcon_core.shell:create_environment_hook('data_collection_pkg', 'pythonpath')
[4.145s] INFO:colcon.colcon_core.shell:Creating environment hook '/home/sungbhin/AutoSDV_HPC/install/data_collection_pkg/share/data_collection_pkg/hook/pythonpath.ps1'
[4.145s] INFO:colcon.colcon_core.shell:Creating environment descriptor '/home/sungbhin/AutoSDV_HPC/install/data_collection_pkg/share/data_collection_pkg/hook/pythonpath.dsv'
[4.146s] INFO:colcon.colcon_core.shell:Creating environment hook '/home/sungbhin/AutoSDV_HPC/install/data_collection_pkg/share/data_collection_pkg/hook/pythonpath.sh'
[4.146s] Level 1:colcon.colcon_core.environment:checking '/home/sungbhin/AutoSDV_HPC/install/data_collection_pkg/bin'
[4.146s] Level 1:colcon.colcon_core.environment:create_environment_scripts_only(data_collection_pkg)
[4.146s] INFO:colcon.colcon_core.shell:Creating package script '/home/sungbhin/AutoSDV_HPC/install/data_collection_pkg/share/data_collection_pkg/package.ps1'
[4.147s] INFO:colcon.colcon_core.shell:Creating package descriptor '/home/sungbhin/AutoSDV_HPC/install/data_collection_pkg/share/data_collection_pkg/package.dsv'
[4.147s] INFO:colcon.colcon_core.shell:Creating package script '/home/sungbhin/AutoSDV_HPC/install/data_collection_pkg/share/data_collection_pkg/package.sh'
[4.147s] INFO:colcon.colcon_core.shell:Creating package script '/home/sungbhin/AutoSDV_HPC/install/data_collection_pkg/share/data_collection_pkg/package.bash'
[4.148s] INFO:colcon.colcon_core.shell:Creating package script '/home/sungbhin/AutoSDV_HPC/install/data_collection_pkg/share/data_collection_pkg/package.zsh'
[4.148s] Level 1:colcon.colcon_core.environment:create_file_with_runtime_dependencies(/home/sungbhin/AutoSDV_HPC/install/data_collection_pkg/share/colcon-core/packages/data_collection_pkg)
[4.148s] DEBUG:colcon.colcon_parallel_executor.executor.parallel:closing loop
[4.149s] DEBUG:colcon.colcon_parallel_executor.executor.parallel:loop closed
[4.149s] DEBUG:colcon.colcon_parallel_executor.executor.parallel:run_until_complete finished with '0'
[4.149s] DEBUG:colcon.colcon_core.event_reactor:joining thread
[4.157s] INFO:colcon.colcon_core.plugin_system:Skipping extension 'colcon_notification.desktop_notification.terminal_notifier': Not used on non-Darwin systems
[4.157s] INFO:colcon.colcon_core.plugin_system:Skipping extension 'colcon_notification.desktop_notification.win32': Not used on non-Windows systems
[4.157s] INFO:colcon.colcon_notification.desktop_notification:Sending desktop notification using 'notify2'
[4.183s] DEBUG:colcon.colcon_core.event_reactor:joined thread
[4.184s] INFO:colcon.colcon_core.shell:Creating prefix script '/home/sungbhin/AutoSDV_HPC/install/local_setup.ps1'
[4.185s] INFO:colcon.colcon_core.shell:Creating prefix util module '/home/sungbhin/AutoSDV_HPC/install/_local_setup_util_ps1.py'
[4.186s] INFO:colcon.colcon_core.shell:Creating prefix chain script '/home/sungbhin/AutoSDV_HPC/install/setup.ps1'
[4.187s] INFO:colcon.colcon_core.shell:Creating prefix script '/home/sungbhin/AutoSDV_HPC/install/local_setup.sh'
[4.188s] INFO:colcon.colcon_core.shell:Creating prefix util module '/home/sungbhin/AutoSDV_HPC/install/_local_setup_util_sh.py'
[4.188s] INFO:colcon.colcon_core.shell:Creating prefix chain script '/home/sungbhin/AutoSDV_HPC/install/setup.sh'
[4.189s] INFO:colcon.colcon_core.shell:Creating prefix script '/home/sungbhin/AutoSDV_HPC/install/local_setup.bash'
[4.189s] INFO:colcon.colcon_core.shell:Creating prefix chain script '/home/sungbhin/AutoSDV_HPC/install/setup.bash'
[4.191s] INFO:colcon.colcon_core.shell:Creating prefix script '/home/sungbhin/AutoSDV_HPC/install/local_setup.zsh'
[4.191s] INFO:colcon.colcon_core.shell:Creating prefix chain script '/home/sungbhin/AutoSDV_HPC/install/setup.zsh'
