[1.697s] Invoking command in '/home/sungbhin/hpc_v2/build/decision_making_pkg': PYTHONPATH=/home/sungbhin/hpc_v2/build/decision_making_pkg/prefix_override:/usr/lib/python3/dist-packages/colcon_core/task/python/colcon_distutils_commands:/home/sungbhin/hpc_v2/install/decision_making_pkg/lib/python3.10/site-packages:${PYTHONPATH} /usr/bin/python3 -W ignore:setup.py install is deprecated -W ignore:easy_install command is deprecated setup.py develop --editable --build-directory /home/sungbhin/hpc_v2/build/decision_making_pkg/build --no-deps symlink_data
[2.024s] running develop
[2.237s] running egg_info
[2.237s] creating decision_making_pkg.egg-info
[2.237s] writing decision_making_pkg.egg-info/PKG-INFO
[2.237s] writing dependency_links to decision_making_pkg.egg-info/dependency_links.txt
[2.237s] writing entry points to decision_making_pkg.egg-info/entry_points.txt
[2.237s] writing requirements to decision_making_pkg.egg-info/requires.txt
[2.237s] writing top-level names to decision_making_pkg.egg-info/top_level.txt
[2.238s] writing manifest file 'decision_making_pkg.egg-info/SOURCES.txt'
[2.240s] reading manifest file 'decision_making_pkg.egg-info/SOURCES.txt'
[2.241s] writing manifest file 'decision_making_pkg.egg-info/SOURCES.txt'
[2.243s] running build_ext
[2.243s] Creating /home/sungbhin/hpc_v2/install/decision_making_pkg/lib/python3.10/site-packages/decision-making-pkg.egg-link (link to .)
[2.244s] Installing motion_planner_node script to /home/sungbhin/hpc_v2/install/decision_making_pkg/lib/decision_making_pkg
[2.244s] Installing path_planner_node script to /home/sungbhin/hpc_v2/install/decision_making_pkg/lib/decision_making_pkg
[2.244s] 
[2.244s] Installed /home/sungbhin/hpc_v2/build/decision_making_pkg
[2.245s] running symlink_data
[2.245s] creating /home/sungbhin/hpc_v2/install/decision_making_pkg/share/ament_index
[2.245s] creating /home/sungbhin/hpc_v2/install/decision_making_pkg/share/ament_index/resource_index
[2.245s] creating /home/sungbhin/hpc_v2/install/decision_making_pkg/share/ament_index/resource_index/packages
[2.245s] symbolically linking /home/sungbhin/hpc_v2/build/decision_making_pkg/resource/decision_making_pkg -> /home/sungbhin/hpc_v2/install/decision_making_pkg/share/ament_index/resource_index/packages
[2.245s] symbolically linking /home/sungbhin/hpc_v2/build/decision_making_pkg/package.xml -> /home/sungbhin/hpc_v2/install/decision_making_pkg/share/decision_making_pkg
[2.327s] Invoked command in '/home/sungbhin/hpc_v2/build/decision_making_pkg' returned '0': PYTHONPATH=/home/sungbhin/hpc_v2/build/decision_making_pkg/prefix_override:/usr/lib/python3/dist-packages/colcon_core/task/python/colcon_distutils_commands:/home/sungbhin/hpc_v2/install/decision_making_pkg/lib/python3.10/site-packages:${PYTHONPATH} /usr/bin/python3 -W ignore:setup.py install is deprecated -W ignore:easy_install command is deprecated setup.py develop --editable --build-directory /home/sungbhin/hpc_v2/build/decision_making_pkg/build --no-deps symlink_data
