running develop
running egg_info
creating data_collection_pkg.egg-info
writing data_collection_pkg.egg-info/PKG-INFO
writing dependency_links to data_collection_pkg.egg-info/dependency_links.txt
writing entry points to data_collection_pkg.egg-info/entry_points.txt
writing requirements to data_collection_pkg.egg-info/requires.txt
writing top-level names to data_collection_pkg.egg-info/top_level.txt
writing manifest file 'data_collection_pkg.egg-info/SOURCES.txt'
reading manifest file 'data_collection_pkg.egg-info/SOURCES.txt'
writing manifest file 'data_collection_pkg.egg-info/SOURCES.txt'
running build_ext
Creating /home/sungbhin/hpc_v2/install/data_collection_pkg/lib/python3.10/site-packages/data-collection-pkg.egg-link (link to .)
Installing data_collection_node script to /home/sungbhin/hpc_v2/install/data_collection_pkg/lib/data_collection_pkg

Installed /home/sungbhin/hpc_v2/build/data_collection_pkg
running symlink_data
creating /home/sungbhin/hpc_v2/install/data_collection_pkg/share/ament_index
creating /home/sungbhin/hpc_v2/install/data_collection_pkg/share/ament_index/resource_index
creating /home/sungbhin/hpc_v2/install/data_collection_pkg/share/ament_index/resource_index/packages
symbolically linking /home/sungbhin/hpc_v2/build/data_collection_pkg/resource/data_collection_pkg -> /home/sungbhin/hpc_v2/install/data_collection_pkg/share/ament_index/resource_index/packages
symbolically linking /home/sungbhin/hpc_v2/build/data_collection_pkg/package.xml -> /home/sungbhin/hpc_v2/install/data_collection_pkg/share/data_collection_pkg
symbolically linking /home/sungbhin/hpc_v2/build/data_collection_pkg/data_collection_pkg/data_collection_func_lib.cpython-310.pyc -> /home/sungbhin/hpc_v2/install/data_collection_pkg/lib/data_collection_pkg
