[0.037s] Invoking command in '/home/sungbhin/hpc_v2/build/interfaces_pkg': CMAKE_PREFIX_PATH=/opt/ros/humble /usr/local/bin/cmake /home/sungbhin/hpc_v2/src/interfaces_pkg -DAMENT_CMAKE_SYMLINK_INSTALL=1 -DCMAKE_INSTALL_PREFIX=/home/sungbhin/hpc_v2/install/interfaces_pkg
[1.240s] -- Found ament_cmake: 1.3.11 (/opt/ros/humble/share/ament_cmake/cmake)
[1.241s] -- Found Python3: /usr/bin/python3 (found version "3.10.12") found components: Interpreter
[1.241s] -- Override CMake install command with custom implementation using symlinks instead of copying resources
[1.241s] -- Found rosidl_default_generators: 1.2.0 (/opt/ros/humble/share/rosidl_default_generators/cmake)
[1.241s] -- Using all available rosidl_typesupport_c: rosidl_typesupport_fastrtps_c;rosidl_typesupport_introspection_c
[1.241s] -- Found rosidl_adapter: 3.1.6 (/opt/ros/humble/share/rosidl_adapter/cmake)
[1.242s] -- Using all available rosidl_typesupport_cpp: rosidl_typesupport_fastrtps_cpp;rosidl_typesupport_introspection_cpp
[1.242s] -- Found std_msgs: 4.8.0 (/opt/ros/humble/share/std_msgs/cmake)
[1.242s] -- Found geometry_msgs: 4.8.0 (/opt/ros/humble/share/geometry_msgs/cmake)
[1.242s] -- Found ament_cmake_ros: 0.10.0 (/opt/ros/humble/share/ament_cmake_ros/cmake)
[1.243s] [0mCMake Deprecation Warning at CMakeLists.txt:1 (cmake_minimum_required):
[1.245s]   Compatibility with CMake < 3.10 will be removed from a future version of
[1.245s]   CMake.
[1.245s] 
[1.245s]   Update the VERSION argument <min> value or use a ...<max> suffix to tell
[1.246s]   CMake that the project does not need compatibility with older versions.
[1.246s] 
[1.246s] [0m
[1.454s] -- Using all available rosidl_typesupport_c: rosidl_typesupport_fastrtps_c;rosidl_typesupport_introspection_c
[2.236s] -- Using all available rosidl_typesupport_cpp: rosidl_typesupport_fastrtps_cpp;rosidl_typesupport_introspection_cpp
[2.239s] [33mCMake Warning (dev) at /opt/ros/humble/share/rosidl_generator_py/cmake/rosidl_generator_py_generate_interfaces.cmake:20 (find_package):
[2.239s]   Policy CMP0148 is not set: The FindPythonInterp and FindPythonLibs modules
[2.240s]   are removed.  Run "cmake --help-policy CMP0148" for policy details.  Use
[2.240s]   the cmake_policy command to set the policy and suppress this warning.
[2.240s] 
[2.240s] Call Stack (most recent call first):
[2.240s]   /opt/ros/humble/share/ament_cmake_core/cmake/core/ament_execute_extensions.cmake:48 (include)
[2.240s]   /opt/ros/humble/share/rosidl_cmake/cmake/rosidl_generate_interfaces.cmake:286 (ament_execute_extensions)
[2.240s]   CMakeLists.txt:10 (rosidl_generate_interfaces)
[2.240s] This warning is for project developers.  Use -Wno-dev to suppress it.
[2.240s] [0m
[2.265s] -- Found PythonInterp: /usr/bin/python3 (found suitable version "3.10.12", minimum required is "3.6")
[2.267s] -- Found python_cmake_module: 0.10.0 (/opt/ros/humble/share/python_cmake_module/cmake)
[2.268s] [33mCMake Warning (dev) at /opt/ros/humble/share/python_cmake_module/cmake/Modules/FindPythonExtra.cmake:52 (find_package):
[2.268s]   Policy CMP0148 is not set: The FindPythonInterp and FindPythonLibs modules
[2.268s]   are removed.  Run "cmake --help-policy CMP0148" for policy details.  Use
[2.268s]   the cmake_policy command to set the policy and suppress this warning.
[2.268s] 
[2.268s] Call Stack (most recent call first):
[2.268s]   /opt/ros/humble/share/rosidl_generator_py/cmake/rosidl_generator_py_generate_interfaces.cmake:23 (find_package)
[2.268s]   /opt/ros/humble/share/ament_cmake_core/cmake/core/ament_execute_extensions.cmake:48 (include)
[2.268s]   /opt/ros/humble/share/rosidl_cmake/cmake/rosidl_generate_interfaces.cmake:286 (ament_execute_extensions)
[2.268s]   CMakeLists.txt:10 (rosidl_generate_interfaces)
[2.268s] This warning is for project developers.  Use -Wno-dev to suppress it.
[2.268s] [0m
[2.291s] [33mCMake Warning (dev) at /opt/ros/humble/share/python_cmake_module/cmake/Modules/FindPythonExtra.cmake:140 (find_package):
[2.291s]   Policy CMP0148 is not set: The FindPythonInterp and FindPythonLibs modules
[2.291s]   are removed.  Run "cmake --help-policy CMP0148" for policy details.  Use
[2.292s]   the cmake_policy command to set the policy and suppress this warning.
[2.292s] 
[2.292s] Call Stack (most recent call first):
[2.292s]   /opt/ros/humble/share/rosidl_generator_py/cmake/rosidl_generator_py_generate_interfaces.cmake:23 (find_package)
[2.292s]   /opt/ros/humble/share/ament_cmake_core/cmake/core/ament_execute_extensions.cmake:48 (include)
[2.292s]   /opt/ros/humble/share/rosidl_cmake/cmake/rosidl_generate_interfaces.cmake:286 (ament_execute_extensions)
[2.292s]   CMakeLists.txt:10 (rosidl_generate_interfaces)
[2.292s] This warning is for project developers.  Use -Wno-dev to suppress it.
[2.292s] [0m
[2.302s] -- Found PythonLibs: /usr/lib/x86_64-linux-gnu/libpython3.10.so (found suitable version "3.10.12", minimum required is "3.5")
[2.302s] -- Using PYTHON_EXECUTABLE: /usr/bin/python3
[2.302s] -- Using PYTHON_INCLUDE_DIRS: /usr/include/python3.10
[2.302s] -- Using PYTHON_LIBRARIES: /usr/lib/x86_64-linux-gnu/libpython3.10.so
[2.324s] -- Found PythonExtra: .so
[2.403s] -- Configuring done (2.4s)
[2.465s] -- Generating done (0.1s)
[2.473s] -- Build files have been written to: /home/sungbhin/hpc_v2/build/interfaces_pkg
[2.480s] Invoked command in '/home/sungbhin/hpc_v2/build/interfaces_pkg' returned '0': CMAKE_PREFIX_PATH=/opt/ros/humble /usr/local/bin/cmake /home/sungbhin/hpc_v2/src/interfaces_pkg -DAMENT_CMAKE_SYMLINK_INSTALL=1 -DCMAKE_INSTALL_PREFIX=/home/sungbhin/hpc_v2/install/interfaces_pkg
[2.482s] Invoking command in '/home/sungbhin/hpc_v2/build/interfaces_pkg': CMAKE_PREFIX_PATH=/opt/ros/humble /usr/local/bin/cmake --build /home/sungbhin/hpc_v2/build/interfaces_pkg -- -j16 -l16
[2.510s] [  0%] [34m[1mGenerating C code for ROS interfaces[0m
[2.517s] [  0%] [34m[1mGenerating C++ code for ROS interfaces[0m
[2.518s] [  0%] Built target ament_cmake_python_symlink_interfaces_pkg
[2.762s] running egg_info
[2.763s] creating interfaces_pkg.egg-info
[2.763s] writing interfaces_pkg.egg-info/PKG-INFO
[2.763s] writing dependency_links to interfaces_pkg.egg-info/dependency_links.txt
[2.763s] writing top-level names to interfaces_pkg.egg-info/top_level.txt
[2.763s] writing manifest file 'interfaces_pkg.egg-info/SOURCES.txt'
[2.765s] reading manifest file 'interfaces_pkg.egg-info/SOURCES.txt'
[2.765s] writing manifest file 'interfaces_pkg.egg-info/SOURCES.txt'
[2.786s] [  0%] Built target ament_cmake_python_build_interfaces_pkg_egg
[3.472s] [  0%] Built target interfaces_pkg__cpp
[3.478s] [  1%] [34m[1mGenerating C++ type support for eProsima Fast-RTPS[0m
[3.478s] [  2%] [34m[1mGenerating C++ type support dispatch for ROS interfaces[0m
[3.479s] [  2%] [34m[1mGenerating C++ introspection for ROS interfaces[0m
[3.569s] [  4%] [32mBuilding C object CMakeFiles/interfaces_pkg__rosidl_generator_c.dir/rosidl_generator_c/interfaces_pkg/msg/detail/point2_d__functions.c.o[0m
[3.569s] [  4%] [32mBuilding C object CMakeFiles/interfaces_pkg__rosidl_generator_c.dir/rosidl_generator_c/interfaces_pkg/msg/detail/pose2_d__functions.c.o[0m
[3.569s] [  4%] [32mBuilding C object CMakeFiles/interfaces_pkg__rosidl_generator_c.dir/rosidl_generator_c/interfaces_pkg/msg/detail/vector2__functions.c.o[0m
[3.569s] [  5%] [32mBuilding C object CMakeFiles/interfaces_pkg__rosidl_generator_c.dir/rosidl_generator_c/interfaces_pkg/msg/detail/bounding_box2_d__functions.c.o[0m
[3.569s] [  6%] [32mBuilding C object CMakeFiles/interfaces_pkg__rosidl_generator_c.dir/rosidl_generator_c/interfaces_pkg/msg/detail/bounding_box3_d__functions.c.o[0m
[3.569s] [  5%] [32mBuilding C object CMakeFiles/interfaces_pkg__rosidl_generator_c.dir/rosidl_generator_c/interfaces_pkg/msg/detail/mask__functions.c.o[0m
[3.570s] [  7%] [32mBuilding C object CMakeFiles/interfaces_pkg__rosidl_generator_c.dir/rosidl_generator_c/interfaces_pkg/msg/detail/key_point2_d__functions.c.o[0m
[3.570s] [  8%] [32mBuilding C object CMakeFiles/interfaces_pkg__rosidl_generator_c.dir/rosidl_generator_c/interfaces_pkg/msg/detail/key_point2_d_array__functions.c.o[0m
[3.570s] [  9%] [32mBuilding C object CMakeFiles/interfaces_pkg__rosidl_generator_c.dir/rosidl_generator_c/interfaces_pkg/msg/detail/key_point3_d_array__functions.c.o[0m
[3.570s] [  9%] [32mBuilding C object CMakeFiles/interfaces_pkg__rosidl_generator_c.dir/rosidl_generator_c/interfaces_pkg/msg/detail/key_point3_d__functions.c.o[0m
[3.570s] [ 10%] [32mBuilding C object CMakeFiles/interfaces_pkg__rosidl_generator_c.dir/rosidl_generator_c/interfaces_pkg/msg/detail/detection__functions.c.o[0m
[3.570s] [ 10%] [32mBuilding C object CMakeFiles/interfaces_pkg__rosidl_generator_c.dir/rosidl_generator_c/interfaces_pkg/msg/detail/detection_array__functions.c.o[0m
[3.571s] [ 11%] [32mBuilding C object CMakeFiles/interfaces_pkg__rosidl_generator_c.dir/rosidl_generator_c/interfaces_pkg/msg/detail/lane_info__functions.c.o[0m
[3.670s] [ 12%] [32mBuilding C object CMakeFiles/interfaces_pkg__rosidl_generator_c.dir/rosidl_generator_c/interfaces_pkg/msg/detail/motion_command__functions.c.o[0m
[3.674s] [ 12%] [32mBuilding C object CMakeFiles/interfaces_pkg__rosidl_generator_c.dir/rosidl_generator_c/interfaces_pkg/msg/detail/target_point__functions.c.o[0m
[3.674s] [ 13%] [32mBuilding C object CMakeFiles/interfaces_pkg__rosidl_generator_c.dir/rosidl_generator_c/interfaces_pkg/msg/detail/path_planning_result__functions.c.o[0m
[3.727s] [ 14%] [32m[1mLinking C shared library libinterfaces_pkg__rosidl_generator_c.so[0m
[3.766s] [ 14%] Built target interfaces_pkg__rosidl_generator_c
[3.774s] [ 16%] [34m[1mGenerating C type support dispatch for ROS interfaces[0m
[3.774s] [ 16%] [34m[1mGenerating C type support for eProsima Fast-RTPS[0m
[3.774s] [ 17%] [34m[1mGenerating C introspection for ROS interfaces[0m
[4.433s] [ 18%] [32mBuilding CXX object CMakeFiles/interfaces_pkg__rosidl_typesupport_cpp.dir/rosidl_typesupport_cpp/interfaces_pkg/msg/point2_d__type_support.cpp.o[0m
[4.433s] [ 18%] [32mBuilding CXX object CMakeFiles/interfaces_pkg__rosidl_typesupport_cpp.dir/rosidl_typesupport_cpp/interfaces_pkg/msg/vector2__type_support.cpp.o[0m
[4.433s] [ 20%] [32mBuilding CXX object CMakeFiles/interfaces_pkg__rosidl_typesupport_cpp.dir/rosidl_typesupport_cpp/interfaces_pkg/msg/bounding_box3_d__type_support.cpp.o[0m
[4.433s] [ 20%] [32mBuilding CXX object CMakeFiles/interfaces_pkg__rosidl_typesupport_cpp.dir/rosidl_typesupport_cpp/interfaces_pkg/msg/pose2_d__type_support.cpp.o[0m
[4.433s] [ 20%] [32mBuilding CXX object CMakeFiles/interfaces_pkg__rosidl_typesupport_cpp.dir/rosidl_typesupport_cpp/interfaces_pkg/msg/bounding_box2_d__type_support.cpp.o[0m
[4.434s] [ 21%] [32mBuilding CXX object CMakeFiles/interfaces_pkg__rosidl_typesupport_cpp.dir/rosidl_typesupport_cpp/interfaces_pkg/msg/mask__type_support.cpp.o[0m
[4.434s] [ 22%] [32mBuilding CXX object CMakeFiles/interfaces_pkg__rosidl_typesupport_cpp.dir/rosidl_typesupport_cpp/interfaces_pkg/msg/key_point2_d_array__type_support.cpp.o[0m
[4.435s] [ 22%] [32mBuilding CXX object CMakeFiles/interfaces_pkg__rosidl_typesupport_cpp.dir/rosidl_typesupport_cpp/interfaces_pkg/msg/key_point2_d__type_support.cpp.o[0m
[4.436s] [ 23%] [32mBuilding CXX object CMakeFiles/interfaces_pkg__rosidl_typesupport_cpp.dir/rosidl_typesupport_cpp/interfaces_pkg/msg/key_point3_d__type_support.cpp.o[0m
[4.436s] [ 24%] [32mBuilding CXX object CMakeFiles/interfaces_pkg__rosidl_typesupport_cpp.dir/rosidl_typesupport_cpp/interfaces_pkg/msg/key_point3_d_array__type_support.cpp.o[0m
[4.436s] [ 24%] [32mBuilding CXX object CMakeFiles/interfaces_pkg__rosidl_typesupport_cpp.dir/rosidl_typesupport_cpp/interfaces_pkg/msg/detection__type_support.cpp.o[0m
[4.888s] [ 25%] [32mBuilding CXX object CMakeFiles/interfaces_pkg__rosidl_typesupport_introspection_cpp.dir/rosidl_typesupport_introspection_cpp/interfaces_pkg/msg/detail/point2_d__type_support.cpp.o[0m
[4.988s] [ 25%] [32mBuilding CXX object CMakeFiles/interfaces_pkg__rosidl_typesupport_c.dir/rosidl_typesupport_c/interfaces_pkg/msg/point2_d__type_support.cpp.o[0m
[5.028s] [ 26%] [32mBuilding CXX object CMakeFiles/interfaces_pkg__rosidl_typesupport_c.dir/rosidl_typesupport_c/interfaces_pkg/msg/vector2__type_support.cpp.o[0m
[5.029s] [ 27%] [32mBuilding CXX object CMakeFiles/interfaces_pkg__rosidl_typesupport_cpp.dir/rosidl_typesupport_cpp/interfaces_pkg/msg/detection_array__type_support.cpp.o[0m
[5.029s] [ 27%] [32mBuilding CXX object CMakeFiles/interfaces_pkg__rosidl_typesupport_c.dir/rosidl_typesupport_c/interfaces_pkg/msg/bounding_box2_d__type_support.cpp.o[0m
[5.029s] [ 28%] [32mBuilding CXX object CMakeFiles/interfaces_pkg__rosidl_typesupport_c.dir/rosidl_typesupport_c/interfaces_pkg/msg/pose2_d__type_support.cpp.o[0m
[5.036s] [ 29%] [32mBuilding CXX object CMakeFiles/interfaces_pkg__rosidl_typesupport_cpp.dir/rosidl_typesupport_cpp/interfaces_pkg/msg/lane_info__type_support.cpp.o[0m
[5.037s] [ 30%] [32mBuilding CXX object CMakeFiles/interfaces_pkg__rosidl_typesupport_introspection_cpp.dir/rosidl_typesupport_introspection_cpp/interfaces_pkg/msg/detail/vector2__type_support.cpp.o[0m
[5.037s] [ 30%] [32mBuilding CXX object CMakeFiles/interfaces_pkg__rosidl_typesupport_cpp.dir/rosidl_typesupport_cpp/interfaces_pkg/msg/motion_command__type_support.cpp.o[0m
[5.037s] [ 31%] [32mBuilding CXX object CMakeFiles/interfaces_pkg__rosidl_typesupport_c.dir/rosidl_typesupport_c/interfaces_pkg/msg/bounding_box3_d__type_support.cpp.o[0m
[5.048s] [ 32%] [32mBuilding CXX object CMakeFiles/interfaces_pkg__rosidl_typesupport_c.dir/rosidl_typesupport_c/interfaces_pkg/msg/mask__type_support.cpp.o[0m
[5.052s] [ 32%] [32mBuilding CXX object CMakeFiles/interfaces_pkg__rosidl_typesupport_c.dir/rosidl_typesupport_c/interfaces_pkg/msg/key_point2_d__type_support.cpp.o[0m
[5.054s] [ 33%] [32mBuilding CXX object CMakeFiles/interfaces_pkg__rosidl_typesupport_cpp.dir/rosidl_typesupport_cpp/interfaces_pkg/msg/target_point__type_support.cpp.o[0m
[5.059s] [ 33%] [32mBuilding CXX object CMakeFiles/interfaces_pkg__rosidl_typesupport_introspection_cpp.dir/rosidl_typesupport_introspection_cpp/interfaces_pkg/msg/detail/pose2_d__type_support.cpp.o[0m
[5.085s] [ 34%] [32mBuilding CXX object CMakeFiles/interfaces_pkg__rosidl_typesupport_introspection_cpp.dir/rosidl_typesupport_introspection_cpp/interfaces_pkg/msg/detail/bounding_box2_d__type_support.cpp.o[0m
[5.086s] [ 35%] [32mBuilding CXX object CMakeFiles/interfaces_pkg__rosidl_typesupport_introspection_cpp.dir/rosidl_typesupport_introspection_cpp/interfaces_pkg/msg/detail/bounding_box3_d__type_support.cpp.o[0m
[5.095s] [ 36%] [32mBuilding CXX object CMakeFiles/interfaces_pkg__rosidl_typesupport_cpp.dir/rosidl_typesupport_cpp/interfaces_pkg/msg/path_planning_result__type_support.cpp.o[0m
[5.097s] [ 36%] [32mBuilding CXX object CMakeFiles/interfaces_pkg__rosidl_typesupport_introspection_cpp.dir/rosidl_typesupport_introspection_cpp/interfaces_pkg/msg/detail/mask__type_support.cpp.o[0m
[5.104s] [ 37%] [32mBuilding CXX object CMakeFiles/interfaces_pkg__rosidl_typesupport_introspection_cpp.dir/rosidl_typesupport_introspection_cpp/interfaces_pkg/msg/detail/key_point2_d__type_support.cpp.o[0m
[5.109s] [ 38%] [32mBuilding CXX object CMakeFiles/interfaces_pkg__rosidl_typesupport_c.dir/rosidl_typesupport_c/interfaces_pkg/msg/key_point2_d_array__type_support.cpp.o[0m
[5.162s] [ 39%] [32mBuilding CXX object CMakeFiles/interfaces_pkg__rosidl_typesupport_c.dir/rosidl_typesupport_c/interfaces_pkg/msg/key_point3_d__type_support.cpp.o[0m
[5.220s] [ 39%] [32mBuilding CXX object CMakeFiles/interfaces_pkg__rosidl_typesupport_c.dir/rosidl_typesupport_c/interfaces_pkg/msg/key_point3_d_array__type_support.cpp.o[0m
[5.236s] [ 40%] [32mBuilding CXX object CMakeFiles/interfaces_pkg__rosidl_typesupport_fastrtps_cpp.dir/rosidl_typesupport_fastrtps_cpp/interfaces_pkg/msg/detail/dds_fastrtps/point2_d__type_support.cpp.o[0m
[5.286s] [ 41%] [32mBuilding CXX object CMakeFiles/interfaces_pkg__rosidl_typesupport_c.dir/rosidl_typesupport_c/interfaces_pkg/msg/detection__type_support.cpp.o[0m
[5.349s] [ 42%] [32mBuilding CXX object CMakeFiles/interfaces_pkg__rosidl_typesupport_c.dir/rosidl_typesupport_c/interfaces_pkg/msg/detection_array__type_support.cpp.o[0m
[5.412s] [ 42%] [32mBuilding CXX object CMakeFiles/interfaces_pkg__rosidl_typesupport_c.dir/rosidl_typesupport_c/interfaces_pkg/msg/lane_info__type_support.cpp.o[0m
[5.470s] [ 43%] [32mBuilding CXX object CMakeFiles/interfaces_pkg__rosidl_typesupport_c.dir/rosidl_typesupport_c/interfaces_pkg/msg/motion_command__type_support.cpp.o[0m
[5.525s] [ 44%] [32mBuilding CXX object CMakeFiles/interfaces_pkg__rosidl_typesupport_c.dir/rosidl_typesupport_c/interfaces_pkg/msg/target_point__type_support.cpp.o[0m
[5.551s] [ 45%] [32mBuilding C object CMakeFiles/interfaces_pkg__rosidl_typesupport_introspection_c.dir/rosidl_typesupport_introspection_c/interfaces_pkg/msg/detail/point2_d__type_support.c.o[0m
[5.578s] [ 45%] [32mBuilding CXX object CMakeFiles/interfaces_pkg__rosidl_typesupport_fastrtps_cpp.dir/rosidl_typesupport_fastrtps_cpp/interfaces_pkg/msg/detail/dds_fastrtps/vector2__type_support.cpp.o[0m
[5.592s] [ 45%] [32mBuilding CXX object CMakeFiles/interfaces_pkg__rosidl_typesupport_c.dir/rosidl_typesupport_c/interfaces_pkg/msg/path_planning_result__type_support.cpp.o[0m
[5.619s] [ 46%] [32mBuilding CXX object CMakeFiles/interfaces_pkg__rosidl_typesupport_introspection_cpp.dir/rosidl_typesupport_introspection_cpp/interfaces_pkg/msg/detail/key_point2_d_array__type_support.cpp.o[0m
[5.627s] [ 47%] [32mBuilding CXX object CMakeFiles/interfaces_pkg__rosidl_typesupport_fastrtps_cpp.dir/rosidl_typesupport_fastrtps_cpp/interfaces_pkg/msg/detail/dds_fastrtps/pose2_d__type_support.cpp.o[0m
[5.628s] [ 47%] [32mBuilding C object CMakeFiles/interfaces_pkg__rosidl_typesupport_introspection_c.dir/rosidl_typesupport_introspection_c/interfaces_pkg/msg/detail/vector2__type_support.c.o[0m
[5.629s] [ 47%] [32mBuilding CXX object CMakeFiles/interfaces_pkg__rosidl_typesupport_fastrtps_c.dir/rosidl_typesupport_fastrtps_c/interfaces_pkg/msg/detail/point2_d__type_support_c.cpp.o[0m
[5.644s] [ 47%] [32mBuilding CXX object CMakeFiles/interfaces_pkg__rosidl_typesupport_introspection_cpp.dir/rosidl_typesupport_introspection_cpp/interfaces_pkg/msg/detail/key_point3_d__type_support.cpp.o[0m
[5.672s] [ 48%] [32m[1mLinking CXX shared library libinterfaces_pkg__rosidl_typesupport_c.so[0m
[5.688s] [ 48%] [32m[1mLinking CXX shared library libinterfaces_pkg__rosidl_typesupport_cpp.so[0m
[5.711s] [ 49%] [32mBuilding C object CMakeFiles/interfaces_pkg__rosidl_typesupport_introspection_c.dir/rosidl_typesupport_introspection_c/interfaces_pkg/msg/detail/pose2_d__type_support.c.o[0m
[5.726s] [ 50%] [32mBuilding CXX object CMakeFiles/interfaces_pkg__rosidl_typesupport_fastrtps_c.dir/rosidl_typesupport_fastrtps_c/interfaces_pkg/msg/detail/vector2__type_support_c.cpp.o[0m
[5.782s] [ 50%] Built target interfaces_pkg__rosidl_typesupport_cpp
[5.790s] [ 51%] [32mBuilding C object CMakeFiles/interfaces_pkg__rosidl_typesupport_introspection_c.dir/rosidl_typesupport_introspection_c/interfaces_pkg/msg/detail/bounding_box2_d__type_support.c.o[0m
[5.790s] [ 51%] Built target interfaces_pkg__rosidl_typesupport_c
[5.799s] [ 52%] [32mBuilding CXX object CMakeFiles/interfaces_pkg__rosidl_typesupport_introspection_cpp.dir/rosidl_typesupport_introspection_cpp/interfaces_pkg/msg/detail/key_point3_d_array__type_support.cpp.o[0m
[5.803s] [ 53%] [32mBuilding CXX object CMakeFiles/interfaces_pkg__rosidl_typesupport_introspection_cpp.dir/rosidl_typesupport_introspection_cpp/interfaces_pkg/msg/detail/detection__type_support.cpp.o[0m
[5.869s] [ 53%] [32mBuilding C object CMakeFiles/interfaces_pkg__rosidl_typesupport_introspection_c.dir/rosidl_typesupport_introspection_c/interfaces_pkg/msg/detail/bounding_box3_d__type_support.c.o[0m
[5.927s] [ 54%] [32mBuilding CXX object CMakeFiles/interfaces_pkg__rosidl_typesupport_fastrtps_c.dir/rosidl_typesupport_fastrtps_c/interfaces_pkg/msg/detail/pose2_d__type_support_c.cpp.o[0m
[5.929s] [ 55%] [32mBuilding CXX object CMakeFiles/interfaces_pkg__rosidl_typesupport_fastrtps_cpp.dir/rosidl_typesupport_fastrtps_cpp/interfaces_pkg/msg/detail/dds_fastrtps/bounding_box2_d__type_support.cpp.o[0m
[5.932s] [ 56%] [32mBuilding C object CMakeFiles/interfaces_pkg__rosidl_typesupport_introspection_c.dir/rosidl_typesupport_introspection_c/interfaces_pkg/msg/detail/mask__type_support.c.o[0m
[5.939s] [ 56%] [32mBuilding CXX object CMakeFiles/interfaces_pkg__rosidl_typesupport_fastrtps_cpp.dir/rosidl_typesupport_fastrtps_cpp/interfaces_pkg/msg/detail/dds_fastrtps/bounding_box3_d__type_support.cpp.o[0m
[5.954s] [ 57%] [32mBuilding C object CMakeFiles/interfaces_pkg__rosidl_typesupport_introspection_c.dir/rosidl_typesupport_introspection_c/interfaces_pkg/msg/detail/key_point2_d__type_support.c.o[0m
[5.973s] [ 57%] [32mBuilding C object CMakeFiles/interfaces_pkg__rosidl_typesupport_introspection_c.dir/rosidl_typesupport_introspection_c/interfaces_pkg/msg/detail/key_point2_d_array__type_support.c.o[0m
[6.016s] [ 57%] [32mBuilding CXX object CMakeFiles/interfaces_pkg__rosidl_typesupport_fastrtps_c.dir/rosidl_typesupport_fastrtps_c/interfaces_pkg/msg/detail/bounding_box2_d__type_support_c.cpp.o[0m
[6.023s] [ 58%] [32mBuilding C object CMakeFiles/interfaces_pkg__rosidl_typesupport_introspection_c.dir/rosidl_typesupport_introspection_c/interfaces_pkg/msg/detail/key_point3_d__type_support.c.o[0m
[6.032s] [ 59%] [32mBuilding CXX object CMakeFiles/interfaces_pkg__rosidl_typesupport_fastrtps_cpp.dir/rosidl_typesupport_fastrtps_cpp/interfaces_pkg/msg/detail/dds_fastrtps/mask__type_support.cpp.o[0m
[6.071s] [ 60%] [32mBuilding CXX object CMakeFiles/interfaces_pkg__rosidl_typesupport_fastrtps_cpp.dir/rosidl_typesupport_fastrtps_cpp/interfaces_pkg/msg/detail/dds_fastrtps/key_point2_d__type_support.cpp.o[0m
[6.101s] [ 61%] [32mBuilding C object CMakeFiles/interfaces_pkg__rosidl_typesupport_introspection_c.dir/rosidl_typesupport_introspection_c/interfaces_pkg/msg/detail/key_point3_d_array__type_support.c.o[0m
[6.135s] [ 62%] [32mBuilding CXX object CMakeFiles/interfaces_pkg__rosidl_typesupport_fastrtps_c.dir/rosidl_typesupport_fastrtps_c/interfaces_pkg/msg/detail/bounding_box3_d__type_support_c.cpp.o[0m
[6.183s] [ 62%] [32mBuilding C object CMakeFiles/interfaces_pkg__rosidl_typesupport_introspection_c.dir/rosidl_typesupport_introspection_c/interfaces_pkg/msg/detail/detection__type_support.c.o[0m
[6.270s] [ 63%] [32mBuilding C object CMakeFiles/interfaces_pkg__rosidl_typesupport_introspection_c.dir/rosidl_typesupport_introspection_c/interfaces_pkg/msg/detail/detection_array__type_support.c.o[0m
[6.383s] [ 64%] [32mBuilding C object CMakeFiles/interfaces_pkg__rosidl_typesupport_introspection_c.dir/rosidl_typesupport_introspection_c/interfaces_pkg/msg/detail/lane_info__type_support.c.o[0m
[6.463s] [ 64%] [32mBuilding C object CMakeFiles/interfaces_pkg__rosidl_typesupport_introspection_c.dir/rosidl_typesupport_introspection_c/interfaces_pkg/msg/detail/motion_command__type_support.c.o[0m
[6.483s] [ 64%] [32mBuilding CXX object CMakeFiles/interfaces_pkg__rosidl_typesupport_fastrtps_cpp.dir/rosidl_typesupport_fastrtps_cpp/interfaces_pkg/msg/detail/dds_fastrtps/key_point2_d_array__type_support.cpp.o[0m
[6.493s] [ 64%] [32mBuilding CXX object CMakeFiles/interfaces_pkg__rosidl_typesupport_introspection_cpp.dir/rosidl_typesupport_introspection_cpp/interfaces_pkg/msg/detail/detection_array__type_support.cpp.o[0m
[6.536s] [ 65%] [32mBuilding C object CMakeFiles/interfaces_pkg__rosidl_typesupport_introspection_c.dir/rosidl_typesupport_introspection_c/interfaces_pkg/msg/detail/target_point__type_support.c.o[0m
[6.558s] [ 66%] [32mBuilding CXX object CMakeFiles/interfaces_pkg__rosidl_typesupport_fastrtps_c.dir/rosidl_typesupport_fastrtps_c/interfaces_pkg/msg/detail/mask__type_support_c.cpp.o[0m
[6.593s] [ 67%] [32mBuilding C object CMakeFiles/interfaces_pkg__rosidl_typesupport_introspection_c.dir/rosidl_typesupport_introspection_c/interfaces_pkg/msg/detail/path_planning_result__type_support.c.o[0m
[6.596s] [ 67%] [32mBuilding CXX object CMakeFiles/interfaces_pkg__rosidl_typesupport_fastrtps_c.dir/rosidl_typesupport_fastrtps_c/interfaces_pkg/msg/detail/key_point2_d__type_support_c.cpp.o[0m
[6.602s] [ 68%] [32mBuilding CXX object CMakeFiles/interfaces_pkg__rosidl_typesupport_fastrtps_c.dir/rosidl_typesupport_fastrtps_c/interfaces_pkg/msg/detail/key_point2_d_array__type_support_c.cpp.o[0m
[6.606s] [ 69%] [32mBuilding CXX object CMakeFiles/interfaces_pkg__rosidl_typesupport_fastrtps_cpp.dir/rosidl_typesupport_fastrtps_cpp/interfaces_pkg/msg/detail/dds_fastrtps/key_point3_d__type_support.cpp.o[0m
[6.674s] [ 69%] [32m[1mLinking C shared library libinterfaces_pkg__rosidl_typesupport_introspection_c.so[0m
[6.728s] [ 70%] [32mBuilding CXX object CMakeFiles/interfaces_pkg__rosidl_typesupport_introspection_cpp.dir/rosidl_typesupport_introspection_cpp/interfaces_pkg/msg/detail/lane_info__type_support.cpp.o[0m
[6.771s] [ 70%] Built target interfaces_pkg__rosidl_typesupport_introspection_c
[6.790s] [ 71%] [32mBuilding CXX object CMakeFiles/interfaces_pkg__rosidl_typesupport_introspection_cpp.dir/rosidl_typesupport_introspection_cpp/interfaces_pkg/msg/detail/motion_command__type_support.cpp.o[0m
[6.801s] [ 72%] [32mBuilding CXX object CMakeFiles/interfaces_pkg__rosidl_typesupport_fastrtps_cpp.dir/rosidl_typesupport_fastrtps_cpp/interfaces_pkg/msg/detail/dds_fastrtps/key_point3_d_array__type_support.cpp.o[0m
[6.807s] [ 72%] [32mBuilding CXX object CMakeFiles/interfaces_pkg__rosidl_typesupport_fastrtps_cpp.dir/rosidl_typesupport_fastrtps_cpp/interfaces_pkg/msg/detail/dds_fastrtps/detection__type_support.cpp.o[0m
[6.845s] [ 72%] [32mBuilding CXX object CMakeFiles/interfaces_pkg__rosidl_typesupport_introspection_cpp.dir/rosidl_typesupport_introspection_cpp/interfaces_pkg/msg/detail/target_point__type_support.cpp.o[0m
[6.913s] [ 73%] [32mBuilding CXX object CMakeFiles/interfaces_pkg__rosidl_typesupport_introspection_cpp.dir/rosidl_typesupport_introspection_cpp/interfaces_pkg/msg/detail/path_planning_result__type_support.cpp.o[0m
[6.936s] [ 74%] [32mBuilding CXX object CMakeFiles/interfaces_pkg__rosidl_typesupport_fastrtps_c.dir/rosidl_typesupport_fastrtps_c/interfaces_pkg/msg/detail/key_point3_d__type_support_c.cpp.o[0m
[6.971s] [ 75%] [32mBuilding CXX object CMakeFiles/interfaces_pkg__rosidl_typesupport_fastrtps_cpp.dir/rosidl_typesupport_fastrtps_cpp/interfaces_pkg/msg/detail/dds_fastrtps/detection_array__type_support.cpp.o[0m
[7.004s] [ 76%] [32mBuilding CXX object CMakeFiles/interfaces_pkg__rosidl_typesupport_fastrtps_cpp.dir/rosidl_typesupport_fastrtps_cpp/interfaces_pkg/msg/detail/dds_fastrtps/lane_info__type_support.cpp.o[0m
[7.093s] [ 76%] [32mBuilding CXX object CMakeFiles/interfaces_pkg__rosidl_typesupport_fastrtps_cpp.dir/rosidl_typesupport_fastrtps_cpp/interfaces_pkg/msg/detail/dds_fastrtps/motion_command__type_support.cpp.o[0m
[7.322s] [ 77%] [32mBuilding CXX object CMakeFiles/interfaces_pkg__rosidl_typesupport_fastrtps_cpp.dir/rosidl_typesupport_fastrtps_cpp/interfaces_pkg/msg/detail/dds_fastrtps/target_point__type_support.cpp.o[0m
[7.326s] [ 78%] [32mBuilding CXX object CMakeFiles/interfaces_pkg__rosidl_typesupport_fastrtps_cpp.dir/rosidl_typesupport_fastrtps_cpp/interfaces_pkg/msg/detail/dds_fastrtps/path_planning_result__type_support.cpp.o[0m
[7.328s] [ 78%] [32mBuilding CXX object CMakeFiles/interfaces_pkg__rosidl_typesupport_fastrtps_c.dir/rosidl_typesupport_fastrtps_c/interfaces_pkg/msg/detail/key_point3_d_array__type_support_c.cpp.o[0m
[7.426s] [ 79%] [32mBuilding CXX object CMakeFiles/interfaces_pkg__rosidl_typesupport_fastrtps_c.dir/rosidl_typesupport_fastrtps_c/interfaces_pkg/msg/detail/detection__type_support_c.cpp.o[0m
[7.429s] [ 80%] [32mBuilding CXX object CMakeFiles/interfaces_pkg__rosidl_typesupport_fastrtps_c.dir/rosidl_typesupport_fastrtps_c/interfaces_pkg/msg/detail/detection_array__type_support_c.cpp.o[0m
[7.570s] [ 80%] [32mBuilding CXX object CMakeFiles/interfaces_pkg__rosidl_typesupport_fastrtps_c.dir/rosidl_typesupport_fastrtps_c/interfaces_pkg/msg/detail/lane_info__type_support_c.cpp.o[0m
[7.637s] [ 81%] [32mBuilding CXX object CMakeFiles/interfaces_pkg__rosidl_typesupport_fastrtps_c.dir/rosidl_typesupport_fastrtps_c/interfaces_pkg/msg/detail/motion_command__type_support_c.cpp.o[0m
[7.673s] [ 82%] [32mBuilding CXX object CMakeFiles/interfaces_pkg__rosidl_typesupport_fastrtps_c.dir/rosidl_typesupport_fastrtps_c/interfaces_pkg/msg/detail/target_point__type_support_c.cpp.o[0m
[7.690s] [ 82%] [32mBuilding CXX object CMakeFiles/interfaces_pkg__rosidl_typesupport_fastrtps_c.dir/rosidl_typesupport_fastrtps_c/interfaces_pkg/msg/detail/path_planning_result__type_support_c.cpp.o[0m
[7.795s] [ 83%] [32m[1mLinking CXX shared library libinterfaces_pkg__rosidl_typesupport_introspection_cpp.so[0m
[8.017s] [ 83%] Built target interfaces_pkg__rosidl_typesupport_introspection_cpp
[8.118s] [ 83%] [32m[1mLinking CXX shared library libinterfaces_pkg__rosidl_typesupport_fastrtps_cpp.so[0m
[8.217s] [ 83%] Built target interfaces_pkg__rosidl_typesupport_fastrtps_cpp
[8.221s] [ 84%] [32m[1mLinking CXX shared library libinterfaces_pkg__rosidl_typesupport_fastrtps_c.so[0m
[8.314s] [ 84%] Built target interfaces_pkg__rosidl_typesupport_fastrtps_c
[8.326s] [ 84%] Built target interfaces_pkg
[8.339s] [ 85%] [34m[1mGenerating Python code for ROS interfaces[0m
[9.821s] [ 85%] Built target interfaces_pkg__py
[9.836s] [ 85%] [32mBuilding C object CMakeFiles/interfaces_pkg__rosidl_generator_py.dir/rosidl_generator_py/interfaces_pkg/msg/_bounding_box2_d_s.c.o[0m
[9.837s] [ 85%] [32mBuilding C object CMakeFiles/interfaces_pkg__rosidl_generator_py.dir/rosidl_generator_py/interfaces_pkg/msg/_point2_d_s.c.o[0m
[9.837s] [ 86%] [32mBuilding C object CMakeFiles/interfaces_pkg__rosidl_generator_py.dir/rosidl_generator_py/interfaces_pkg/msg/_vector2_s.c.o[0m
[9.837s] [ 87%] [32mBuilding C object CMakeFiles/interfaces_pkg__rosidl_generator_py.dir/rosidl_generator_py/interfaces_pkg/msg/_pose2_d_s.c.o[0m
[9.837s] [ 88%] [32mBuilding C object CMakeFiles/interfaces_pkg__rosidl_generator_py.dir/rosidl_generator_py/interfaces_pkg/msg/_key_point2_d_s.c.o[0m
[9.837s] [ 89%] [32mBuilding C object CMakeFiles/interfaces_pkg__rosidl_generator_py.dir/rosidl_generator_py/interfaces_pkg/msg/_bounding_box3_d_s.c.o[0m
[9.837s] [ 89%] [32mBuilding C object CMakeFiles/interfaces_pkg__rosidl_generator_py.dir/rosidl_generator_py/interfaces_pkg/msg/_mask_s.c.o[0m
[9.838s] [ 90%] [32mBuilding C object CMakeFiles/interfaces_pkg__rosidl_generator_py.dir/rosidl_generator_py/interfaces_pkg/msg/_key_point2_d_array_s.c.o[0m
[9.838s] [ 91%] [32mBuilding C object CMakeFiles/interfaces_pkg__rosidl_generator_py.dir/rosidl_generator_py/interfaces_pkg/msg/_key_point3_d_s.c.o[0m
[9.838s] [ 91%] [32mBuilding C object CMakeFiles/interfaces_pkg__rosidl_generator_py.dir/rosidl_generator_py/interfaces_pkg/msg/_key_point3_d_array_s.c.o[0m
[9.839s] [ 92%] [32mBuilding C object CMakeFiles/interfaces_pkg__rosidl_generator_py.dir/rosidl_generator_py/interfaces_pkg/msg/_detection_s.c.o[0m
[9.839s] [ 93%] [32mBuilding C object CMakeFiles/interfaces_pkg__rosidl_generator_py.dir/rosidl_generator_py/interfaces_pkg/msg/_detection_array_s.c.o[0m
[9.839s] [ 93%] [32mBuilding C object CMakeFiles/interfaces_pkg__rosidl_generator_py.dir/rosidl_generator_py/interfaces_pkg/msg/_lane_info_s.c.o[0m
[9.840s] [ 94%] [32mBuilding C object CMakeFiles/interfaces_pkg__rosidl_generator_py.dir/rosidl_generator_py/interfaces_pkg/msg/_motion_command_s.c.o[0m
[9.840s] [ 95%] [32mBuilding C object CMakeFiles/interfaces_pkg__rosidl_generator_py.dir/rosidl_generator_py/interfaces_pkg/msg/_target_point_s.c.o[0m
[9.840s] [ 95%] [32mBuilding C object CMakeFiles/interfaces_pkg__rosidl_generator_py.dir/rosidl_generator_py/interfaces_pkg/msg/_path_planning_result_s.c.o[0m
[10.079s] [ 96%] [32m[1mLinking C shared library rosidl_generator_py/interfaces_pkg/libinterfaces_pkg__rosidl_generator_py.so[0m
[10.122s] [ 96%] Built target interfaces_pkg__rosidl_generator_py
[10.134s] [ 97%] [32mBuilding C object CMakeFiles/interfaces_pkg__rosidl_typesupport_introspection_c__pyext.dir/rosidl_generator_py/interfaces_pkg/_interfaces_pkg_s.ep.rosidl_typesupport_introspection_c.c.o[0m
[10.134s] [ 98%] [32mBuilding C object CMakeFiles/interfaces_pkg__rosidl_typesupport_fastrtps_c__pyext.dir/rosidl_generator_py/interfaces_pkg/_interfaces_pkg_s.ep.rosidl_typesupport_fastrtps_c.c.o[0m
[10.135s] [ 99%] [32mBuilding C object CMakeFiles/interfaces_pkg__rosidl_typesupport_c__pyext.dir/rosidl_generator_py/interfaces_pkg/_interfaces_pkg_s.ep.rosidl_typesupport_c.c.o[0m
[10.272s] [ 99%] [32m[1mLinking C shared library rosidl_generator_py/interfaces_pkg/interfaces_pkg_s__rosidl_typesupport_fastrtps_c.cpython-310-x86_64-linux-gnu.so[0m
[10.272s] [100%] [32m[1mLinking C shared library rosidl_generator_py/interfaces_pkg/interfaces_pkg_s__rosidl_typesupport_introspection_c.cpython-310-x86_64-linux-gnu.so[0m
[10.273s] [100%] [32m[1mLinking C shared library rosidl_generator_py/interfaces_pkg/interfaces_pkg_s__rosidl_typesupport_c.cpython-310-x86_64-linux-gnu.so[0m
[10.306s] [100%] Built target interfaces_pkg__rosidl_typesupport_c__pyext
[10.307s] [100%] Built target interfaces_pkg__rosidl_typesupport_fastrtps_c__pyext
[10.308s] [100%] Built target interfaces_pkg__rosidl_typesupport_introspection_c__pyext
[10.317s] Invoked command in '/home/sungbhin/hpc_v2/build/interfaces_pkg' returned '0': CMAKE_PREFIX_PATH=/opt/ros/humble /usr/local/bin/cmake --build /home/sungbhin/hpc_v2/build/interfaces_pkg -- -j16 -l16
[10.319s] Invoking command in '/home/sungbhin/hpc_v2/build/interfaces_pkg': CMAKE_PREFIX_PATH=/opt/ros/humble /usr/local/bin/cmake --install /home/sungbhin/hpc_v2/build/interfaces_pkg
[10.323s] -- Install configuration: ""
[10.324s] -- Execute custom install script
[10.324s] -- Symlinking: /home/sungbhin/hpc_v2/install/interfaces_pkg/share/ament_index/resource_index/rosidl_interfaces/interfaces_pkg
[10.330s] -- Symlinking: /home/sungbhin/hpc_v2/install/interfaces_pkg/include/interfaces_pkg/interfaces_pkg/msg/bounding_box2_d.h
[10.335s] -- Symlinking: /home/sungbhin/hpc_v2/install/interfaces_pkg/include/interfaces_pkg/interfaces_pkg/msg/bounding_box3_d.h
[10.339s] -- Symlinking: /home/sungbhin/hpc_v2/install/interfaces_pkg/include/interfaces_pkg/interfaces_pkg/msg/detail/bounding_box2_d__functions.h
[10.344s] -- Symlinking: /home/sungbhin/hpc_v2/install/interfaces_pkg/include/interfaces_pkg/interfaces_pkg/msg/detail/bounding_box2_d__struct.h
[10.347s] -- Symlinking: /home/sungbhin/hpc_v2/install/interfaces_pkg/include/interfaces_pkg/interfaces_pkg/msg/detail/bounding_box2_d__type_support.h
[10.352s] -- Symlinking: /home/sungbhin/hpc_v2/install/interfaces_pkg/include/interfaces_pkg/interfaces_pkg/msg/detail/bounding_box3_d__functions.h
[10.356s] -- Symlinking: /home/sungbhin/hpc_v2/install/interfaces_pkg/include/interfaces_pkg/interfaces_pkg/msg/detail/bounding_box3_d__struct.h
[10.360s] -- Symlinking: /home/sungbhin/hpc_v2/install/interfaces_pkg/include/interfaces_pkg/interfaces_pkg/msg/detail/bounding_box3_d__type_support.h
[10.365s] -- Symlinking: /home/sungbhin/hpc_v2/install/interfaces_pkg/include/interfaces_pkg/interfaces_pkg/msg/detail/detection__functions.h
[10.368s] -- Symlinking: /home/sungbhin/hpc_v2/install/interfaces_pkg/include/interfaces_pkg/interfaces_pkg/msg/detail/detection__struct.h
[10.372s] -- Symlinking: /home/sungbhin/hpc_v2/install/interfaces_pkg/include/interfaces_pkg/interfaces_pkg/msg/detail/detection__type_support.h
[10.376s] -- Symlinking: /home/sungbhin/hpc_v2/install/interfaces_pkg/include/interfaces_pkg/interfaces_pkg/msg/detail/detection_array__functions.h
[10.379s] -- Symlinking: /home/sungbhin/hpc_v2/install/interfaces_pkg/include/interfaces_pkg/interfaces_pkg/msg/detail/detection_array__struct.h
[10.383s] -- Symlinking: /home/sungbhin/hpc_v2/install/interfaces_pkg/include/interfaces_pkg/interfaces_pkg/msg/detail/detection_array__type_support.h
[10.387s] -- Symlinking: /home/sungbhin/hpc_v2/install/interfaces_pkg/include/interfaces_pkg/interfaces_pkg/msg/detail/key_point2_d__functions.h
[10.391s] -- Symlinking: /home/sungbhin/hpc_v2/install/interfaces_pkg/include/interfaces_pkg/interfaces_pkg/msg/detail/key_point2_d__struct.h
[10.395s] -- Symlinking: /home/sungbhin/hpc_v2/install/interfaces_pkg/include/interfaces_pkg/interfaces_pkg/msg/detail/key_point2_d__type_support.h
[10.400s] -- Symlinking: /home/sungbhin/hpc_v2/install/interfaces_pkg/include/interfaces_pkg/interfaces_pkg/msg/detail/key_point2_d_array__functions.h
[10.404s] -- Symlinking: /home/sungbhin/hpc_v2/install/interfaces_pkg/include/interfaces_pkg/interfaces_pkg/msg/detail/key_point2_d_array__struct.h
[10.409s] -- Symlinking: /home/sungbhin/hpc_v2/install/interfaces_pkg/include/interfaces_pkg/interfaces_pkg/msg/detail/key_point2_d_array__type_support.h
[10.412s] -- Symlinking: /home/sungbhin/hpc_v2/install/interfaces_pkg/include/interfaces_pkg/interfaces_pkg/msg/detail/key_point3_d__functions.h
[10.417s] -- Symlinking: /home/sungbhin/hpc_v2/install/interfaces_pkg/include/interfaces_pkg/interfaces_pkg/msg/detail/key_point3_d__struct.h
[10.420s] -- Symlinking: /home/sungbhin/hpc_v2/install/interfaces_pkg/include/interfaces_pkg/interfaces_pkg/msg/detail/key_point3_d__type_support.h
[10.424s] -- Symlinking: /home/sungbhin/hpc_v2/install/interfaces_pkg/include/interfaces_pkg/interfaces_pkg/msg/detail/key_point3_d_array__functions.h
[10.427s] -- Symlinking: /home/sungbhin/hpc_v2/install/interfaces_pkg/include/interfaces_pkg/interfaces_pkg/msg/detail/key_point3_d_array__struct.h
[10.431s] -- Symlinking: /home/sungbhin/hpc_v2/install/interfaces_pkg/include/interfaces_pkg/interfaces_pkg/msg/detail/key_point3_d_array__type_support.h
[10.435s] -- Symlinking: /home/sungbhin/hpc_v2/install/interfaces_pkg/include/interfaces_pkg/interfaces_pkg/msg/detail/lane_info__functions.h
[10.439s] -- Symlinking: /home/sungbhin/hpc_v2/install/interfaces_pkg/include/interfaces_pkg/interfaces_pkg/msg/detail/lane_info__struct.h
[10.443s] -- Symlinking: /home/sungbhin/hpc_v2/install/interfaces_pkg/include/interfaces_pkg/interfaces_pkg/msg/detail/lane_info__type_support.h
[10.447s] -- Symlinking: /home/sungbhin/hpc_v2/install/interfaces_pkg/include/interfaces_pkg/interfaces_pkg/msg/detail/mask__functions.h
[10.451s] -- Symlinking: /home/sungbhin/hpc_v2/install/interfaces_pkg/include/interfaces_pkg/interfaces_pkg/msg/detail/mask__struct.h
[10.455s] -- Symlinking: /home/sungbhin/hpc_v2/install/interfaces_pkg/include/interfaces_pkg/interfaces_pkg/msg/detail/mask__type_support.h
[10.460s] -- Symlinking: /home/sungbhin/hpc_v2/install/interfaces_pkg/include/interfaces_pkg/interfaces_pkg/msg/detail/motion_command__functions.h
[10.464s] -- Symlinking: /home/sungbhin/hpc_v2/install/interfaces_pkg/include/interfaces_pkg/interfaces_pkg/msg/detail/motion_command__struct.h
[10.468s] -- Symlinking: /home/sungbhin/hpc_v2/install/interfaces_pkg/include/interfaces_pkg/interfaces_pkg/msg/detail/motion_command__type_support.h
[10.472s] -- Symlinking: /home/sungbhin/hpc_v2/install/interfaces_pkg/include/interfaces_pkg/interfaces_pkg/msg/detail/path_planning_result__functions.h
[10.478s] -- Symlinking: /home/sungbhin/hpc_v2/install/interfaces_pkg/include/interfaces_pkg/interfaces_pkg/msg/detail/path_planning_result__struct.h
[10.482s] -- Symlinking: /home/sungbhin/hpc_v2/install/interfaces_pkg/include/interfaces_pkg/interfaces_pkg/msg/detail/path_planning_result__type_support.h
[10.486s] -- Symlinking: /home/sungbhin/hpc_v2/install/interfaces_pkg/include/interfaces_pkg/interfaces_pkg/msg/detail/point2_d__functions.h
[10.491s] -- Symlinking: /home/sungbhin/hpc_v2/install/interfaces_pkg/include/interfaces_pkg/interfaces_pkg/msg/detail/point2_d__struct.h
[10.495s] -- Symlinking: /home/sungbhin/hpc_v2/install/interfaces_pkg/include/interfaces_pkg/interfaces_pkg/msg/detail/point2_d__type_support.h
[10.498s] -- Symlinking: /home/sungbhin/hpc_v2/install/interfaces_pkg/include/interfaces_pkg/interfaces_pkg/msg/detail/pose2_d__functions.h
[10.502s] -- Symlinking: /home/sungbhin/hpc_v2/install/interfaces_pkg/include/interfaces_pkg/interfaces_pkg/msg/detail/pose2_d__struct.h
[10.506s] -- Symlinking: /home/sungbhin/hpc_v2/install/interfaces_pkg/include/interfaces_pkg/interfaces_pkg/msg/detail/pose2_d__type_support.h
[10.510s] -- Symlinking: /home/sungbhin/hpc_v2/install/interfaces_pkg/include/interfaces_pkg/interfaces_pkg/msg/detail/target_point__functions.h
[10.514s] -- Symlinking: /home/sungbhin/hpc_v2/install/interfaces_pkg/include/interfaces_pkg/interfaces_pkg/msg/detail/target_point__struct.h
[10.518s] -- Symlinking: /home/sungbhin/hpc_v2/install/interfaces_pkg/include/interfaces_pkg/interfaces_pkg/msg/detail/target_point__type_support.h
[10.521s] -- Symlinking: /home/sungbhin/hpc_v2/install/interfaces_pkg/include/interfaces_pkg/interfaces_pkg/msg/detail/vector2__functions.h
[10.525s] -- Symlinking: /home/sungbhin/hpc_v2/install/interfaces_pkg/include/interfaces_pkg/interfaces_pkg/msg/detail/vector2__struct.h
[10.529s] -- Symlinking: /home/sungbhin/hpc_v2/install/interfaces_pkg/include/interfaces_pkg/interfaces_pkg/msg/detail/vector2__type_support.h
[10.533s] -- Symlinking: /home/sungbhin/hpc_v2/install/interfaces_pkg/include/interfaces_pkg/interfaces_pkg/msg/detection.h
[10.537s] -- Symlinking: /home/sungbhin/hpc_v2/install/interfaces_pkg/include/interfaces_pkg/interfaces_pkg/msg/detection_array.h
[10.542s] -- Symlinking: /home/sungbhin/hpc_v2/install/interfaces_pkg/include/interfaces_pkg/interfaces_pkg/msg/key_point2_d.h
[10.546s] -- Symlinking: /home/sungbhin/hpc_v2/install/interfaces_pkg/include/interfaces_pkg/interfaces_pkg/msg/key_point2_d_array.h
[10.549s] -- Symlinking: /home/sungbhin/hpc_v2/install/interfaces_pkg/include/interfaces_pkg/interfaces_pkg/msg/key_point3_d.h
[10.553s] -- Symlinking: /home/sungbhin/hpc_v2/install/interfaces_pkg/include/interfaces_pkg/interfaces_pkg/msg/key_point3_d_array.h
[10.557s] -- Symlinking: /home/sungbhin/hpc_v2/install/interfaces_pkg/include/interfaces_pkg/interfaces_pkg/msg/lane_info.h
[10.562s] -- Symlinking: /home/sungbhin/hpc_v2/install/interfaces_pkg/include/interfaces_pkg/interfaces_pkg/msg/mask.h
[10.565s] -- Symlinking: /home/sungbhin/hpc_v2/install/interfaces_pkg/include/interfaces_pkg/interfaces_pkg/msg/motion_command.h
[10.569s] -- Symlinking: /home/sungbhin/hpc_v2/install/interfaces_pkg/include/interfaces_pkg/interfaces_pkg/msg/path_planning_result.h
[10.574s] -- Symlinking: /home/sungbhin/hpc_v2/install/interfaces_pkg/include/interfaces_pkg/interfaces_pkg/msg/point2_d.h
[10.578s] -- Symlinking: /home/sungbhin/hpc_v2/install/interfaces_pkg/include/interfaces_pkg/interfaces_pkg/msg/pose2_d.h
[10.581s] -- Symlinking: /home/sungbhin/hpc_v2/install/interfaces_pkg/include/interfaces_pkg/interfaces_pkg/msg/rosidl_generator_c__visibility_control.h
[10.585s] -- Symlinking: /home/sungbhin/hpc_v2/install/interfaces_pkg/include/interfaces_pkg/interfaces_pkg/msg/target_point.h
[10.589s] -- Symlinking: /home/sungbhin/hpc_v2/install/interfaces_pkg/include/interfaces_pkg/interfaces_pkg/msg/vector2.h
[10.594s] -- Symlinking: /home/sungbhin/hpc_v2/install/interfaces_pkg/share/interfaces_pkg/environment/library_path.sh
[10.599s] -- Symlinking: /home/sungbhin/hpc_v2/install/interfaces_pkg/share/interfaces_pkg/environment/library_path.dsv
[10.603s] -- Symlinking: /home/sungbhin/hpc_v2/install/interfaces_pkg/include/interfaces_pkg/interfaces_pkg/msg/detail/bounding_box2_d__rosidl_typesupport_fastrtps_c.h
[10.607s] -- Symlinking: /home/sungbhin/hpc_v2/install/interfaces_pkg/include/interfaces_pkg/interfaces_pkg/msg/detail/bounding_box3_d__rosidl_typesupport_fastrtps_c.h
[10.611s] -- Symlinking: /home/sungbhin/hpc_v2/install/interfaces_pkg/include/interfaces_pkg/interfaces_pkg/msg/detail/detection__rosidl_typesupport_fastrtps_c.h
[10.614s] -- Symlinking: /home/sungbhin/hpc_v2/install/interfaces_pkg/include/interfaces_pkg/interfaces_pkg/msg/detail/detection_array__rosidl_typesupport_fastrtps_c.h
[10.618s] -- Symlinking: /home/sungbhin/hpc_v2/install/interfaces_pkg/include/interfaces_pkg/interfaces_pkg/msg/detail/key_point2_d__rosidl_typesupport_fastrtps_c.h
[10.622s] -- Symlinking: /home/sungbhin/hpc_v2/install/interfaces_pkg/include/interfaces_pkg/interfaces_pkg/msg/detail/key_point2_d_array__rosidl_typesupport_fastrtps_c.h
[10.627s] -- Symlinking: /home/sungbhin/hpc_v2/install/interfaces_pkg/include/interfaces_pkg/interfaces_pkg/msg/detail/key_point3_d__rosidl_typesupport_fastrtps_c.h
[10.630s] -- Symlinking: /home/sungbhin/hpc_v2/install/interfaces_pkg/include/interfaces_pkg/interfaces_pkg/msg/detail/key_point3_d_array__rosidl_typesupport_fastrtps_c.h
[10.635s] -- Symlinking: /home/sungbhin/hpc_v2/install/interfaces_pkg/include/interfaces_pkg/interfaces_pkg/msg/detail/lane_info__rosidl_typesupport_fastrtps_c.h
[10.639s] -- Symlinking: /home/sungbhin/hpc_v2/install/interfaces_pkg/include/interfaces_pkg/interfaces_pkg/msg/detail/mask__rosidl_typesupport_fastrtps_c.h
[10.643s] -- Symlinking: /home/sungbhin/hpc_v2/install/interfaces_pkg/include/interfaces_pkg/interfaces_pkg/msg/detail/motion_command__rosidl_typesupport_fastrtps_c.h
[10.647s] -- Symlinking: /home/sungbhin/hpc_v2/install/interfaces_pkg/include/interfaces_pkg/interfaces_pkg/msg/detail/path_planning_result__rosidl_typesupport_fastrtps_c.h
[10.652s] -- Symlinking: /home/sungbhin/hpc_v2/install/interfaces_pkg/include/interfaces_pkg/interfaces_pkg/msg/detail/point2_d__rosidl_typesupport_fastrtps_c.h
[10.655s] -- Symlinking: /home/sungbhin/hpc_v2/install/interfaces_pkg/include/interfaces_pkg/interfaces_pkg/msg/detail/pose2_d__rosidl_typesupport_fastrtps_c.h
[10.660s] -- Symlinking: /home/sungbhin/hpc_v2/install/interfaces_pkg/include/interfaces_pkg/interfaces_pkg/msg/detail/target_point__rosidl_typesupport_fastrtps_c.h
[10.663s] -- Symlinking: /home/sungbhin/hpc_v2/install/interfaces_pkg/include/interfaces_pkg/interfaces_pkg/msg/detail/vector2__rosidl_typesupport_fastrtps_c.h
[10.667s] -- Symlinking: /home/sungbhin/hpc_v2/install/interfaces_pkg/include/interfaces_pkg/interfaces_pkg/msg/rosidl_typesupport_fastrtps_c__visibility_control.h
[10.672s] -- Symlinking: /home/sungbhin/hpc_v2/install/interfaces_pkg/include/interfaces_pkg/interfaces_pkg/msg/detail/bounding_box2_d__rosidl_typesupport_introspection_c.h
[10.675s] -- Symlinking: /home/sungbhin/hpc_v2/install/interfaces_pkg/include/interfaces_pkg/interfaces_pkg/msg/detail/bounding_box3_d__rosidl_typesupport_introspection_c.h
[10.679s] -- Symlinking: /home/sungbhin/hpc_v2/install/interfaces_pkg/include/interfaces_pkg/interfaces_pkg/msg/detail/detection__rosidl_typesupport_introspection_c.h
[10.683s] -- Symlinking: /home/sungbhin/hpc_v2/install/interfaces_pkg/include/interfaces_pkg/interfaces_pkg/msg/detail/detection_array__rosidl_typesupport_introspection_c.h
[10.688s] -- Symlinking: /home/sungbhin/hpc_v2/install/interfaces_pkg/include/interfaces_pkg/interfaces_pkg/msg/detail/key_point2_d__rosidl_typesupport_introspection_c.h
[10.692s] -- Symlinking: /home/sungbhin/hpc_v2/install/interfaces_pkg/include/interfaces_pkg/interfaces_pkg/msg/detail/key_point2_d_array__rosidl_typesupport_introspection_c.h
[10.696s] -- Symlinking: /home/sungbhin/hpc_v2/install/interfaces_pkg/include/interfaces_pkg/interfaces_pkg/msg/detail/key_point3_d__rosidl_typesupport_introspection_c.h
[10.700s] -- Symlinking: /home/sungbhin/hpc_v2/install/interfaces_pkg/include/interfaces_pkg/interfaces_pkg/msg/detail/key_point3_d_array__rosidl_typesupport_introspection_c.h
[10.704s] -- Symlinking: /home/sungbhin/hpc_v2/install/interfaces_pkg/include/interfaces_pkg/interfaces_pkg/msg/detail/lane_info__rosidl_typesupport_introspection_c.h
[10.709s] -- Symlinking: /home/sungbhin/hpc_v2/install/interfaces_pkg/include/interfaces_pkg/interfaces_pkg/msg/detail/mask__rosidl_typesupport_introspection_c.h
[10.714s] -- Symlinking: /home/sungbhin/hpc_v2/install/interfaces_pkg/include/interfaces_pkg/interfaces_pkg/msg/detail/motion_command__rosidl_typesupport_introspection_c.h
[10.719s] -- Symlinking: /home/sungbhin/hpc_v2/install/interfaces_pkg/include/interfaces_pkg/interfaces_pkg/msg/detail/path_planning_result__rosidl_typesupport_introspection_c.h
[10.722s] -- Symlinking: /home/sungbhin/hpc_v2/install/interfaces_pkg/include/interfaces_pkg/interfaces_pkg/msg/detail/point2_d__rosidl_typesupport_introspection_c.h
[10.726s] -- Symlinking: /home/sungbhin/hpc_v2/install/interfaces_pkg/include/interfaces_pkg/interfaces_pkg/msg/detail/pose2_d__rosidl_typesupport_introspection_c.h
[10.731s] -- Symlinking: /home/sungbhin/hpc_v2/install/interfaces_pkg/include/interfaces_pkg/interfaces_pkg/msg/detail/target_point__rosidl_typesupport_introspection_c.h
[10.735s] -- Symlinking: /home/sungbhin/hpc_v2/install/interfaces_pkg/include/interfaces_pkg/interfaces_pkg/msg/detail/vector2__rosidl_typesupport_introspection_c.h
[10.739s] -- Symlinking: /home/sungbhin/hpc_v2/install/interfaces_pkg/include/interfaces_pkg/interfaces_pkg/msg/rosidl_typesupport_introspection_c__visibility_control.h
[10.744s] -- Symlinking: /home/sungbhin/hpc_v2/install/interfaces_pkg/include/interfaces_pkg/interfaces_pkg/msg/bounding_box2_d.hpp
[10.748s] -- Symlinking: /home/sungbhin/hpc_v2/install/interfaces_pkg/include/interfaces_pkg/interfaces_pkg/msg/bounding_box3_d.hpp
[10.752s] -- Symlinking: /home/sungbhin/hpc_v2/install/interfaces_pkg/include/interfaces_pkg/interfaces_pkg/msg/detail/bounding_box2_d__builder.hpp
[10.755s] -- Symlinking: /home/sungbhin/hpc_v2/install/interfaces_pkg/include/interfaces_pkg/interfaces_pkg/msg/detail/bounding_box2_d__struct.hpp
[10.760s] -- Symlinking: /home/sungbhin/hpc_v2/install/interfaces_pkg/include/interfaces_pkg/interfaces_pkg/msg/detail/bounding_box2_d__traits.hpp
[10.764s] -- Symlinking: /home/sungbhin/hpc_v2/install/interfaces_pkg/include/interfaces_pkg/interfaces_pkg/msg/detail/bounding_box2_d__type_support.hpp
[10.767s] -- Symlinking: /home/sungbhin/hpc_v2/install/interfaces_pkg/include/interfaces_pkg/interfaces_pkg/msg/detail/bounding_box3_d__builder.hpp
[10.772s] -- Symlinking: /home/sungbhin/hpc_v2/install/interfaces_pkg/include/interfaces_pkg/interfaces_pkg/msg/detail/bounding_box3_d__struct.hpp
[10.777s] -- Symlinking: /home/sungbhin/hpc_v2/install/interfaces_pkg/include/interfaces_pkg/interfaces_pkg/msg/detail/bounding_box3_d__traits.hpp
[10.780s] -- Symlinking: /home/sungbhin/hpc_v2/install/interfaces_pkg/include/interfaces_pkg/interfaces_pkg/msg/detail/bounding_box3_d__type_support.hpp
[10.785s] -- Symlinking: /home/sungbhin/hpc_v2/install/interfaces_pkg/include/interfaces_pkg/interfaces_pkg/msg/detail/detection__builder.hpp
[10.789s] -- Symlinking: /home/sungbhin/hpc_v2/install/interfaces_pkg/include/interfaces_pkg/interfaces_pkg/msg/detail/detection__struct.hpp
[10.793s] -- Symlinking: /home/sungbhin/hpc_v2/install/interfaces_pkg/include/interfaces_pkg/interfaces_pkg/msg/detail/detection__traits.hpp
[10.797s] -- Symlinking: /home/sungbhin/hpc_v2/install/interfaces_pkg/include/interfaces_pkg/interfaces_pkg/msg/detail/detection__type_support.hpp
[10.801s] -- Symlinking: /home/sungbhin/hpc_v2/install/interfaces_pkg/include/interfaces_pkg/interfaces_pkg/msg/detail/detection_array__builder.hpp
[10.805s] -- Symlinking: /home/sungbhin/hpc_v2/install/interfaces_pkg/include/interfaces_pkg/interfaces_pkg/msg/detail/detection_array__struct.hpp
[10.809s] -- Symlinking: /home/sungbhin/hpc_v2/install/interfaces_pkg/include/interfaces_pkg/interfaces_pkg/msg/detail/detection_array__traits.hpp
[10.813s] -- Symlinking: /home/sungbhin/hpc_v2/install/interfaces_pkg/include/interfaces_pkg/interfaces_pkg/msg/detail/detection_array__type_support.hpp
[10.816s] -- Symlinking: /home/sungbhin/hpc_v2/install/interfaces_pkg/include/interfaces_pkg/interfaces_pkg/msg/detail/key_point2_d__builder.hpp
[10.820s] -- Symlinking: /home/sungbhin/hpc_v2/install/interfaces_pkg/include/interfaces_pkg/interfaces_pkg/msg/detail/key_point2_d__struct.hpp
[10.824s] -- Symlinking: /home/sungbhin/hpc_v2/install/interfaces_pkg/include/interfaces_pkg/interfaces_pkg/msg/detail/key_point2_d__traits.hpp
[10.827s] -- Symlinking: /home/sungbhin/hpc_v2/install/interfaces_pkg/include/interfaces_pkg/interfaces_pkg/msg/detail/key_point2_d__type_support.hpp
[10.831s] -- Symlinking: /home/sungbhin/hpc_v2/install/interfaces_pkg/include/interfaces_pkg/interfaces_pkg/msg/detail/key_point2_d_array__builder.hpp
[10.836s] -- Symlinking: /home/sungbhin/hpc_v2/install/interfaces_pkg/include/interfaces_pkg/interfaces_pkg/msg/detail/key_point2_d_array__struct.hpp
[10.839s] -- Symlinking: /home/sungbhin/hpc_v2/install/interfaces_pkg/include/interfaces_pkg/interfaces_pkg/msg/detail/key_point2_d_array__traits.hpp
[10.844s] -- Symlinking: /home/sungbhin/hpc_v2/install/interfaces_pkg/include/interfaces_pkg/interfaces_pkg/msg/detail/key_point2_d_array__type_support.hpp
[10.848s] -- Symlinking: /home/sungbhin/hpc_v2/install/interfaces_pkg/include/interfaces_pkg/interfaces_pkg/msg/detail/key_point3_d__builder.hpp
[10.854s] -- Symlinking: /home/sungbhin/hpc_v2/install/interfaces_pkg/include/interfaces_pkg/interfaces_pkg/msg/detail/key_point3_d__struct.hpp
[10.858s] -- Symlinking: /home/sungbhin/hpc_v2/install/interfaces_pkg/include/interfaces_pkg/interfaces_pkg/msg/detail/key_point3_d__traits.hpp
[10.862s] -- Symlinking: /home/sungbhin/hpc_v2/install/interfaces_pkg/include/interfaces_pkg/interfaces_pkg/msg/detail/key_point3_d__type_support.hpp
[10.866s] -- Symlinking: /home/sungbhin/hpc_v2/install/interfaces_pkg/include/interfaces_pkg/interfaces_pkg/msg/detail/key_point3_d_array__builder.hpp
[10.870s] -- Symlinking: /home/sungbhin/hpc_v2/install/interfaces_pkg/include/interfaces_pkg/interfaces_pkg/msg/detail/key_point3_d_array__struct.hpp
[10.873s] -- Symlinking: /home/sungbhin/hpc_v2/install/interfaces_pkg/include/interfaces_pkg/interfaces_pkg/msg/detail/key_point3_d_array__traits.hpp
[10.877s] -- Symlinking: /home/sungbhin/hpc_v2/install/interfaces_pkg/include/interfaces_pkg/interfaces_pkg/msg/detail/key_point3_d_array__type_support.hpp
[10.880s] -- Symlinking: /home/sungbhin/hpc_v2/install/interfaces_pkg/include/interfaces_pkg/interfaces_pkg/msg/detail/lane_info__builder.hpp
[10.884s] -- Symlinking: /home/sungbhin/hpc_v2/install/interfaces_pkg/include/interfaces_pkg/interfaces_pkg/msg/detail/lane_info__struct.hpp
[10.887s] -- Symlinking: /home/sungbhin/hpc_v2/install/interfaces_pkg/include/interfaces_pkg/interfaces_pkg/msg/detail/lane_info__traits.hpp
[10.892s] -- Symlinking: /home/sungbhin/hpc_v2/install/interfaces_pkg/include/interfaces_pkg/interfaces_pkg/msg/detail/lane_info__type_support.hpp
[10.896s] -- Symlinking: /home/sungbhin/hpc_v2/install/interfaces_pkg/include/interfaces_pkg/interfaces_pkg/msg/detail/mask__builder.hpp
[10.900s] -- Symlinking: /home/sungbhin/hpc_v2/install/interfaces_pkg/include/interfaces_pkg/interfaces_pkg/msg/detail/mask__struct.hpp
[10.903s] -- Symlinking: /home/sungbhin/hpc_v2/install/interfaces_pkg/include/interfaces_pkg/interfaces_pkg/msg/detail/mask__traits.hpp
[10.907s] -- Symlinking: /home/sungbhin/hpc_v2/install/interfaces_pkg/include/interfaces_pkg/interfaces_pkg/msg/detail/mask__type_support.hpp
[10.911s] -- Symlinking: /home/sungbhin/hpc_v2/install/interfaces_pkg/include/interfaces_pkg/interfaces_pkg/msg/detail/motion_command__builder.hpp
[10.915s] -- Symlinking: /home/sungbhin/hpc_v2/install/interfaces_pkg/include/interfaces_pkg/interfaces_pkg/msg/detail/motion_command__struct.hpp
[10.919s] -- Symlinking: /home/sungbhin/hpc_v2/install/interfaces_pkg/include/interfaces_pkg/interfaces_pkg/msg/detail/motion_command__traits.hpp
[10.923s] -- Symlinking: /home/sungbhin/hpc_v2/install/interfaces_pkg/include/interfaces_pkg/interfaces_pkg/msg/detail/motion_command__type_support.hpp
[10.927s] -- Symlinking: /home/sungbhin/hpc_v2/install/interfaces_pkg/include/interfaces_pkg/interfaces_pkg/msg/detail/path_planning_result__builder.hpp
[10.930s] -- Symlinking: /home/sungbhin/hpc_v2/install/interfaces_pkg/include/interfaces_pkg/interfaces_pkg/msg/detail/path_planning_result__struct.hpp
[10.936s] -- Symlinking: /home/sungbhin/hpc_v2/install/interfaces_pkg/include/interfaces_pkg/interfaces_pkg/msg/detail/path_planning_result__traits.hpp
[10.939s] -- Symlinking: /home/sungbhin/hpc_v2/install/interfaces_pkg/include/interfaces_pkg/interfaces_pkg/msg/detail/path_planning_result__type_support.hpp
[10.943s] -- Symlinking: /home/sungbhin/hpc_v2/install/interfaces_pkg/include/interfaces_pkg/interfaces_pkg/msg/detail/point2_d__builder.hpp
[10.947s] -- Symlinking: /home/sungbhin/hpc_v2/install/interfaces_pkg/include/interfaces_pkg/interfaces_pkg/msg/detail/point2_d__struct.hpp
[10.950s] -- Symlinking: /home/sungbhin/hpc_v2/install/interfaces_pkg/include/interfaces_pkg/interfaces_pkg/msg/detail/point2_d__traits.hpp
[10.954s] -- Symlinking: /home/sungbhin/hpc_v2/install/interfaces_pkg/include/interfaces_pkg/interfaces_pkg/msg/detail/point2_d__type_support.hpp
[10.959s] -- Symlinking: /home/sungbhin/hpc_v2/install/interfaces_pkg/include/interfaces_pkg/interfaces_pkg/msg/detail/pose2_d__builder.hpp
[10.963s] -- Symlinking: /home/sungbhin/hpc_v2/install/interfaces_pkg/include/interfaces_pkg/interfaces_pkg/msg/detail/pose2_d__struct.hpp
[10.968s] -- Symlinking: /home/sungbhin/hpc_v2/install/interfaces_pkg/include/interfaces_pkg/interfaces_pkg/msg/detail/pose2_d__traits.hpp
[10.971s] -- Symlinking: /home/sungbhin/hpc_v2/install/interfaces_pkg/include/interfaces_pkg/interfaces_pkg/msg/detail/pose2_d__type_support.hpp
[10.974s] -- Symlinking: /home/sungbhin/hpc_v2/install/interfaces_pkg/include/interfaces_pkg/interfaces_pkg/msg/detail/target_point__builder.hpp
[10.977s] -- Symlinking: /home/sungbhin/hpc_v2/install/interfaces_pkg/include/interfaces_pkg/interfaces_pkg/msg/detail/target_point__struct.hpp
[10.980s] -- Symlinking: /home/sungbhin/hpc_v2/install/interfaces_pkg/include/interfaces_pkg/interfaces_pkg/msg/detail/target_point__traits.hpp
[10.983s] -- Symlinking: /home/sungbhin/hpc_v2/install/interfaces_pkg/include/interfaces_pkg/interfaces_pkg/msg/detail/target_point__type_support.hpp
[10.987s] -- Symlinking: /home/sungbhin/hpc_v2/install/interfaces_pkg/include/interfaces_pkg/interfaces_pkg/msg/detail/vector2__builder.hpp
[10.990s] -- Symlinking: /home/sungbhin/hpc_v2/install/interfaces_pkg/include/interfaces_pkg/interfaces_pkg/msg/detail/vector2__struct.hpp
[10.993s] -- Symlinking: /home/sungbhin/hpc_v2/install/interfaces_pkg/include/interfaces_pkg/interfaces_pkg/msg/detail/vector2__traits.hpp
[10.996s] -- Symlinking: /home/sungbhin/hpc_v2/install/interfaces_pkg/include/interfaces_pkg/interfaces_pkg/msg/detail/vector2__type_support.hpp
[10.999s] -- Symlinking: /home/sungbhin/hpc_v2/install/interfaces_pkg/include/interfaces_pkg/interfaces_pkg/msg/detection.hpp
[11.003s] -- Symlinking: /home/sungbhin/hpc_v2/install/interfaces_pkg/include/interfaces_pkg/interfaces_pkg/msg/detection_array.hpp
[11.006s] -- Symlinking: /home/sungbhin/hpc_v2/install/interfaces_pkg/include/interfaces_pkg/interfaces_pkg/msg/key_point2_d.hpp
[11.009s] -- Symlinking: /home/sungbhin/hpc_v2/install/interfaces_pkg/include/interfaces_pkg/interfaces_pkg/msg/key_point2_d_array.hpp
[11.012s] -- Symlinking: /home/sungbhin/hpc_v2/install/interfaces_pkg/include/interfaces_pkg/interfaces_pkg/msg/key_point3_d.hpp
[11.017s] -- Symlinking: /home/sungbhin/hpc_v2/install/interfaces_pkg/include/interfaces_pkg/interfaces_pkg/msg/key_point3_d_array.hpp
[11.020s] -- Symlinking: /home/sungbhin/hpc_v2/install/interfaces_pkg/include/interfaces_pkg/interfaces_pkg/msg/lane_info.hpp
[11.025s] -- Symlinking: /home/sungbhin/hpc_v2/install/interfaces_pkg/include/interfaces_pkg/interfaces_pkg/msg/mask.hpp
[11.028s] -- Symlinking: /home/sungbhin/hpc_v2/install/interfaces_pkg/include/interfaces_pkg/interfaces_pkg/msg/motion_command.hpp
[11.032s] -- Symlinking: /home/sungbhin/hpc_v2/install/interfaces_pkg/include/interfaces_pkg/interfaces_pkg/msg/path_planning_result.hpp
[11.036s] -- Symlinking: /home/sungbhin/hpc_v2/install/interfaces_pkg/include/interfaces_pkg/interfaces_pkg/msg/point2_d.hpp
[11.040s] -- Symlinking: /home/sungbhin/hpc_v2/install/interfaces_pkg/include/interfaces_pkg/interfaces_pkg/msg/pose2_d.hpp
[11.043s] -- Symlinking: /home/sungbhin/hpc_v2/install/interfaces_pkg/include/interfaces_pkg/interfaces_pkg/msg/rosidl_generator_cpp__visibility_control.hpp
[11.048s] -- Symlinking: /home/sungbhin/hpc_v2/install/interfaces_pkg/include/interfaces_pkg/interfaces_pkg/msg/target_point.hpp
[11.052s] -- Symlinking: /home/sungbhin/hpc_v2/install/interfaces_pkg/include/interfaces_pkg/interfaces_pkg/msg/vector2.hpp
[11.058s] -- Symlinking: /home/sungbhin/hpc_v2/install/interfaces_pkg/include/interfaces_pkg/interfaces_pkg/msg/detail/bounding_box2_d__rosidl_typesupport_fastrtps_cpp.hpp
[11.063s] -- Symlinking: /home/sungbhin/hpc_v2/install/interfaces_pkg/include/interfaces_pkg/interfaces_pkg/msg/detail/bounding_box3_d__rosidl_typesupport_fastrtps_cpp.hpp
[11.067s] -- Symlinking: /home/sungbhin/hpc_v2/install/interfaces_pkg/include/interfaces_pkg/interfaces_pkg/msg/detail/detection__rosidl_typesupport_fastrtps_cpp.hpp
[11.071s] -- Symlinking: /home/sungbhin/hpc_v2/install/interfaces_pkg/include/interfaces_pkg/interfaces_pkg/msg/detail/detection_array__rosidl_typesupport_fastrtps_cpp.hpp
[11.075s] -- Symlinking: /home/sungbhin/hpc_v2/install/interfaces_pkg/include/interfaces_pkg/interfaces_pkg/msg/detail/key_point2_d__rosidl_typesupport_fastrtps_cpp.hpp
[11.080s] -- Symlinking: /home/sungbhin/hpc_v2/install/interfaces_pkg/include/interfaces_pkg/interfaces_pkg/msg/detail/key_point2_d_array__rosidl_typesupport_fastrtps_cpp.hpp
[11.085s] -- Symlinking: /home/sungbhin/hpc_v2/install/interfaces_pkg/include/interfaces_pkg/interfaces_pkg/msg/detail/key_point3_d__rosidl_typesupport_fastrtps_cpp.hpp
[11.088s] -- Symlinking: /home/sungbhin/hpc_v2/install/interfaces_pkg/include/interfaces_pkg/interfaces_pkg/msg/detail/key_point3_d_array__rosidl_typesupport_fastrtps_cpp.hpp
[11.092s] -- Symlinking: /home/sungbhin/hpc_v2/install/interfaces_pkg/include/interfaces_pkg/interfaces_pkg/msg/detail/lane_info__rosidl_typesupport_fastrtps_cpp.hpp
[11.096s] -- Symlinking: /home/sungbhin/hpc_v2/install/interfaces_pkg/include/interfaces_pkg/interfaces_pkg/msg/detail/mask__rosidl_typesupport_fastrtps_cpp.hpp
[11.100s] -- Symlinking: /home/sungbhin/hpc_v2/install/interfaces_pkg/include/interfaces_pkg/interfaces_pkg/msg/detail/motion_command__rosidl_typesupport_fastrtps_cpp.hpp
[11.104s] -- Symlinking: /home/sungbhin/hpc_v2/install/interfaces_pkg/include/interfaces_pkg/interfaces_pkg/msg/detail/path_planning_result__rosidl_typesupport_fastrtps_cpp.hpp
[11.107s] -- Symlinking: /home/sungbhin/hpc_v2/install/interfaces_pkg/include/interfaces_pkg/interfaces_pkg/msg/detail/point2_d__rosidl_typesupport_fastrtps_cpp.hpp
[11.111s] -- Symlinking: /home/sungbhin/hpc_v2/install/interfaces_pkg/include/interfaces_pkg/interfaces_pkg/msg/detail/pose2_d__rosidl_typesupport_fastrtps_cpp.hpp
[11.115s] -- Symlinking: /home/sungbhin/hpc_v2/install/interfaces_pkg/include/interfaces_pkg/interfaces_pkg/msg/detail/target_point__rosidl_typesupport_fastrtps_cpp.hpp
[11.118s] -- Symlinking: /home/sungbhin/hpc_v2/install/interfaces_pkg/include/interfaces_pkg/interfaces_pkg/msg/detail/vector2__rosidl_typesupport_fastrtps_cpp.hpp
[11.121s] -- Symlinking: /home/sungbhin/hpc_v2/install/interfaces_pkg/include/interfaces_pkg/interfaces_pkg/msg/rosidl_typesupport_fastrtps_cpp__visibility_control.h
[11.125s] -- Symlinking: /home/sungbhin/hpc_v2/install/interfaces_pkg/include/interfaces_pkg/interfaces_pkg/msg/detail/bounding_box2_d__rosidl_typesupport_introspection_cpp.hpp
[11.129s] -- Symlinking: /home/sungbhin/hpc_v2/install/interfaces_pkg/include/interfaces_pkg/interfaces_pkg/msg/detail/bounding_box3_d__rosidl_typesupport_introspection_cpp.hpp
[11.133s] -- Symlinking: /home/sungbhin/hpc_v2/install/interfaces_pkg/include/interfaces_pkg/interfaces_pkg/msg/detail/detection__rosidl_typesupport_introspection_cpp.hpp
[11.137s] -- Symlinking: /home/sungbhin/hpc_v2/install/interfaces_pkg/include/interfaces_pkg/interfaces_pkg/msg/detail/detection_array__rosidl_typesupport_introspection_cpp.hpp
[11.141s] -- Symlinking: /home/sungbhin/hpc_v2/install/interfaces_pkg/include/interfaces_pkg/interfaces_pkg/msg/detail/key_point2_d__rosidl_typesupport_introspection_cpp.hpp
[11.145s] -- Symlinking: /home/sungbhin/hpc_v2/install/interfaces_pkg/include/interfaces_pkg/interfaces_pkg/msg/detail/key_point2_d_array__rosidl_typesupport_introspection_cpp.hpp
[11.148s] -- Symlinking: /home/sungbhin/hpc_v2/install/interfaces_pkg/include/interfaces_pkg/interfaces_pkg/msg/detail/key_point3_d__rosidl_typesupport_introspection_cpp.hpp
[11.151s] -- Symlinking: /home/sungbhin/hpc_v2/install/interfaces_pkg/include/interfaces_pkg/interfaces_pkg/msg/detail/key_point3_d_array__rosidl_typesupport_introspection_cpp.hpp
[11.155s] -- Symlinking: /home/sungbhin/hpc_v2/install/interfaces_pkg/include/interfaces_pkg/interfaces_pkg/msg/detail/lane_info__rosidl_typesupport_introspection_cpp.hpp
[11.160s] -- Symlinking: /home/sungbhin/hpc_v2/install/interfaces_pkg/include/interfaces_pkg/interfaces_pkg/msg/detail/mask__rosidl_typesupport_introspection_cpp.hpp
[11.164s] -- Symlinking: /home/sungbhin/hpc_v2/install/interfaces_pkg/include/interfaces_pkg/interfaces_pkg/msg/detail/motion_command__rosidl_typesupport_introspection_cpp.hpp
[11.168s] -- Symlinking: /home/sungbhin/hpc_v2/install/interfaces_pkg/include/interfaces_pkg/interfaces_pkg/msg/detail/path_planning_result__rosidl_typesupport_introspection_cpp.hpp
[11.172s] -- Symlinking: /home/sungbhin/hpc_v2/install/interfaces_pkg/include/interfaces_pkg/interfaces_pkg/msg/detail/point2_d__rosidl_typesupport_introspection_cpp.hpp
[11.176s] -- Symlinking: /home/sungbhin/hpc_v2/install/interfaces_pkg/include/interfaces_pkg/interfaces_pkg/msg/detail/pose2_d__rosidl_typesupport_introspection_cpp.hpp
[11.179s] -- Symlinking: /home/sungbhin/hpc_v2/install/interfaces_pkg/include/interfaces_pkg/interfaces_pkg/msg/detail/target_point__rosidl_typesupport_introspection_cpp.hpp
[11.183s] -- Symlinking: /home/sungbhin/hpc_v2/install/interfaces_pkg/include/interfaces_pkg/interfaces_pkg/msg/detail/vector2__rosidl_typesupport_introspection_cpp.hpp
[11.187s] -- Symlinking: /home/sungbhin/hpc_v2/install/interfaces_pkg/share/interfaces_pkg/environment/pythonpath.sh
[11.191s] -- Symlinking: /home/sungbhin/hpc_v2/install/interfaces_pkg/share/interfaces_pkg/environment/pythonpath.dsv
[11.195s] -- Symlinking: /home/sungbhin/hpc_v2/install/interfaces_pkg/local/lib/python3.10/dist-packages/interfaces_pkg-0.0.0-py3.10.egg-info/PKG-INFO
[11.199s] -- Symlinking: /home/sungbhin/hpc_v2/install/interfaces_pkg/local/lib/python3.10/dist-packages/interfaces_pkg-0.0.0-py3.10.egg-info/SOURCES.txt
[11.202s] -- Symlinking: /home/sungbhin/hpc_v2/install/interfaces_pkg/local/lib/python3.10/dist-packages/interfaces_pkg-0.0.0-py3.10.egg-info/dependency_links.txt
[11.206s] -- Symlinking: /home/sungbhin/hpc_v2/install/interfaces_pkg/local/lib/python3.10/dist-packages/interfaces_pkg-0.0.0-py3.10.egg-info/top_level.txt
[11.211s] -- Symlinking: /home/sungbhin/hpc_v2/install/interfaces_pkg/local/lib/python3.10/dist-packages/interfaces_pkg/__init__.py
[11.215s] -- Symlinking: /home/sungbhin/hpc_v2/install/interfaces_pkg/local/lib/python3.10/dist-packages/interfaces_pkg/_interfaces_pkg_s.ep.rosidl_typesupport_c.c
[11.219s] -- Symlinking: /home/sungbhin/hpc_v2/install/interfaces_pkg/local/lib/python3.10/dist-packages/interfaces_pkg/_interfaces_pkg_s.ep.rosidl_typesupport_fastrtps_c.c
[11.222s] -- Symlinking: /home/sungbhin/hpc_v2/install/interfaces_pkg/local/lib/python3.10/dist-packages/interfaces_pkg/_interfaces_pkg_s.ep.rosidl_typesupport_introspection_c.c
[11.226s] -- Symlinking: /home/sungbhin/hpc_v2/install/interfaces_pkg/local/lib/python3.10/dist-packages/interfaces_pkg/interfaces_pkg_s__rosidl_typesupport_c.cpython-310-x86_64-linux-gnu.so
[11.229s] -- Symlinking: /home/sungbhin/hpc_v2/install/interfaces_pkg/local/lib/python3.10/dist-packages/interfaces_pkg/interfaces_pkg_s__rosidl_typesupport_fastrtps_c.cpython-310-x86_64-linux-gnu.so
[11.233s] -- Symlinking: /home/sungbhin/hpc_v2/install/interfaces_pkg/local/lib/python3.10/dist-packages/interfaces_pkg/interfaces_pkg_s__rosidl_typesupport_introspection_c.cpython-310-x86_64-linux-gnu.so
[11.236s] -- Symlinking: /home/sungbhin/hpc_v2/install/interfaces_pkg/local/lib/python3.10/dist-packages/interfaces_pkg/libinterfaces_pkg__rosidl_generator_py.so
[11.240s] -- Symlinking: /home/sungbhin/hpc_v2/install/interfaces_pkg/local/lib/python3.10/dist-packages/interfaces_pkg/msg/__init__.py
[11.244s] -- Symlinking: /home/sungbhin/hpc_v2/install/interfaces_pkg/local/lib/python3.10/dist-packages/interfaces_pkg/msg/_bounding_box2_d.py
[11.248s] -- Symlinking: /home/sungbhin/hpc_v2/install/interfaces_pkg/local/lib/python3.10/dist-packages/interfaces_pkg/msg/_bounding_box2_d_s.c
[11.252s] -- Symlinking: /home/sungbhin/hpc_v2/install/interfaces_pkg/local/lib/python3.10/dist-packages/interfaces_pkg/msg/_bounding_box3_d.py
[11.257s] -- Symlinking: /home/sungbhin/hpc_v2/install/interfaces_pkg/local/lib/python3.10/dist-packages/interfaces_pkg/msg/_bounding_box3_d_s.c
[11.262s] -- Symlinking: /home/sungbhin/hpc_v2/install/interfaces_pkg/local/lib/python3.10/dist-packages/interfaces_pkg/msg/_detection.py
[11.265s] -- Symlinking: /home/sungbhin/hpc_v2/install/interfaces_pkg/local/lib/python3.10/dist-packages/interfaces_pkg/msg/_detection_array.py
[11.269s] -- Symlinking: /home/sungbhin/hpc_v2/install/interfaces_pkg/local/lib/python3.10/dist-packages/interfaces_pkg/msg/_detection_array_s.c
[11.273s] -- Symlinking: /home/sungbhin/hpc_v2/install/interfaces_pkg/local/lib/python3.10/dist-packages/interfaces_pkg/msg/_detection_s.c
[11.276s] -- Symlinking: /home/sungbhin/hpc_v2/install/interfaces_pkg/local/lib/python3.10/dist-packages/interfaces_pkg/msg/_key_point2_d.py
[11.280s] -- Symlinking: /home/sungbhin/hpc_v2/install/interfaces_pkg/local/lib/python3.10/dist-packages/interfaces_pkg/msg/_key_point2_d_array.py
[11.284s] -- Symlinking: /home/sungbhin/hpc_v2/install/interfaces_pkg/local/lib/python3.10/dist-packages/interfaces_pkg/msg/_key_point2_d_array_s.c
[11.287s] -- Symlinking: /home/sungbhin/hpc_v2/install/interfaces_pkg/local/lib/python3.10/dist-packages/interfaces_pkg/msg/_key_point2_d_s.c
[11.291s] -- Symlinking: /home/sungbhin/hpc_v2/install/interfaces_pkg/local/lib/python3.10/dist-packages/interfaces_pkg/msg/_key_point3_d.py
[11.294s] -- Symlinking: /home/sungbhin/hpc_v2/install/interfaces_pkg/local/lib/python3.10/dist-packages/interfaces_pkg/msg/_key_point3_d_array.py
[11.298s] -- Symlinking: /home/sungbhin/hpc_v2/install/interfaces_pkg/local/lib/python3.10/dist-packages/interfaces_pkg/msg/_key_point3_d_array_s.c
[11.301s] -- Symlinking: /home/sungbhin/hpc_v2/install/interfaces_pkg/local/lib/python3.10/dist-packages/interfaces_pkg/msg/_key_point3_d_s.c
[11.304s] -- Symlinking: /home/sungbhin/hpc_v2/install/interfaces_pkg/local/lib/python3.10/dist-packages/interfaces_pkg/msg/_lane_info.py
[11.308s] -- Symlinking: /home/sungbhin/hpc_v2/install/interfaces_pkg/local/lib/python3.10/dist-packages/interfaces_pkg/msg/_lane_info_s.c
[11.312s] -- Symlinking: /home/sungbhin/hpc_v2/install/interfaces_pkg/local/lib/python3.10/dist-packages/interfaces_pkg/msg/_mask.py
[11.316s] -- Symlinking: /home/sungbhin/hpc_v2/install/interfaces_pkg/local/lib/python3.10/dist-packages/interfaces_pkg/msg/_mask_s.c
[11.319s] -- Symlinking: /home/sungbhin/hpc_v2/install/interfaces_pkg/local/lib/python3.10/dist-packages/interfaces_pkg/msg/_motion_command.py
[11.323s] -- Symlinking: /home/sungbhin/hpc_v2/install/interfaces_pkg/local/lib/python3.10/dist-packages/interfaces_pkg/msg/_motion_command_s.c
[11.327s] -- Symlinking: /home/sungbhin/hpc_v2/install/interfaces_pkg/local/lib/python3.10/dist-packages/interfaces_pkg/msg/_path_planning_result.py
[11.330s] -- Symlinking: /home/sungbhin/hpc_v2/install/interfaces_pkg/local/lib/python3.10/dist-packages/interfaces_pkg/msg/_path_planning_result_s.c
[11.334s] -- Symlinking: /home/sungbhin/hpc_v2/install/interfaces_pkg/local/lib/python3.10/dist-packages/interfaces_pkg/msg/_point2_d.py
[11.338s] -- Symlinking: /home/sungbhin/hpc_v2/install/interfaces_pkg/local/lib/python3.10/dist-packages/interfaces_pkg/msg/_point2_d_s.c
[11.341s] -- Symlinking: /home/sungbhin/hpc_v2/install/interfaces_pkg/local/lib/python3.10/dist-packages/interfaces_pkg/msg/_pose2_d.py
[11.344s] -- Symlinking: /home/sungbhin/hpc_v2/install/interfaces_pkg/local/lib/python3.10/dist-packages/interfaces_pkg/msg/_pose2_d_s.c
[11.347s] -- Symlinking: /home/sungbhin/hpc_v2/install/interfaces_pkg/local/lib/python3.10/dist-packages/interfaces_pkg/msg/_target_point.py
[11.350s] -- Symlinking: /home/sungbhin/hpc_v2/install/interfaces_pkg/local/lib/python3.10/dist-packages/interfaces_pkg/msg/_target_point_s.c
[11.354s] -- Symlinking: /home/sungbhin/hpc_v2/install/interfaces_pkg/local/lib/python3.10/dist-packages/interfaces_pkg/msg/_vector2.py
[11.359s] -- Symlinking: /home/sungbhin/hpc_v2/install/interfaces_pkg/local/lib/python3.10/dist-packages/interfaces_pkg/msg/_vector2_s.c
[11.364s] -- Up-to-date symlink: /home/sungbhin/hpc_v2/install/interfaces_pkg/local/lib/python3.10/dist-packages/interfaces_pkg/interfaces_pkg_s__rosidl_typesupport_fastrtps_c.cpython-310-x86_64-linux-gnu.so
[11.364s] -- Up-to-date symlink: /home/sungbhin/hpc_v2/install/interfaces_pkg/local/lib/python3.10/dist-packages/interfaces_pkg/interfaces_pkg_s__rosidl_typesupport_introspection_c.cpython-310-x86_64-linux-gnu.so
[11.364s] -- Up-to-date symlink: /home/sungbhin/hpc_v2/install/interfaces_pkg/local/lib/python3.10/dist-packages/interfaces_pkg/interfaces_pkg_s__rosidl_typesupport_c.cpython-310-x86_64-linux-gnu.so
[11.364s] -- Symlinking: /home/sungbhin/hpc_v2/install/interfaces_pkg/share/interfaces_pkg/msg/Point2D.idl
[11.369s] -- Symlinking: /home/sungbhin/hpc_v2/install/interfaces_pkg/share/interfaces_pkg/msg/Vector2.idl
[11.372s] -- Symlinking: /home/sungbhin/hpc_v2/install/interfaces_pkg/share/interfaces_pkg/msg/Pose2D.idl
[11.376s] -- Symlinking: /home/sungbhin/hpc_v2/install/interfaces_pkg/share/interfaces_pkg/msg/BoundingBox2D.idl
[11.379s] -- Symlinking: /home/sungbhin/hpc_v2/install/interfaces_pkg/share/interfaces_pkg/msg/BoundingBox3D.idl
[11.383s] -- Symlinking: /home/sungbhin/hpc_v2/install/interfaces_pkg/share/interfaces_pkg/msg/Mask.idl
[11.386s] -- Symlinking: /home/sungbhin/hpc_v2/install/interfaces_pkg/share/interfaces_pkg/msg/KeyPoint2D.idl
[11.389s] -- Symlinking: /home/sungbhin/hpc_v2/install/interfaces_pkg/share/interfaces_pkg/msg/KeyPoint2DArray.idl
[11.393s] -- Symlinking: /home/sungbhin/hpc_v2/install/interfaces_pkg/share/interfaces_pkg/msg/KeyPoint3D.idl
[11.395s] -- Symlinking: /home/sungbhin/hpc_v2/install/interfaces_pkg/share/interfaces_pkg/msg/KeyPoint3DArray.idl
[11.399s] -- Symlinking: /home/sungbhin/hpc_v2/install/interfaces_pkg/share/interfaces_pkg/msg/Detection.idl
[11.403s] -- Symlinking: /home/sungbhin/hpc_v2/install/interfaces_pkg/share/interfaces_pkg/msg/DetectionArray.idl
[11.407s] -- Symlinking: /home/sungbhin/hpc_v2/install/interfaces_pkg/share/interfaces_pkg/msg/LaneInfo.idl
[11.410s] -- Symlinking: /home/sungbhin/hpc_v2/install/interfaces_pkg/share/interfaces_pkg/msg/MotionCommand.idl
[11.413s] -- Symlinking: /home/sungbhin/hpc_v2/install/interfaces_pkg/share/interfaces_pkg/msg/TargetPoint.idl
[11.417s] -- Symlinking: /home/sungbhin/hpc_v2/install/interfaces_pkg/share/interfaces_pkg/msg/PathPlanningResult.idl
[11.420s] -- Symlinking: /home/sungbhin/hpc_v2/install/interfaces_pkg/share/interfaces_pkg/msg/Point2D.msg
[11.424s] -- Symlinking: /home/sungbhin/hpc_v2/install/interfaces_pkg/share/interfaces_pkg/msg/Vector2.msg
[11.427s] -- Symlinking: /home/sungbhin/hpc_v2/install/interfaces_pkg/share/interfaces_pkg/msg/Pose2D.msg
[11.431s] -- Symlinking: /home/sungbhin/hpc_v2/install/interfaces_pkg/share/interfaces_pkg/msg/BoundingBox2D.msg
[11.435s] -- Symlinking: /home/sungbhin/hpc_v2/install/interfaces_pkg/share/interfaces_pkg/msg/BoundingBox3D.msg
[11.439s] -- Symlinking: /home/sungbhin/hpc_v2/install/interfaces_pkg/share/interfaces_pkg/msg/Mask.msg
[11.443s] -- Symlinking: /home/sungbhin/hpc_v2/install/interfaces_pkg/share/interfaces_pkg/msg/KeyPoint2D.msg
[11.447s] -- Symlinking: /home/sungbhin/hpc_v2/install/interfaces_pkg/share/interfaces_pkg/msg/KeyPoint2DArray.msg
[11.451s] -- Symlinking: /home/sungbhin/hpc_v2/install/interfaces_pkg/share/interfaces_pkg/msg/KeyPoint3D.msg
[11.455s] -- Symlinking: /home/sungbhin/hpc_v2/install/interfaces_pkg/share/interfaces_pkg/msg/KeyPoint3DArray.msg
[11.460s] -- Symlinking: /home/sungbhin/hpc_v2/install/interfaces_pkg/share/interfaces_pkg/msg/Detection.msg
[11.464s] -- Symlinking: /home/sungbhin/hpc_v2/install/interfaces_pkg/share/interfaces_pkg/msg/DetectionArray.msg
[11.468s] -- Symlinking: /home/sungbhin/hpc_v2/install/interfaces_pkg/share/interfaces_pkg/msg/LaneInfo.msg
[11.472s] -- Symlinking: /home/sungbhin/hpc_v2/install/interfaces_pkg/share/interfaces_pkg/msg/MotionCommand.msg
[11.476s] -- Symlinking: /home/sungbhin/hpc_v2/install/interfaces_pkg/share/interfaces_pkg/msg/TargetPoint.msg
[11.479s] -- Symlinking: /home/sungbhin/hpc_v2/install/interfaces_pkg/share/interfaces_pkg/msg/PathPlanningResult.msg
[11.482s] -- Symlinking: /home/sungbhin/hpc_v2/install/interfaces_pkg/share/ament_index/resource_index/package_run_dependencies/interfaces_pkg
[11.486s] -- Symlinking: /home/sungbhin/hpc_v2/install/interfaces_pkg/share/ament_index/resource_index/parent_prefix_path/interfaces_pkg
[11.490s] -- Symlinking: /home/sungbhin/hpc_v2/install/interfaces_pkg/share/interfaces_pkg/environment/ament_prefix_path.sh
[11.495s] -- Symlinking: /home/sungbhin/hpc_v2/install/interfaces_pkg/share/interfaces_pkg/environment/ament_prefix_path.dsv
[11.498s] -- Symlinking: /home/sungbhin/hpc_v2/install/interfaces_pkg/share/interfaces_pkg/environment/path.sh
[11.502s] -- Symlinking: /home/sungbhin/hpc_v2/install/interfaces_pkg/share/interfaces_pkg/environment/path.dsv
[11.506s] -- Symlinking: /home/sungbhin/hpc_v2/install/interfaces_pkg/share/interfaces_pkg/local_setup.bash
[11.509s] -- Symlinking: /home/sungbhin/hpc_v2/install/interfaces_pkg/share/interfaces_pkg/local_setup.sh
[11.513s] -- Symlinking: /home/sungbhin/hpc_v2/install/interfaces_pkg/share/interfaces_pkg/local_setup.zsh
[11.517s] -- Symlinking: /home/sungbhin/hpc_v2/install/interfaces_pkg/share/interfaces_pkg/local_setup.dsv
[11.521s] -- Symlinking: /home/sungbhin/hpc_v2/install/interfaces_pkg/share/interfaces_pkg/package.dsv
[11.525s] -- Symlinking: /home/sungbhin/hpc_v2/install/interfaces_pkg/share/ament_index/resource_index/packages/interfaces_pkg
[11.529s] -- Symlinking: /home/sungbhin/hpc_v2/install/interfaces_pkg/share/interfaces_pkg/cmake/rosidl_cmake-extras.cmake
[11.533s] -- Symlinking: /home/sungbhin/hpc_v2/install/interfaces_pkg/share/interfaces_pkg/cmake/ament_cmake_export_dependencies-extras.cmake
[11.536s] -- Symlinking: /home/sungbhin/hpc_v2/install/interfaces_pkg/share/interfaces_pkg/cmake/ament_cmake_export_include_directories-extras.cmake
[11.541s] -- Symlinking: /home/sungbhin/hpc_v2/install/interfaces_pkg/share/interfaces_pkg/cmake/ament_cmake_export_libraries-extras.cmake
[11.544s] -- Symlinking: /home/sungbhin/hpc_v2/install/interfaces_pkg/share/interfaces_pkg/cmake/ament_cmake_export_targets-extras.cmake
[11.547s] -- Symlinking: /home/sungbhin/hpc_v2/install/interfaces_pkg/share/interfaces_pkg/cmake/rosidl_cmake_export_typesupport_targets-extras.cmake
[11.551s] -- Symlinking: /home/sungbhin/hpc_v2/install/interfaces_pkg/share/interfaces_pkg/cmake/rosidl_cmake_export_typesupport_libraries-extras.cmake
[11.555s] -- Symlinking: /home/sungbhin/hpc_v2/install/interfaces_pkg/share/interfaces_pkg/cmake/interfaces_pkgConfig.cmake
[11.559s] -- Symlinking: /home/sungbhin/hpc_v2/install/interfaces_pkg/share/interfaces_pkg/cmake/interfaces_pkgConfig-version.cmake
[11.564s] -- Symlinking: /home/sungbhin/hpc_v2/install/interfaces_pkg/share/interfaces_pkg/package.xml
[11.569s] -- Installing: /home/sungbhin/hpc_v2/install/interfaces_pkg/lib/libinterfaces_pkg__rosidl_generator_c.so
[11.570s] -- Set non-toolchain portion of runtime path of "/home/sungbhin/hpc_v2/install/interfaces_pkg/lib/libinterfaces_pkg__rosidl_generator_c.so" to ""
[11.570s] -- Installing: /home/sungbhin/hpc_v2/install/interfaces_pkg/lib/libinterfaces_pkg__rosidl_typesupport_fastrtps_c.so
[11.570s] -- Set non-toolchain portion of runtime path of "/home/sungbhin/hpc_v2/install/interfaces_pkg/lib/libinterfaces_pkg__rosidl_typesupport_fastrtps_c.so" to ""
[11.570s] -- Installing: /home/sungbhin/hpc_v2/install/interfaces_pkg/lib/libinterfaces_pkg__rosidl_typesupport_introspection_c.so
[11.571s] -- Set non-toolchain portion of runtime path of "/home/sungbhin/hpc_v2/install/interfaces_pkg/lib/libinterfaces_pkg__rosidl_typesupport_introspection_c.so" to ""
[11.571s] -- Installing: /home/sungbhin/hpc_v2/install/interfaces_pkg/lib/libinterfaces_pkg__rosidl_typesupport_c.so
[11.571s] -- Set non-toolchain portion of runtime path of "/home/sungbhin/hpc_v2/install/interfaces_pkg/lib/libinterfaces_pkg__rosidl_typesupport_c.so" to ""
[11.571s] -- Installing: /home/sungbhin/hpc_v2/install/interfaces_pkg/lib/libinterfaces_pkg__rosidl_typesupport_fastrtps_cpp.so
[11.572s] -- Set non-toolchain portion of runtime path of "/home/sungbhin/hpc_v2/install/interfaces_pkg/lib/libinterfaces_pkg__rosidl_typesupport_fastrtps_cpp.so" to ""
[11.572s] -- Installing: /home/sungbhin/hpc_v2/install/interfaces_pkg/lib/libinterfaces_pkg__rosidl_typesupport_introspection_cpp.so
[11.573s] -- Set non-toolchain portion of runtime path of "/home/sungbhin/hpc_v2/install/interfaces_pkg/lib/libinterfaces_pkg__rosidl_typesupport_introspection_cpp.so" to ""
[11.573s] -- Installing: /home/sungbhin/hpc_v2/install/interfaces_pkg/lib/libinterfaces_pkg__rosidl_typesupport_cpp.so
[11.573s] -- Set non-toolchain portion of runtime path of "/home/sungbhin/hpc_v2/install/interfaces_pkg/lib/libinterfaces_pkg__rosidl_typesupport_cpp.so" to ""
[11.614s] Listing '/home/sungbhin/hpc_v2/install/interfaces_pkg/local/lib/python3.10/dist-packages/interfaces_pkg'...
[11.615s] Compiling '/home/sungbhin/hpc_v2/install/interfaces_pkg/local/lib/python3.10/dist-packages/interfaces_pkg/__init__.py'...
[11.615s] Listing '/home/sungbhin/hpc_v2/install/interfaces_pkg/local/lib/python3.10/dist-packages/interfaces_pkg/msg'...
[11.615s] Compiling '/home/sungbhin/hpc_v2/install/interfaces_pkg/local/lib/python3.10/dist-packages/interfaces_pkg/msg/__init__.py'...
[11.615s] Compiling '/home/sungbhin/hpc_v2/install/interfaces_pkg/local/lib/python3.10/dist-packages/interfaces_pkg/msg/_bounding_box2_d.py'...
[11.615s] Compiling '/home/sungbhin/hpc_v2/install/interfaces_pkg/local/lib/python3.10/dist-packages/interfaces_pkg/msg/_bounding_box3_d.py'...
[11.615s] Compiling '/home/sungbhin/hpc_v2/install/interfaces_pkg/local/lib/python3.10/dist-packages/interfaces_pkg/msg/_detection.py'...
[11.615s] Compiling '/home/sungbhin/hpc_v2/install/interfaces_pkg/local/lib/python3.10/dist-packages/interfaces_pkg/msg/_detection_array.py'...
[11.615s] Compiling '/home/sungbhin/hpc_v2/install/interfaces_pkg/local/lib/python3.10/dist-packages/interfaces_pkg/msg/_key_point2_d.py'...
[11.615s] Compiling '/home/sungbhin/hpc_v2/install/interfaces_pkg/local/lib/python3.10/dist-packages/interfaces_pkg/msg/_key_point2_d_array.py'...
[11.615s] Compiling '/home/sungbhin/hpc_v2/install/interfaces_pkg/local/lib/python3.10/dist-packages/interfaces_pkg/msg/_key_point3_d.py'...
[11.616s] Compiling '/home/sungbhin/hpc_v2/install/interfaces_pkg/local/lib/python3.10/dist-packages/interfaces_pkg/msg/_key_point3_d_array.py'...
[11.616s] Compiling '/home/sungbhin/hpc_v2/install/interfaces_pkg/local/lib/python3.10/dist-packages/interfaces_pkg/msg/_lane_info.py'...
[11.616s] Compiling '/home/sungbhin/hpc_v2/install/interfaces_pkg/local/lib/python3.10/dist-packages/interfaces_pkg/msg/_mask.py'...
[11.616s] Compiling '/home/sungbhin/hpc_v2/install/interfaces_pkg/local/lib/python3.10/dist-packages/interfaces_pkg/msg/_motion_command.py'...
[11.616s] Compiling '/home/sungbhin/hpc_v2/install/interfaces_pkg/local/lib/python3.10/dist-packages/interfaces_pkg/msg/_path_planning_result.py'...
[11.616s] Compiling '/home/sungbhin/hpc_v2/install/interfaces_pkg/local/lib/python3.10/dist-packages/interfaces_pkg/msg/_point2_d.py'...
[11.616s] Compiling '/home/sungbhin/hpc_v2/install/interfaces_pkg/local/lib/python3.10/dist-packages/interfaces_pkg/msg/_pose2_d.py'...
[11.616s] Compiling '/home/sungbhin/hpc_v2/install/interfaces_pkg/local/lib/python3.10/dist-packages/interfaces_pkg/msg/_target_point.py'...
[11.616s] Compiling '/home/sungbhin/hpc_v2/install/interfaces_pkg/local/lib/python3.10/dist-packages/interfaces_pkg/msg/_vector2.py'...
[11.618s] -- Installing: /home/sungbhin/hpc_v2/install/interfaces_pkg/lib/libinterfaces_pkg__rosidl_generator_py.so
[11.619s] -- Set non-toolchain portion of runtime path of "/home/sungbhin/hpc_v2/install/interfaces_pkg/lib/libinterfaces_pkg__rosidl_generator_py.so" to ""
[11.619s] -- Installing: /home/sungbhin/hpc_v2/install/interfaces_pkg/share/interfaces_pkg/cmake/export_interfaces_pkg__rosidl_generator_cExport.cmake
[11.619s] -- Installing: /home/sungbhin/hpc_v2/install/interfaces_pkg/share/interfaces_pkg/cmake/export_interfaces_pkg__rosidl_generator_cExport-noconfig.cmake
[11.619s] -- Installing: /home/sungbhin/hpc_v2/install/interfaces_pkg/share/interfaces_pkg/cmake/export_interfaces_pkg__rosidl_typesupport_fastrtps_cExport.cmake
[11.620s] -- Installing: /home/sungbhin/hpc_v2/install/interfaces_pkg/share/interfaces_pkg/cmake/export_interfaces_pkg__rosidl_typesupport_fastrtps_cExport-noconfig.cmake
[11.620s] -- Installing: /home/sungbhin/hpc_v2/install/interfaces_pkg/share/interfaces_pkg/cmake/interfaces_pkg__rosidl_typesupport_introspection_cExport.cmake
[11.620s] -- Installing: /home/sungbhin/hpc_v2/install/interfaces_pkg/share/interfaces_pkg/cmake/interfaces_pkg__rosidl_typesupport_introspection_cExport-noconfig.cmake
[11.620s] -- Installing: /home/sungbhin/hpc_v2/install/interfaces_pkg/share/interfaces_pkg/cmake/interfaces_pkg__rosidl_typesupport_cExport.cmake
[11.620s] -- Installing: /home/sungbhin/hpc_v2/install/interfaces_pkg/share/interfaces_pkg/cmake/interfaces_pkg__rosidl_typesupport_cExport-noconfig.cmake
[11.620s] -- Installing: /home/sungbhin/hpc_v2/install/interfaces_pkg/share/interfaces_pkg/cmake/export_interfaces_pkg__rosidl_generator_cppExport.cmake
[11.620s] -- Installing: /home/sungbhin/hpc_v2/install/interfaces_pkg/share/interfaces_pkg/cmake/export_interfaces_pkg__rosidl_typesupport_fastrtps_cppExport.cmake
[11.620s] -- Installing: /home/sungbhin/hpc_v2/install/interfaces_pkg/share/interfaces_pkg/cmake/export_interfaces_pkg__rosidl_typesupport_fastrtps_cppExport-noconfig.cmake
[11.620s] -- Installing: /home/sungbhin/hpc_v2/install/interfaces_pkg/share/interfaces_pkg/cmake/interfaces_pkg__rosidl_typesupport_introspection_cppExport.cmake
[11.620s] -- Installing: /home/sungbhin/hpc_v2/install/interfaces_pkg/share/interfaces_pkg/cmake/interfaces_pkg__rosidl_typesupport_introspection_cppExport-noconfig.cmake
[11.621s] -- Installing: /home/sungbhin/hpc_v2/install/interfaces_pkg/share/interfaces_pkg/cmake/interfaces_pkg__rosidl_typesupport_cppExport.cmake
[11.621s] -- Installing: /home/sungbhin/hpc_v2/install/interfaces_pkg/share/interfaces_pkg/cmake/interfaces_pkg__rosidl_typesupport_cppExport-noconfig.cmake
[11.621s] -- Installing: /home/sungbhin/hpc_v2/install/interfaces_pkg/share/interfaces_pkg/cmake/export_interfaces_pkg__rosidl_generator_pyExport.cmake
[11.621s] -- Installing: /home/sungbhin/hpc_v2/install/interfaces_pkg/share/interfaces_pkg/cmake/export_interfaces_pkg__rosidl_generator_pyExport-noconfig.cmake
[11.624s] Invoked command in '/home/sungbhin/hpc_v2/build/interfaces_pkg' returned '0': CMAKE_PREFIX_PATH=/opt/ros/humble /usr/local/bin/cmake --install /home/sungbhin/hpc_v2/build/interfaces_pkg
