-- Found ament_cmake: 1.3.11 (/opt/ros/humble/share/ament_cmake/cmake)
-- Override CMake install command with custom implementation using symlinks instead of copying resources
-- Found rosidl_default_generators: 1.2.0 (/opt/ros/humble/share/rosidl_default_generators/cmake)
-- Using all available rosidl_typesupport_c: rosidl_typesupport_fastrtps_c;rosidl_typesupport_introspection_c
-- Found rosidl_adapter: 3.1.6 (/opt/ros/humble/share/rosidl_adapter/cmake)
-- Using all available rosidl_typesupport_cpp: rosidl_typesupport_fastrtps_cpp;rosidl_typesupport_introspection_cpp
-- Found std_msgs: 4.8.0 (/opt/ros/humble/share/std_msgs/cmake)
-- Found geometry_msgs: 4.8.0 (/opt/ros/humble/share/geometry_msgs/cmake)
-- Found ament_cmake_ros: 0.10.0 (/opt/ros/humble/share/ament_cmake_ros/cmake)
[0mCMake Error: The current CMakeCache.txt directory /home/sungbhin/AutoSDV_HPC/build/interfaces_pkg/CMakeCache.txt is different than the directory /home/sungbhin/hpc_v2/build/interfaces_pkg where CMakeCache.txt was created. This may result in binaries being created in the wrong place. If you are not sure, reedit the CMakeCache.txt[0m
[0mCMake Deprecation Warning at CMakeLists.txt:1 (cmake_minimum_required):
  Compatibility with CMake < 3.10 will be removed from a future version of
  CMake.

  Update the VERSION argument <min> value or use a ...<max> suffix to tell
  CMake that the project does not need compatibility with older versions.

[0m
-- Using all available rosidl_typesupport_c: rosidl_typesupport_fastrtps_c;rosidl_typesupport_introspection_c
-- Using all available rosidl_typesupport_cpp: rosidl_typesupport_fastrtps_cpp;rosidl_typesupport_introspection_cpp
[33mCMake Warning (dev) at /opt/ros/humble/share/rosidl_generator_py/cmake/rosidl_generator_py_generate_interfaces.cmake:20 (find_package):
  Policy CMP0148 is not set: The FindPythonInterp and FindPythonLibs modules
  are removed.  Run "cmake --help-policy CMP0148" for policy details.  Use
  the cmake_policy command to set the policy and suppress this warning.

Call Stack (most recent call first):
  /opt/ros/humble/share/ament_cmake_core/cmake/core/ament_execute_extensions.cmake:48 (include)
  /opt/ros/humble/share/rosidl_cmake/cmake/rosidl_generate_interfaces.cmake:286 (ament_execute_extensions)
  CMakeLists.txt:10 (rosidl_generate_interfaces)
This warning is for project developers.  Use -Wno-dev to suppress it.
[0m
-- Found python_cmake_module: 0.10.0 (/opt/ros/humble/share/python_cmake_module/cmake)
[33mCMake Warning (dev) at /opt/ros/humble/share/python_cmake_module/cmake/Modules/FindPythonExtra.cmake:52 (find_package):
  Policy CMP0148 is not set: The FindPythonInterp and FindPythonLibs modules
  are removed.  Run "cmake --help-policy CMP0148" for policy details.  Use
  the cmake_policy command to set the policy and suppress this warning.

Call Stack (most recent call first):
  /opt/ros/humble/share/rosidl_generator_py/cmake/rosidl_generator_py_generate_interfaces.cmake:23 (find_package)
  /opt/ros/humble/share/ament_cmake_core/cmake/core/ament_execute_extensions.cmake:48 (include)
  /opt/ros/humble/share/rosidl_cmake/cmake/rosidl_generate_interfaces.cmake:286 (ament_execute_extensions)
  CMakeLists.txt:10 (rosidl_generate_interfaces)
This warning is for project developers.  Use -Wno-dev to suppress it.
[0m
[33mCMake Warning (dev) at /opt/ros/humble/share/python_cmake_module/cmake/Modules/FindPythonExtra.cmake:140 (find_package):
  Policy CMP0148 is not set: The FindPythonInterp and FindPythonLibs modules
  are removed.  Run "cmake --help-policy CMP0148" for policy details.  Use
  the cmake_policy command to set the policy and suppress this warning.

Call Stack (most recent call first):
  /opt/ros/humble/share/rosidl_generator_py/cmake/rosidl_generator_py_generate_interfaces.cmake:23 (find_package)
  /opt/ros/humble/share/ament_cmake_core/cmake/core/ament_execute_extensions.cmake:48 (include)
  /opt/ros/humble/share/rosidl_cmake/cmake/rosidl_generate_interfaces.cmake:286 (ament_execute_extensions)
  CMakeLists.txt:10 (rosidl_generate_interfaces)
This warning is for project developers.  Use -Wno-dev to suppress it.
[0m
-- Using PYTHON_EXECUTABLE: /usr/bin/python3
-- Using PYTHON_INCLUDE_DIRS: /usr/include/python3.10
-- Using PYTHON_LIBRARIES: /usr/lib/x86_64-linux-gnu/libpython3.10.so
-- Configuring done (2.2s)
-- Generating done (0.1s)
-- Build files have been written to: /home/sungbhin/hpc_v2/build/interfaces_pkg
[  0%] Built target interfaces_pkg__cpp
[  0%] Built target ament_cmake_python_symlink_interfaces_pkg
[ 12%] Built target interfaces_pkg__rosidl_generator_c
[ 56%] Built target interfaces_pkg__rosidl_typesupport_introspection_c
[ 56%] Built target interfaces_pkg__rosidl_typesupport_c
[ 57%] Built target interfaces_pkg__rosidl_typesupport_cpp
[ 60%] Built target interfaces_pkg__rosidl_typesupport_introspection_cpp
[ 72%] Built target interfaces_pkg__rosidl_typesupport_fastrtps_cpp
[ 84%] Built target interfaces_pkg__rosidl_typesupport_fastrtps_c
[ 84%] Built target interfaces_pkg
[ 85%] Built target interfaces_pkg__py
[ 96%] Built target interfaces_pkg__rosidl_generator_py
[ 98%] Built target interfaces_pkg__rosidl_typesupport_c__pyext
[ 99%] Built target interfaces_pkg__rosidl_typesupport_introspection_c__pyext
[100%] Built target interfaces_pkg__rosidl_typesupport_fastrtps_c__pyext
running egg_info
writing interfaces_pkg.egg-info/PKG-INFO
writing dependency_links to interfaces_pkg.egg-info/dependency_links.txt
writing top-level names to interfaces_pkg.egg-info/top_level.txt
reading manifest file 'interfaces_pkg.egg-info/SOURCES.txt'
writing manifest file 'interfaces_pkg.egg-info/SOURCES.txt'
[100%] Built target ament_cmake_python_build_interfaces_pkg_egg
-- Install configuration: ""
-- Execute custom install script
-- Up-to-date symlink: /home/sungbhin/hpc_v2/install/interfaces_pkg/share/ament_index/resource_index/rosidl_interfaces/interfaces_pkg
-- Up-to-date symlink: /home/sungbhin/hpc_v2/install/interfaces_pkg/include/interfaces_pkg/interfaces_pkg/msg/bounding_box2_d.h
-- Up-to-date symlink: /home/sungbhin/hpc_v2/install/interfaces_pkg/include/interfaces_pkg/interfaces_pkg/msg/bounding_box3_d.h
-- Up-to-date symlink: /home/sungbhin/hpc_v2/install/interfaces_pkg/include/interfaces_pkg/interfaces_pkg/msg/detail/bounding_box2_d__functions.h
-- Up-to-date symlink: /home/sungbhin/hpc_v2/install/interfaces_pkg/include/interfaces_pkg/interfaces_pkg/msg/detail/bounding_box2_d__struct.h
-- Up-to-date symlink: /home/sungbhin/hpc_v2/install/interfaces_pkg/include/interfaces_pkg/interfaces_pkg/msg/detail/bounding_box2_d__type_support.h
-- Up-to-date symlink: /home/sungbhin/hpc_v2/install/interfaces_pkg/include/interfaces_pkg/interfaces_pkg/msg/detail/bounding_box3_d__functions.h
-- Up-to-date symlink: /home/sungbhin/hpc_v2/install/interfaces_pkg/include/interfaces_pkg/interfaces_pkg/msg/detail/bounding_box3_d__struct.h
-- Up-to-date symlink: /home/sungbhin/hpc_v2/install/interfaces_pkg/include/interfaces_pkg/interfaces_pkg/msg/detail/bounding_box3_d__type_support.h
-- Up-to-date symlink: /home/sungbhin/hpc_v2/install/interfaces_pkg/include/interfaces_pkg/interfaces_pkg/msg/detail/detection__functions.h
-- Up-to-date symlink: /home/sungbhin/hpc_v2/install/interfaces_pkg/include/interfaces_pkg/interfaces_pkg/msg/detail/detection__struct.h
-- Up-to-date symlink: /home/sungbhin/hpc_v2/install/interfaces_pkg/include/interfaces_pkg/interfaces_pkg/msg/detail/detection__type_support.h
-- Up-to-date symlink: /home/sungbhin/hpc_v2/install/interfaces_pkg/include/interfaces_pkg/interfaces_pkg/msg/detail/detection_array__functions.h
-- Up-to-date symlink: /home/sungbhin/hpc_v2/install/interfaces_pkg/include/interfaces_pkg/interfaces_pkg/msg/detail/detection_array__struct.h
-- Up-to-date symlink: /home/sungbhin/hpc_v2/install/interfaces_pkg/include/interfaces_pkg/interfaces_pkg/msg/detail/detection_array__type_support.h
-- Up-to-date symlink: /home/sungbhin/hpc_v2/install/interfaces_pkg/include/interfaces_pkg/interfaces_pkg/msg/detail/key_point2_d__functions.h
-- Up-to-date symlink: /home/sungbhin/hpc_v2/install/interfaces_pkg/include/interfaces_pkg/interfaces_pkg/msg/detail/key_point2_d__struct.h
-- Up-to-date symlink: /home/sungbhin/hpc_v2/install/interfaces_pkg/include/interfaces_pkg/interfaces_pkg/msg/detail/key_point2_d__type_support.h
-- Up-to-date symlink: /home/sungbhin/hpc_v2/install/interfaces_pkg/include/interfaces_pkg/interfaces_pkg/msg/detail/key_point2_d_array__functions.h
-- Up-to-date symlink: /home/sungbhin/hpc_v2/install/interfaces_pkg/include/interfaces_pkg/interfaces_pkg/msg/detail/key_point2_d_array__struct.h
-- Up-to-date symlink: /home/sungbhin/hpc_v2/install/interfaces_pkg/include/interfaces_pkg/interfaces_pkg/msg/detail/key_point2_d_array__type_support.h
-- Up-to-date symlink: /home/sungbhin/hpc_v2/install/interfaces_pkg/include/interfaces_pkg/interfaces_pkg/msg/detail/key_point3_d__functions.h
-- Up-to-date symlink: /home/sungbhin/hpc_v2/install/interfaces_pkg/include/interfaces_pkg/interfaces_pkg/msg/detail/key_point3_d__struct.h
-- Up-to-date symlink: /home/sungbhin/hpc_v2/install/interfaces_pkg/include/interfaces_pkg/interfaces_pkg/msg/detail/key_point3_d__type_support.h
-- Up-to-date symlink: /home/sungbhin/hpc_v2/install/interfaces_pkg/include/interfaces_pkg/interfaces_pkg/msg/detail/key_point3_d_array__functions.h
-- Up-to-date symlink: /home/sungbhin/hpc_v2/install/interfaces_pkg/include/interfaces_pkg/interfaces_pkg/msg/detail/key_point3_d_array__struct.h
-- Up-to-date symlink: /home/sungbhin/hpc_v2/install/interfaces_pkg/include/interfaces_pkg/interfaces_pkg/msg/detail/key_point3_d_array__type_support.h
-- Up-to-date symlink: /home/sungbhin/hpc_v2/install/interfaces_pkg/include/interfaces_pkg/interfaces_pkg/msg/detail/lane_info__functions.h
-- Up-to-date symlink: /home/sungbhin/hpc_v2/install/interfaces_pkg/include/interfaces_pkg/interfaces_pkg/msg/detail/lane_info__struct.h
-- Up-to-date symlink: /home/sungbhin/hpc_v2/install/interfaces_pkg/include/interfaces_pkg/interfaces_pkg/msg/detail/lane_info__type_support.h
-- Up-to-date symlink: /home/sungbhin/hpc_v2/install/interfaces_pkg/include/interfaces_pkg/interfaces_pkg/msg/detail/mask__functions.h
-- Up-to-date symlink: /home/sungbhin/hpc_v2/install/interfaces_pkg/include/interfaces_pkg/interfaces_pkg/msg/detail/mask__struct.h
-- Up-to-date symlink: /home/sungbhin/hpc_v2/install/interfaces_pkg/include/interfaces_pkg/interfaces_pkg/msg/detail/mask__type_support.h
-- Up-to-date symlink: /home/sungbhin/hpc_v2/install/interfaces_pkg/include/interfaces_pkg/interfaces_pkg/msg/detail/motion_command__functions.h
-- Up-to-date symlink: /home/sungbhin/hpc_v2/install/interfaces_pkg/include/interfaces_pkg/interfaces_pkg/msg/detail/motion_command__struct.h
-- Up-to-date symlink: /home/sungbhin/hpc_v2/install/interfaces_pkg/include/interfaces_pkg/interfaces_pkg/msg/detail/motion_command__type_support.h
-- Up-to-date symlink: /home/sungbhin/hpc_v2/install/interfaces_pkg/include/interfaces_pkg/interfaces_pkg/msg/detail/path_planning_result__functions.h
-- Up-to-date symlink: /home/sungbhin/hpc_v2/install/interfaces_pkg/include/interfaces_pkg/interfaces_pkg/msg/detail/path_planning_result__struct.h
-- Up-to-date symlink: /home/sungbhin/hpc_v2/install/interfaces_pkg/include/interfaces_pkg/interfaces_pkg/msg/detail/path_planning_result__type_support.h
-- Up-to-date symlink: /home/sungbhin/hpc_v2/install/interfaces_pkg/include/interfaces_pkg/interfaces_pkg/msg/detail/point2_d__functions.h
-- Up-to-date symlink: /home/sungbhin/hpc_v2/install/interfaces_pkg/include/interfaces_pkg/interfaces_pkg/msg/detail/point2_d__struct.h
-- Up-to-date symlink: /home/sungbhin/hpc_v2/install/interfaces_pkg/include/interfaces_pkg/interfaces_pkg/msg/detail/point2_d__type_support.h
-- Up-to-date symlink: /home/sungbhin/hpc_v2/install/interfaces_pkg/include/interfaces_pkg/interfaces_pkg/msg/detail/pose2_d__functions.h
-- Up-to-date symlink: /home/sungbhin/hpc_v2/install/interfaces_pkg/include/interfaces_pkg/interfaces_pkg/msg/detail/pose2_d__struct.h
-- Up-to-date symlink: /home/sungbhin/hpc_v2/install/interfaces_pkg/include/interfaces_pkg/interfaces_pkg/msg/detail/pose2_d__type_support.h
-- Up-to-date symlink: /home/sungbhin/hpc_v2/install/interfaces_pkg/include/interfaces_pkg/interfaces_pkg/msg/detail/target_point__functions.h
-- Up-to-date symlink: /home/sungbhin/hpc_v2/install/interfaces_pkg/include/interfaces_pkg/interfaces_pkg/msg/detail/target_point__struct.h
-- Up-to-date symlink: /home/sungbhin/hpc_v2/install/interfaces_pkg/include/interfaces_pkg/interfaces_pkg/msg/detail/target_point__type_support.h
-- Up-to-date symlink: /home/sungbhin/hpc_v2/install/interfaces_pkg/include/interfaces_pkg/interfaces_pkg/msg/detail/vector2__functions.h
-- Up-to-date symlink: /home/sungbhin/hpc_v2/install/interfaces_pkg/include/interfaces_pkg/interfaces_pkg/msg/detail/vector2__struct.h
-- Up-to-date symlink: /home/sungbhin/hpc_v2/install/interfaces_pkg/include/interfaces_pkg/interfaces_pkg/msg/detail/vector2__type_support.h
-- Up-to-date symlink: /home/sungbhin/hpc_v2/install/interfaces_pkg/include/interfaces_pkg/interfaces_pkg/msg/detection.h
-- Up-to-date symlink: /home/sungbhin/hpc_v2/install/interfaces_pkg/include/interfaces_pkg/interfaces_pkg/msg/detection_array.h
-- Up-to-date symlink: /home/sungbhin/hpc_v2/install/interfaces_pkg/include/interfaces_pkg/interfaces_pkg/msg/key_point2_d.h
-- Up-to-date symlink: /home/sungbhin/hpc_v2/install/interfaces_pkg/include/interfaces_pkg/interfaces_pkg/msg/key_point2_d_array.h
-- Up-to-date symlink: /home/sungbhin/hpc_v2/install/interfaces_pkg/include/interfaces_pkg/interfaces_pkg/msg/key_point3_d.h
-- Up-to-date symlink: /home/sungbhin/hpc_v2/install/interfaces_pkg/include/interfaces_pkg/interfaces_pkg/msg/key_point3_d_array.h
-- Up-to-date symlink: /home/sungbhin/hpc_v2/install/interfaces_pkg/include/interfaces_pkg/interfaces_pkg/msg/lane_info.h
-- Up-to-date symlink: /home/sungbhin/hpc_v2/install/interfaces_pkg/include/interfaces_pkg/interfaces_pkg/msg/mask.h
-- Up-to-date symlink: /home/sungbhin/hpc_v2/install/interfaces_pkg/include/interfaces_pkg/interfaces_pkg/msg/motion_command.h
-- Up-to-date symlink: /home/sungbhin/hpc_v2/install/interfaces_pkg/include/interfaces_pkg/interfaces_pkg/msg/path_planning_result.h
-- Up-to-date symlink: /home/sungbhin/hpc_v2/install/interfaces_pkg/include/interfaces_pkg/interfaces_pkg/msg/point2_d.h
-- Up-to-date symlink: /home/sungbhin/hpc_v2/install/interfaces_pkg/include/interfaces_pkg/interfaces_pkg/msg/pose2_d.h
-- Up-to-date symlink: /home/sungbhin/hpc_v2/install/interfaces_pkg/include/interfaces_pkg/interfaces_pkg/msg/rosidl_generator_c__visibility_control.h
-- Up-to-date symlink: /home/sungbhin/hpc_v2/install/interfaces_pkg/include/interfaces_pkg/interfaces_pkg/msg/target_point.h
-- Up-to-date symlink: /home/sungbhin/hpc_v2/install/interfaces_pkg/include/interfaces_pkg/interfaces_pkg/msg/vector2.h
-- Up-to-date symlink: /home/sungbhin/hpc_v2/install/interfaces_pkg/share/interfaces_pkg/environment/library_path.sh
-- Up-to-date symlink: /home/sungbhin/hpc_v2/install/interfaces_pkg/share/interfaces_pkg/environment/library_path.dsv
-- Up-to-date symlink: /home/sungbhin/hpc_v2/install/interfaces_pkg/include/interfaces_pkg/interfaces_pkg/msg/detail/bounding_box2_d__rosidl_typesupport_fastrtps_c.h
-- Up-to-date symlink: /home/sungbhin/hpc_v2/install/interfaces_pkg/include/interfaces_pkg/interfaces_pkg/msg/detail/bounding_box3_d__rosidl_typesupport_fastrtps_c.h
-- Up-to-date symlink: /home/sungbhin/hpc_v2/install/interfaces_pkg/include/interfaces_pkg/interfaces_pkg/msg/detail/detection__rosidl_typesupport_fastrtps_c.h
-- Up-to-date symlink: /home/sungbhin/hpc_v2/install/interfaces_pkg/include/interfaces_pkg/interfaces_pkg/msg/detail/detection_array__rosidl_typesupport_fastrtps_c.h
-- Up-to-date symlink: /home/sungbhin/hpc_v2/install/interfaces_pkg/include/interfaces_pkg/interfaces_pkg/msg/detail/key_point2_d__rosidl_typesupport_fastrtps_c.h
-- Up-to-date symlink: /home/sungbhin/hpc_v2/install/interfaces_pkg/include/interfaces_pkg/interfaces_pkg/msg/detail/key_point2_d_array__rosidl_typesupport_fastrtps_c.h
-- Up-to-date symlink: /home/sungbhin/hpc_v2/install/interfaces_pkg/include/interfaces_pkg/interfaces_pkg/msg/detail/key_point3_d__rosidl_typesupport_fastrtps_c.h
-- Up-to-date symlink: /home/sungbhin/hpc_v2/install/interfaces_pkg/include/interfaces_pkg/interfaces_pkg/msg/detail/key_point3_d_array__rosidl_typesupport_fastrtps_c.h
-- Up-to-date symlink: /home/sungbhin/hpc_v2/install/interfaces_pkg/include/interfaces_pkg/interfaces_pkg/msg/detail/lane_info__rosidl_typesupport_fastrtps_c.h
-- Up-to-date symlink: /home/sungbhin/hpc_v2/install/interfaces_pkg/include/interfaces_pkg/interfaces_pkg/msg/detail/mask__rosidl_typesupport_fastrtps_c.h
-- Up-to-date symlink: /home/sungbhin/hpc_v2/install/interfaces_pkg/include/interfaces_pkg/interfaces_pkg/msg/detail/motion_command__rosidl_typesupport_fastrtps_c.h
-- Up-to-date symlink: /home/sungbhin/hpc_v2/install/interfaces_pkg/include/interfaces_pkg/interfaces_pkg/msg/detail/path_planning_result__rosidl_typesupport_fastrtps_c.h
-- Up-to-date symlink: /home/sungbhin/hpc_v2/install/interfaces_pkg/include/interfaces_pkg/interfaces_pkg/msg/detail/point2_d__rosidl_typesupport_fastrtps_c.h
-- Up-to-date symlink: /home/sungbhin/hpc_v2/install/interfaces_pkg/include/interfaces_pkg/interfaces_pkg/msg/detail/pose2_d__rosidl_typesupport_fastrtps_c.h
-- Up-to-date symlink: /home/sungbhin/hpc_v2/install/interfaces_pkg/include/interfaces_pkg/interfaces_pkg/msg/detail/target_point__rosidl_typesupport_fastrtps_c.h
-- Up-to-date symlink: /home/sungbhin/hpc_v2/install/interfaces_pkg/include/interfaces_pkg/interfaces_pkg/msg/detail/vector2__rosidl_typesupport_fastrtps_c.h
-- Up-to-date symlink: /home/sungbhin/hpc_v2/install/interfaces_pkg/include/interfaces_pkg/interfaces_pkg/msg/rosidl_typesupport_fastrtps_c__visibility_control.h
-- Up-to-date symlink: /home/sungbhin/hpc_v2/install/interfaces_pkg/include/interfaces_pkg/interfaces_pkg/msg/detail/bounding_box2_d__rosidl_typesupport_introspection_c.h
-- Up-to-date symlink: /home/sungbhin/hpc_v2/install/interfaces_pkg/include/interfaces_pkg/interfaces_pkg/msg/detail/bounding_box3_d__rosidl_typesupport_introspection_c.h
-- Up-to-date symlink: /home/sungbhin/hpc_v2/install/interfaces_pkg/include/interfaces_pkg/interfaces_pkg/msg/detail/detection__rosidl_typesupport_introspection_c.h
-- Up-to-date symlink: /home/sungbhin/hpc_v2/install/interfaces_pkg/include/interfaces_pkg/interfaces_pkg/msg/detail/detection_array__rosidl_typesupport_introspection_c.h
-- Up-to-date symlink: /home/sungbhin/hpc_v2/install/interfaces_pkg/include/interfaces_pkg/interfaces_pkg/msg/detail/key_point2_d__rosidl_typesupport_introspection_c.h
-- Up-to-date symlink: /home/sungbhin/hpc_v2/install/interfaces_pkg/include/interfaces_pkg/interfaces_pkg/msg/detail/key_point2_d_array__rosidl_typesupport_introspection_c.h
-- Up-to-date symlink: /home/sungbhin/hpc_v2/install/interfaces_pkg/include/interfaces_pkg/interfaces_pkg/msg/detail/key_point3_d__rosidl_typesupport_introspection_c.h
-- Up-to-date symlink: /home/sungbhin/hpc_v2/install/interfaces_pkg/include/interfaces_pkg/interfaces_pkg/msg/detail/key_point3_d_array__rosidl_typesupport_introspection_c.h
-- Up-to-date symlink: /home/sungbhin/hpc_v2/install/interfaces_pkg/include/interfaces_pkg/interfaces_pkg/msg/detail/lane_info__rosidl_typesupport_introspection_c.h
-- Up-to-date symlink: /home/sungbhin/hpc_v2/install/interfaces_pkg/include/interfaces_pkg/interfaces_pkg/msg/detail/mask__rosidl_typesupport_introspection_c.h
-- Up-to-date symlink: /home/sungbhin/hpc_v2/install/interfaces_pkg/include/interfaces_pkg/interfaces_pkg/msg/detail/motion_command__rosidl_typesupport_introspection_c.h
-- Up-to-date symlink: /home/sungbhin/hpc_v2/install/interfaces_pkg/include/interfaces_pkg/interfaces_pkg/msg/detail/path_planning_result__rosidl_typesupport_introspection_c.h
-- Up-to-date symlink: /home/sungbhin/hpc_v2/install/interfaces_pkg/include/interfaces_pkg/interfaces_pkg/msg/detail/point2_d__rosidl_typesupport_introspection_c.h
-- Up-to-date symlink: /home/sungbhin/hpc_v2/install/interfaces_pkg/include/interfaces_pkg/interfaces_pkg/msg/detail/pose2_d__rosidl_typesupport_introspection_c.h
-- Up-to-date symlink: /home/sungbhin/hpc_v2/install/interfaces_pkg/include/interfaces_pkg/interfaces_pkg/msg/detail/target_point__rosidl_typesupport_introspection_c.h
-- Up-to-date symlink: /home/sungbhin/hpc_v2/install/interfaces_pkg/include/interfaces_pkg/interfaces_pkg/msg/detail/vector2__rosidl_typesupport_introspection_c.h
-- Up-to-date symlink: /home/sungbhin/hpc_v2/install/interfaces_pkg/include/interfaces_pkg/interfaces_pkg/msg/rosidl_typesupport_introspection_c__visibility_control.h
-- Up-to-date symlink: /home/sungbhin/hpc_v2/install/interfaces_pkg/include/interfaces_pkg/interfaces_pkg/msg/bounding_box2_d.hpp
-- Up-to-date symlink: /home/sungbhin/hpc_v2/install/interfaces_pkg/include/interfaces_pkg/interfaces_pkg/msg/bounding_box3_d.hpp
-- Up-to-date symlink: /home/sungbhin/hpc_v2/install/interfaces_pkg/include/interfaces_pkg/interfaces_pkg/msg/detail/bounding_box2_d__builder.hpp
-- Up-to-date symlink: /home/sungbhin/hpc_v2/install/interfaces_pkg/include/interfaces_pkg/interfaces_pkg/msg/detail/bounding_box2_d__struct.hpp
-- Up-to-date symlink: /home/sungbhin/hpc_v2/install/interfaces_pkg/include/interfaces_pkg/interfaces_pkg/msg/detail/bounding_box2_d__traits.hpp
-- Up-to-date symlink: /home/sungbhin/hpc_v2/install/interfaces_pkg/include/interfaces_pkg/interfaces_pkg/msg/detail/bounding_box2_d__type_support.hpp
-- Up-to-date symlink: /home/sungbhin/hpc_v2/install/interfaces_pkg/include/interfaces_pkg/interfaces_pkg/msg/detail/bounding_box3_d__builder.hpp
-- Up-to-date symlink: /home/sungbhin/hpc_v2/install/interfaces_pkg/include/interfaces_pkg/interfaces_pkg/msg/detail/bounding_box3_d__struct.hpp
-- Up-to-date symlink: /home/sungbhin/hpc_v2/install/interfaces_pkg/include/interfaces_pkg/interfaces_pkg/msg/detail/bounding_box3_d__traits.hpp
-- Up-to-date symlink: /home/sungbhin/hpc_v2/install/interfaces_pkg/include/interfaces_pkg/interfaces_pkg/msg/detail/bounding_box3_d__type_support.hpp
-- Up-to-date symlink: /home/sungbhin/hpc_v2/install/interfaces_pkg/include/interfaces_pkg/interfaces_pkg/msg/detail/detection__builder.hpp
-- Up-to-date symlink: /home/sungbhin/hpc_v2/install/interfaces_pkg/include/interfaces_pkg/interfaces_pkg/msg/detail/detection__struct.hpp
-- Up-to-date symlink: /home/sungbhin/hpc_v2/install/interfaces_pkg/include/interfaces_pkg/interfaces_pkg/msg/detail/detection__traits.hpp
-- Up-to-date symlink: /home/sungbhin/hpc_v2/install/interfaces_pkg/include/interfaces_pkg/interfaces_pkg/msg/detail/detection__type_support.hpp
-- Up-to-date symlink: /home/sungbhin/hpc_v2/install/interfaces_pkg/include/interfaces_pkg/interfaces_pkg/msg/detail/detection_array__builder.hpp
-- Up-to-date symlink: /home/sungbhin/hpc_v2/install/interfaces_pkg/include/interfaces_pkg/interfaces_pkg/msg/detail/detection_array__struct.hpp
-- Up-to-date symlink: /home/sungbhin/hpc_v2/install/interfaces_pkg/include/interfaces_pkg/interfaces_pkg/msg/detail/detection_array__traits.hpp
-- Up-to-date symlink: /home/sungbhin/hpc_v2/install/interfaces_pkg/include/interfaces_pkg/interfaces_pkg/msg/detail/detection_array__type_support.hpp
-- Up-to-date symlink: /home/sungbhin/hpc_v2/install/interfaces_pkg/include/interfaces_pkg/interfaces_pkg/msg/detail/key_point2_d__builder.hpp
-- Up-to-date symlink: /home/sungbhin/hpc_v2/install/interfaces_pkg/include/interfaces_pkg/interfaces_pkg/msg/detail/key_point2_d__struct.hpp
-- Up-to-date symlink: /home/sungbhin/hpc_v2/install/interfaces_pkg/include/interfaces_pkg/interfaces_pkg/msg/detail/key_point2_d__traits.hpp
-- Up-to-date symlink: /home/sungbhin/hpc_v2/install/interfaces_pkg/include/interfaces_pkg/interfaces_pkg/msg/detail/key_point2_d__type_support.hpp
-- Up-to-date symlink: /home/sungbhin/hpc_v2/install/interfaces_pkg/include/interfaces_pkg/interfaces_pkg/msg/detail/key_point2_d_array__builder.hpp
-- Up-to-date symlink: /home/sungbhin/hpc_v2/install/interfaces_pkg/include/interfaces_pkg/interfaces_pkg/msg/detail/key_point2_d_array__struct.hpp
-- Up-to-date symlink: /home/sungbhin/hpc_v2/install/interfaces_pkg/include/interfaces_pkg/interfaces_pkg/msg/detail/key_point2_d_array__traits.hpp
-- Up-to-date symlink: /home/sungbhin/hpc_v2/install/interfaces_pkg/include/interfaces_pkg/interfaces_pkg/msg/detail/key_point2_d_array__type_support.hpp
-- Up-to-date symlink: /home/sungbhin/hpc_v2/install/interfaces_pkg/include/interfaces_pkg/interfaces_pkg/msg/detail/key_point3_d__builder.hpp
-- Up-to-date symlink: /home/sungbhin/hpc_v2/install/interfaces_pkg/include/interfaces_pkg/interfaces_pkg/msg/detail/key_point3_d__struct.hpp
-- Up-to-date symlink: /home/sungbhin/hpc_v2/install/interfaces_pkg/include/interfaces_pkg/interfaces_pkg/msg/detail/key_point3_d__traits.hpp
-- Up-to-date symlink: /home/sungbhin/hpc_v2/install/interfaces_pkg/include/interfaces_pkg/interfaces_pkg/msg/detail/key_point3_d__type_support.hpp
-- Up-to-date symlink: /home/sungbhin/hpc_v2/install/interfaces_pkg/include/interfaces_pkg/interfaces_pkg/msg/detail/key_point3_d_array__builder.hpp
-- Up-to-date symlink: /home/sungbhin/hpc_v2/install/interfaces_pkg/include/interfaces_pkg/interfaces_pkg/msg/detail/key_point3_d_array__struct.hpp
-- Up-to-date symlink: /home/sungbhin/hpc_v2/install/interfaces_pkg/include/interfaces_pkg/interfaces_pkg/msg/detail/key_point3_d_array__traits.hpp
-- Up-to-date symlink: /home/sungbhin/hpc_v2/install/interfaces_pkg/include/interfaces_pkg/interfaces_pkg/msg/detail/key_point3_d_array__type_support.hpp
-- Up-to-date symlink: /home/sungbhin/hpc_v2/install/interfaces_pkg/include/interfaces_pkg/interfaces_pkg/msg/detail/lane_info__builder.hpp
-- Up-to-date symlink: /home/sungbhin/hpc_v2/install/interfaces_pkg/include/interfaces_pkg/interfaces_pkg/msg/detail/lane_info__struct.hpp
-- Up-to-date symlink: /home/sungbhin/hpc_v2/install/interfaces_pkg/include/interfaces_pkg/interfaces_pkg/msg/detail/lane_info__traits.hpp
-- Up-to-date symlink: /home/sungbhin/hpc_v2/install/interfaces_pkg/include/interfaces_pkg/interfaces_pkg/msg/detail/lane_info__type_support.hpp
-- Up-to-date symlink: /home/sungbhin/hpc_v2/install/interfaces_pkg/include/interfaces_pkg/interfaces_pkg/msg/detail/mask__builder.hpp
-- Up-to-date symlink: /home/sungbhin/hpc_v2/install/interfaces_pkg/include/interfaces_pkg/interfaces_pkg/msg/detail/mask__struct.hpp
-- Up-to-date symlink: /home/sungbhin/hpc_v2/install/interfaces_pkg/include/interfaces_pkg/interfaces_pkg/msg/detail/mask__traits.hpp
-- Up-to-date symlink: /home/sungbhin/hpc_v2/install/interfaces_pkg/include/interfaces_pkg/interfaces_pkg/msg/detail/mask__type_support.hpp
-- Up-to-date symlink: /home/sungbhin/hpc_v2/install/interfaces_pkg/include/interfaces_pkg/interfaces_pkg/msg/detail/motion_command__builder.hpp
-- Up-to-date symlink: /home/sungbhin/hpc_v2/install/interfaces_pkg/include/interfaces_pkg/interfaces_pkg/msg/detail/motion_command__struct.hpp
-- Up-to-date symlink: /home/sungbhin/hpc_v2/install/interfaces_pkg/include/interfaces_pkg/interfaces_pkg/msg/detail/motion_command__traits.hpp
-- Up-to-date symlink: /home/sungbhin/hpc_v2/install/interfaces_pkg/include/interfaces_pkg/interfaces_pkg/msg/detail/motion_command__type_support.hpp
-- Up-to-date symlink: /home/sungbhin/hpc_v2/install/interfaces_pkg/include/interfaces_pkg/interfaces_pkg/msg/detail/path_planning_result__builder.hpp
-- Up-to-date symlink: /home/sungbhin/hpc_v2/install/interfaces_pkg/include/interfaces_pkg/interfaces_pkg/msg/detail/path_planning_result__struct.hpp
-- Up-to-date symlink: /home/sungbhin/hpc_v2/install/interfaces_pkg/include/interfaces_pkg/interfaces_pkg/msg/detail/path_planning_result__traits.hpp
-- Up-to-date symlink: /home/sungbhin/hpc_v2/install/interfaces_pkg/include/interfaces_pkg/interfaces_pkg/msg/detail/path_planning_result__type_support.hpp
-- Up-to-date symlink: /home/sungbhin/hpc_v2/install/interfaces_pkg/include/interfaces_pkg/interfaces_pkg/msg/detail/point2_d__builder.hpp
-- Up-to-date symlink: /home/sungbhin/hpc_v2/install/interfaces_pkg/include/interfaces_pkg/interfaces_pkg/msg/detail/point2_d__struct.hpp
-- Up-to-date symlink: /home/sungbhin/hpc_v2/install/interfaces_pkg/include/interfaces_pkg/interfaces_pkg/msg/detail/point2_d__traits.hpp
-- Up-to-date symlink: /home/sungbhin/hpc_v2/install/interfaces_pkg/include/interfaces_pkg/interfaces_pkg/msg/detail/point2_d__type_support.hpp
-- Up-to-date symlink: /home/sungbhin/hpc_v2/install/interfaces_pkg/include/interfaces_pkg/interfaces_pkg/msg/detail/pose2_d__builder.hpp
-- Up-to-date symlink: /home/sungbhin/hpc_v2/install/interfaces_pkg/include/interfaces_pkg/interfaces_pkg/msg/detail/pose2_d__struct.hpp
-- Up-to-date symlink: /home/sungbhin/hpc_v2/install/interfaces_pkg/include/interfaces_pkg/interfaces_pkg/msg/detail/pose2_d__traits.hpp
-- Up-to-date symlink: /home/sungbhin/hpc_v2/install/interfaces_pkg/include/interfaces_pkg/interfaces_pkg/msg/detail/pose2_d__type_support.hpp
-- Up-to-date symlink: /home/sungbhin/hpc_v2/install/interfaces_pkg/include/interfaces_pkg/interfaces_pkg/msg/detail/target_point__builder.hpp
-- Up-to-date symlink: /home/sungbhin/hpc_v2/install/interfaces_pkg/include/interfaces_pkg/interfaces_pkg/msg/detail/target_point__struct.hpp
-- Up-to-date symlink: /home/sungbhin/hpc_v2/install/interfaces_pkg/include/interfaces_pkg/interfaces_pkg/msg/detail/target_point__traits.hpp
-- Up-to-date symlink: /home/sungbhin/hpc_v2/install/interfaces_pkg/include/interfaces_pkg/interfaces_pkg/msg/detail/target_point__type_support.hpp
-- Up-to-date symlink: /home/sungbhin/hpc_v2/install/interfaces_pkg/include/interfaces_pkg/interfaces_pkg/msg/detail/vector2__builder.hpp
-- Up-to-date symlink: /home/sungbhin/hpc_v2/install/interfaces_pkg/include/interfaces_pkg/interfaces_pkg/msg/detail/vector2__struct.hpp
-- Up-to-date symlink: /home/sungbhin/hpc_v2/install/interfaces_pkg/include/interfaces_pkg/interfaces_pkg/msg/detail/vector2__traits.hpp
-- Up-to-date symlink: /home/sungbhin/hpc_v2/install/interfaces_pkg/include/interfaces_pkg/interfaces_pkg/msg/detail/vector2__type_support.hpp
-- Up-to-date symlink: /home/sungbhin/hpc_v2/install/interfaces_pkg/include/interfaces_pkg/interfaces_pkg/msg/detection.hpp
-- Up-to-date symlink: /home/sungbhin/hpc_v2/install/interfaces_pkg/include/interfaces_pkg/interfaces_pkg/msg/detection_array.hpp
-- Up-to-date symlink: /home/sungbhin/hpc_v2/install/interfaces_pkg/include/interfaces_pkg/interfaces_pkg/msg/key_point2_d.hpp
-- Up-to-date symlink: /home/sungbhin/hpc_v2/install/interfaces_pkg/include/interfaces_pkg/interfaces_pkg/msg/key_point2_d_array.hpp
-- Up-to-date symlink: /home/sungbhin/hpc_v2/install/interfaces_pkg/include/interfaces_pkg/interfaces_pkg/msg/key_point3_d.hpp
-- Up-to-date symlink: /home/sungbhin/hpc_v2/install/interfaces_pkg/include/interfaces_pkg/interfaces_pkg/msg/key_point3_d_array.hpp
-- Up-to-date symlink: /home/sungbhin/hpc_v2/install/interfaces_pkg/include/interfaces_pkg/interfaces_pkg/msg/lane_info.hpp
-- Up-to-date symlink: /home/sungbhin/hpc_v2/install/interfaces_pkg/include/interfaces_pkg/interfaces_pkg/msg/mask.hpp
-- Up-to-date symlink: /home/sungbhin/hpc_v2/install/interfaces_pkg/include/interfaces_pkg/interfaces_pkg/msg/motion_command.hpp
-- Up-to-date symlink: /home/sungbhin/hpc_v2/install/interfaces_pkg/include/interfaces_pkg/interfaces_pkg/msg/path_planning_result.hpp
-- Up-to-date symlink: /home/sungbhin/hpc_v2/install/interfaces_pkg/include/interfaces_pkg/interfaces_pkg/msg/point2_d.hpp
-- Up-to-date symlink: /home/sungbhin/hpc_v2/install/interfaces_pkg/include/interfaces_pkg/interfaces_pkg/msg/pose2_d.hpp
-- Up-to-date symlink: /home/sungbhin/hpc_v2/install/interfaces_pkg/include/interfaces_pkg/interfaces_pkg/msg/rosidl_generator_cpp__visibility_control.hpp
-- Up-to-date symlink: /home/sungbhin/hpc_v2/install/interfaces_pkg/include/interfaces_pkg/interfaces_pkg/msg/target_point.hpp
-- Up-to-date symlink: /home/sungbhin/hpc_v2/install/interfaces_pkg/include/interfaces_pkg/interfaces_pkg/msg/vector2.hpp
-- Up-to-date symlink: /home/sungbhin/hpc_v2/install/interfaces_pkg/include/interfaces_pkg/interfaces_pkg/msg/detail/bounding_box2_d__rosidl_typesupport_fastrtps_cpp.hpp
-- Up-to-date symlink: /home/sungbhin/hpc_v2/install/interfaces_pkg/include/interfaces_pkg/interfaces_pkg/msg/detail/bounding_box3_d__rosidl_typesupport_fastrtps_cpp.hpp
-- Up-to-date symlink: /home/sungbhin/hpc_v2/install/interfaces_pkg/include/interfaces_pkg/interfaces_pkg/msg/detail/detection__rosidl_typesupport_fastrtps_cpp.hpp
-- Up-to-date symlink: /home/sungbhin/hpc_v2/install/interfaces_pkg/include/interfaces_pkg/interfaces_pkg/msg/detail/detection_array__rosidl_typesupport_fastrtps_cpp.hpp
-- Up-to-date symlink: /home/sungbhin/hpc_v2/install/interfaces_pkg/include/interfaces_pkg/interfaces_pkg/msg/detail/key_point2_d__rosidl_typesupport_fastrtps_cpp.hpp
-- Up-to-date symlink: /home/sungbhin/hpc_v2/install/interfaces_pkg/include/interfaces_pkg/interfaces_pkg/msg/detail/key_point2_d_array__rosidl_typesupport_fastrtps_cpp.hpp
-- Up-to-date symlink: /home/sungbhin/hpc_v2/install/interfaces_pkg/include/interfaces_pkg/interfaces_pkg/msg/detail/key_point3_d__rosidl_typesupport_fastrtps_cpp.hpp
-- Up-to-date symlink: /home/sungbhin/hpc_v2/install/interfaces_pkg/include/interfaces_pkg/interfaces_pkg/msg/detail/key_point3_d_array__rosidl_typesupport_fastrtps_cpp.hpp
-- Up-to-date symlink: /home/sungbhin/hpc_v2/install/interfaces_pkg/include/interfaces_pkg/interfaces_pkg/msg/detail/lane_info__rosidl_typesupport_fastrtps_cpp.hpp
-- Up-to-date symlink: /home/sungbhin/hpc_v2/install/interfaces_pkg/include/interfaces_pkg/interfaces_pkg/msg/detail/mask__rosidl_typesupport_fastrtps_cpp.hpp
-- Up-to-date symlink: /home/sungbhin/hpc_v2/install/interfaces_pkg/include/interfaces_pkg/interfaces_pkg/msg/detail/motion_command__rosidl_typesupport_fastrtps_cpp.hpp
-- Up-to-date symlink: /home/sungbhin/hpc_v2/install/interfaces_pkg/include/interfaces_pkg/interfaces_pkg/msg/detail/path_planning_result__rosidl_typesupport_fastrtps_cpp.hpp
-- Up-to-date symlink: /home/sungbhin/hpc_v2/install/interfaces_pkg/include/interfaces_pkg/interfaces_pkg/msg/detail/point2_d__rosidl_typesupport_fastrtps_cpp.hpp
-- Up-to-date symlink: /home/sungbhin/hpc_v2/install/interfaces_pkg/include/interfaces_pkg/interfaces_pkg/msg/detail/pose2_d__rosidl_typesupport_fastrtps_cpp.hpp
-- Up-to-date symlink: /home/sungbhin/hpc_v2/install/interfaces_pkg/include/interfaces_pkg/interfaces_pkg/msg/detail/target_point__rosidl_typesupport_fastrtps_cpp.hpp
-- Up-to-date symlink: /home/sungbhin/hpc_v2/install/interfaces_pkg/include/interfaces_pkg/interfaces_pkg/msg/detail/vector2__rosidl_typesupport_fastrtps_cpp.hpp
-- Up-to-date symlink: /home/sungbhin/hpc_v2/install/interfaces_pkg/include/interfaces_pkg/interfaces_pkg/msg/rosidl_typesupport_fastrtps_cpp__visibility_control.h
-- Up-to-date symlink: /home/sungbhin/hpc_v2/install/interfaces_pkg/include/interfaces_pkg/interfaces_pkg/msg/detail/bounding_box2_d__rosidl_typesupport_introspection_cpp.hpp
-- Up-to-date symlink: /home/sungbhin/hpc_v2/install/interfaces_pkg/include/interfaces_pkg/interfaces_pkg/msg/detail/bounding_box3_d__rosidl_typesupport_introspection_cpp.hpp
-- Up-to-date symlink: /home/sungbhin/hpc_v2/install/interfaces_pkg/include/interfaces_pkg/interfaces_pkg/msg/detail/detection__rosidl_typesupport_introspection_cpp.hpp
-- Up-to-date symlink: /home/sungbhin/hpc_v2/install/interfaces_pkg/include/interfaces_pkg/interfaces_pkg/msg/detail/detection_array__rosidl_typesupport_introspection_cpp.hpp
-- Up-to-date symlink: /home/sungbhin/hpc_v2/install/interfaces_pkg/include/interfaces_pkg/interfaces_pkg/msg/detail/key_point2_d__rosidl_typesupport_introspection_cpp.hpp
-- Up-to-date symlink: /home/sungbhin/hpc_v2/install/interfaces_pkg/include/interfaces_pkg/interfaces_pkg/msg/detail/key_point2_d_array__rosidl_typesupport_introspection_cpp.hpp
-- Up-to-date symlink: /home/sungbhin/hpc_v2/install/interfaces_pkg/include/interfaces_pkg/interfaces_pkg/msg/detail/key_point3_d__rosidl_typesupport_introspection_cpp.hpp
-- Up-to-date symlink: /home/sungbhin/hpc_v2/install/interfaces_pkg/include/interfaces_pkg/interfaces_pkg/msg/detail/key_point3_d_array__rosidl_typesupport_introspection_cpp.hpp
-- Up-to-date symlink: /home/sungbhin/hpc_v2/install/interfaces_pkg/include/interfaces_pkg/interfaces_pkg/msg/detail/lane_info__rosidl_typesupport_introspection_cpp.hpp
-- Up-to-date symlink: /home/sungbhin/hpc_v2/install/interfaces_pkg/include/interfaces_pkg/interfaces_pkg/msg/detail/mask__rosidl_typesupport_introspection_cpp.hpp
-- Up-to-date symlink: /home/sungbhin/hpc_v2/install/interfaces_pkg/include/interfaces_pkg/interfaces_pkg/msg/detail/motion_command__rosidl_typesupport_introspection_cpp.hpp
-- Up-to-date symlink: /home/sungbhin/hpc_v2/install/interfaces_pkg/include/interfaces_pkg/interfaces_pkg/msg/detail/path_planning_result__rosidl_typesupport_introspection_cpp.hpp
-- Up-to-date symlink: /home/sungbhin/hpc_v2/install/interfaces_pkg/include/interfaces_pkg/interfaces_pkg/msg/detail/point2_d__rosidl_typesupport_introspection_cpp.hpp
-- Up-to-date symlink: /home/sungbhin/hpc_v2/install/interfaces_pkg/include/interfaces_pkg/interfaces_pkg/msg/detail/pose2_d__rosidl_typesupport_introspection_cpp.hpp
-- Up-to-date symlink: /home/sungbhin/hpc_v2/install/interfaces_pkg/include/interfaces_pkg/interfaces_pkg/msg/detail/target_point__rosidl_typesupport_introspection_cpp.hpp
-- Up-to-date symlink: /home/sungbhin/hpc_v2/install/interfaces_pkg/include/interfaces_pkg/interfaces_pkg/msg/detail/vector2__rosidl_typesupport_introspection_cpp.hpp
-- Up-to-date symlink: /home/sungbhin/hpc_v2/install/interfaces_pkg/share/interfaces_pkg/environment/pythonpath.sh
-- Up-to-date symlink: /home/sungbhin/hpc_v2/install/interfaces_pkg/share/interfaces_pkg/environment/pythonpath.dsv
-- Up-to-date symlink: /home/sungbhin/hpc_v2/install/interfaces_pkg/local/lib/python3.10/dist-packages/interfaces_pkg-0.0.0-py3.10.egg-info/PKG-INFO
-- Up-to-date symlink: /home/sungbhin/hpc_v2/install/interfaces_pkg/local/lib/python3.10/dist-packages/interfaces_pkg-0.0.0-py3.10.egg-info/SOURCES.txt
-- Up-to-date symlink: /home/sungbhin/hpc_v2/install/interfaces_pkg/local/lib/python3.10/dist-packages/interfaces_pkg-0.0.0-py3.10.egg-info/dependency_links.txt
-- Up-to-date symlink: /home/sungbhin/hpc_v2/install/interfaces_pkg/local/lib/python3.10/dist-packages/interfaces_pkg-0.0.0-py3.10.egg-info/top_level.txt
-- Up-to-date symlink: /home/sungbhin/hpc_v2/install/interfaces_pkg/local/lib/python3.10/dist-packages/interfaces_pkg/__init__.py
-- Up-to-date symlink: /home/sungbhin/hpc_v2/install/interfaces_pkg/local/lib/python3.10/dist-packages/interfaces_pkg/_interfaces_pkg_s.ep.rosidl_typesupport_c.c
-- Up-to-date symlink: /home/sungbhin/hpc_v2/install/interfaces_pkg/local/lib/python3.10/dist-packages/interfaces_pkg/_interfaces_pkg_s.ep.rosidl_typesupport_fastrtps_c.c
-- Up-to-date symlink: /home/sungbhin/hpc_v2/install/interfaces_pkg/local/lib/python3.10/dist-packages/interfaces_pkg/_interfaces_pkg_s.ep.rosidl_typesupport_introspection_c.c
-- Up-to-date symlink: /home/sungbhin/hpc_v2/install/interfaces_pkg/local/lib/python3.10/dist-packages/interfaces_pkg/interfaces_pkg_s__rosidl_typesupport_c.cpython-310-x86_64-linux-gnu.so
-- Up-to-date symlink: /home/sungbhin/hpc_v2/install/interfaces_pkg/local/lib/python3.10/dist-packages/interfaces_pkg/interfaces_pkg_s__rosidl_typesupport_fastrtps_c.cpython-310-x86_64-linux-gnu.so
-- Up-to-date symlink: /home/sungbhin/hpc_v2/install/interfaces_pkg/local/lib/python3.10/dist-packages/interfaces_pkg/interfaces_pkg_s__rosidl_typesupport_introspection_c.cpython-310-x86_64-linux-gnu.so
-- Up-to-date symlink: /home/sungbhin/hpc_v2/install/interfaces_pkg/local/lib/python3.10/dist-packages/interfaces_pkg/libinterfaces_pkg__rosidl_generator_py.so
-- Up-to-date symlink: /home/sungbhin/hpc_v2/install/interfaces_pkg/local/lib/python3.10/dist-packages/interfaces_pkg/msg/__init__.py
-- Up-to-date symlink: /home/sungbhin/hpc_v2/install/interfaces_pkg/local/lib/python3.10/dist-packages/interfaces_pkg/msg/_bounding_box2_d.py
-- Up-to-date symlink: /home/sungbhin/hpc_v2/install/interfaces_pkg/local/lib/python3.10/dist-packages/interfaces_pkg/msg/_bounding_box2_d_s.c
-- Up-to-date symlink: /home/sungbhin/hpc_v2/install/interfaces_pkg/local/lib/python3.10/dist-packages/interfaces_pkg/msg/_bounding_box3_d.py
-- Up-to-date symlink: /home/sungbhin/hpc_v2/install/interfaces_pkg/local/lib/python3.10/dist-packages/interfaces_pkg/msg/_bounding_box3_d_s.c
-- Up-to-date symlink: /home/sungbhin/hpc_v2/install/interfaces_pkg/local/lib/python3.10/dist-packages/interfaces_pkg/msg/_detection.py
-- Up-to-date symlink: /home/sungbhin/hpc_v2/install/interfaces_pkg/local/lib/python3.10/dist-packages/interfaces_pkg/msg/_detection_array.py
-- Up-to-date symlink: /home/sungbhin/hpc_v2/install/interfaces_pkg/local/lib/python3.10/dist-packages/interfaces_pkg/msg/_detection_array_s.c
-- Up-to-date symlink: /home/sungbhin/hpc_v2/install/interfaces_pkg/local/lib/python3.10/dist-packages/interfaces_pkg/msg/_detection_s.c
-- Up-to-date symlink: /home/sungbhin/hpc_v2/install/interfaces_pkg/local/lib/python3.10/dist-packages/interfaces_pkg/msg/_key_point2_d.py
-- Up-to-date symlink: /home/sungbhin/hpc_v2/install/interfaces_pkg/local/lib/python3.10/dist-packages/interfaces_pkg/msg/_key_point2_d_array.py
-- Up-to-date symlink: /home/sungbhin/hpc_v2/install/interfaces_pkg/local/lib/python3.10/dist-packages/interfaces_pkg/msg/_key_point2_d_array_s.c
-- Up-to-date symlink: /home/sungbhin/hpc_v2/install/interfaces_pkg/local/lib/python3.10/dist-packages/interfaces_pkg/msg/_key_point2_d_s.c
-- Up-to-date symlink: /home/sungbhin/hpc_v2/install/interfaces_pkg/local/lib/python3.10/dist-packages/interfaces_pkg/msg/_key_point3_d.py
-- Up-to-date symlink: /home/sungbhin/hpc_v2/install/interfaces_pkg/local/lib/python3.10/dist-packages/interfaces_pkg/msg/_key_point3_d_array.py
-- Up-to-date symlink: /home/sungbhin/hpc_v2/install/interfaces_pkg/local/lib/python3.10/dist-packages/interfaces_pkg/msg/_key_point3_d_array_s.c
-- Up-to-date symlink: /home/sungbhin/hpc_v2/install/interfaces_pkg/local/lib/python3.10/dist-packages/interfaces_pkg/msg/_key_point3_d_s.c
-- Up-to-date symlink: /home/sungbhin/hpc_v2/install/interfaces_pkg/local/lib/python3.10/dist-packages/interfaces_pkg/msg/_lane_info.py
-- Up-to-date symlink: /home/sungbhin/hpc_v2/install/interfaces_pkg/local/lib/python3.10/dist-packages/interfaces_pkg/msg/_lane_info_s.c
-- Up-to-date symlink: /home/sungbhin/hpc_v2/install/interfaces_pkg/local/lib/python3.10/dist-packages/interfaces_pkg/msg/_mask.py
-- Up-to-date symlink: /home/sungbhin/hpc_v2/install/interfaces_pkg/local/lib/python3.10/dist-packages/interfaces_pkg/msg/_mask_s.c
-- Up-to-date symlink: /home/sungbhin/hpc_v2/install/interfaces_pkg/local/lib/python3.10/dist-packages/interfaces_pkg/msg/_motion_command.py
-- Up-to-date symlink: /home/sungbhin/hpc_v2/install/interfaces_pkg/local/lib/python3.10/dist-packages/interfaces_pkg/msg/_motion_command_s.c
-- Up-to-date symlink: /home/sungbhin/hpc_v2/install/interfaces_pkg/local/lib/python3.10/dist-packages/interfaces_pkg/msg/_path_planning_result.py
-- Up-to-date symlink: /home/sungbhin/hpc_v2/install/interfaces_pkg/local/lib/python3.10/dist-packages/interfaces_pkg/msg/_path_planning_result_s.c
-- Up-to-date symlink: /home/sungbhin/hpc_v2/install/interfaces_pkg/local/lib/python3.10/dist-packages/interfaces_pkg/msg/_point2_d.py
-- Up-to-date symlink: /home/sungbhin/hpc_v2/install/interfaces_pkg/local/lib/python3.10/dist-packages/interfaces_pkg/msg/_point2_d_s.c
-- Up-to-date symlink: /home/sungbhin/hpc_v2/install/interfaces_pkg/local/lib/python3.10/dist-packages/interfaces_pkg/msg/_pose2_d.py
-- Up-to-date symlink: /home/sungbhin/hpc_v2/install/interfaces_pkg/local/lib/python3.10/dist-packages/interfaces_pkg/msg/_pose2_d_s.c
-- Up-to-date symlink: /home/sungbhin/hpc_v2/install/interfaces_pkg/local/lib/python3.10/dist-packages/interfaces_pkg/msg/_target_point.py
-- Up-to-date symlink: /home/sungbhin/hpc_v2/install/interfaces_pkg/local/lib/python3.10/dist-packages/interfaces_pkg/msg/_target_point_s.c
-- Up-to-date symlink: /home/sungbhin/hpc_v2/install/interfaces_pkg/local/lib/python3.10/dist-packages/interfaces_pkg/msg/_vector2.py
-- Up-to-date symlink: /home/sungbhin/hpc_v2/install/interfaces_pkg/local/lib/python3.10/dist-packages/interfaces_pkg/msg/_vector2_s.c
-- Up-to-date symlink: /home/sungbhin/hpc_v2/install/interfaces_pkg/local/lib/python3.10/dist-packages/interfaces_pkg/interfaces_pkg_s__rosidl_typesupport_fastrtps_c.cpython-310-x86_64-linux-gnu.so
-- Up-to-date symlink: /home/sungbhin/hpc_v2/install/interfaces_pkg/local/lib/python3.10/dist-packages/interfaces_pkg/interfaces_pkg_s__rosidl_typesupport_introspection_c.cpython-310-x86_64-linux-gnu.so
-- Up-to-date symlink: /home/sungbhin/hpc_v2/install/interfaces_pkg/local/lib/python3.10/dist-packages/interfaces_pkg/interfaces_pkg_s__rosidl_typesupport_c.cpython-310-x86_64-linux-gnu.so
-- Up-to-date symlink: /home/sungbhin/hpc_v2/install/interfaces_pkg/share/interfaces_pkg/msg/Point2D.idl
-- Up-to-date symlink: /home/sungbhin/hpc_v2/install/interfaces_pkg/share/interfaces_pkg/msg/Vector2.idl
-- Up-to-date symlink: /home/sungbhin/hpc_v2/install/interfaces_pkg/share/interfaces_pkg/msg/Pose2D.idl
-- Up-to-date symlink: /home/sungbhin/hpc_v2/install/interfaces_pkg/share/interfaces_pkg/msg/BoundingBox2D.idl
-- Up-to-date symlink: /home/sungbhin/hpc_v2/install/interfaces_pkg/share/interfaces_pkg/msg/BoundingBox3D.idl
-- Up-to-date symlink: /home/sungbhin/hpc_v2/install/interfaces_pkg/share/interfaces_pkg/msg/Mask.idl
-- Up-to-date symlink: /home/sungbhin/hpc_v2/install/interfaces_pkg/share/interfaces_pkg/msg/KeyPoint2D.idl
-- Up-to-date symlink: /home/sungbhin/hpc_v2/install/interfaces_pkg/share/interfaces_pkg/msg/KeyPoint2DArray.idl
-- Up-to-date symlink: /home/sungbhin/hpc_v2/install/interfaces_pkg/share/interfaces_pkg/msg/KeyPoint3D.idl
-- Up-to-date symlink: /home/sungbhin/hpc_v2/install/interfaces_pkg/share/interfaces_pkg/msg/KeyPoint3DArray.idl
-- Up-to-date symlink: /home/sungbhin/hpc_v2/install/interfaces_pkg/share/interfaces_pkg/msg/Detection.idl
-- Up-to-date symlink: /home/sungbhin/hpc_v2/install/interfaces_pkg/share/interfaces_pkg/msg/DetectionArray.idl
-- Up-to-date symlink: /home/sungbhin/hpc_v2/install/interfaces_pkg/share/interfaces_pkg/msg/LaneInfo.idl
-- Up-to-date symlink: /home/sungbhin/hpc_v2/install/interfaces_pkg/share/interfaces_pkg/msg/MotionCommand.idl
-- Up-to-date symlink: /home/sungbhin/hpc_v2/install/interfaces_pkg/share/interfaces_pkg/msg/TargetPoint.idl
-- Up-to-date symlink: /home/sungbhin/hpc_v2/install/interfaces_pkg/share/interfaces_pkg/msg/PathPlanningResult.idl
-- Up-to-date symlink: /home/sungbhin/hpc_v2/install/interfaces_pkg/share/interfaces_pkg/msg/Point2D.msg
-- Up-to-date symlink: /home/sungbhin/hpc_v2/install/interfaces_pkg/share/interfaces_pkg/msg/Vector2.msg
-- Up-to-date symlink: /home/sungbhin/hpc_v2/install/interfaces_pkg/share/interfaces_pkg/msg/Pose2D.msg
-- Up-to-date symlink: /home/sungbhin/hpc_v2/install/interfaces_pkg/share/interfaces_pkg/msg/BoundingBox2D.msg
-- Up-to-date symlink: /home/sungbhin/hpc_v2/install/interfaces_pkg/share/interfaces_pkg/msg/BoundingBox3D.msg
-- Up-to-date symlink: /home/sungbhin/hpc_v2/install/interfaces_pkg/share/interfaces_pkg/msg/Mask.msg
-- Up-to-date symlink: /home/sungbhin/hpc_v2/install/interfaces_pkg/share/interfaces_pkg/msg/KeyPoint2D.msg
-- Up-to-date symlink: /home/sungbhin/hpc_v2/install/interfaces_pkg/share/interfaces_pkg/msg/KeyPoint2DArray.msg
-- Up-to-date symlink: /home/sungbhin/hpc_v2/install/interfaces_pkg/share/interfaces_pkg/msg/KeyPoint3D.msg
-- Up-to-date symlink: /home/sungbhin/hpc_v2/install/interfaces_pkg/share/interfaces_pkg/msg/KeyPoint3DArray.msg
-- Up-to-date symlink: /home/sungbhin/hpc_v2/install/interfaces_pkg/share/interfaces_pkg/msg/Detection.msg
-- Up-to-date symlink: /home/sungbhin/hpc_v2/install/interfaces_pkg/share/interfaces_pkg/msg/DetectionArray.msg
-- Up-to-date symlink: /home/sungbhin/hpc_v2/install/interfaces_pkg/share/interfaces_pkg/msg/LaneInfo.msg
-- Up-to-date symlink: /home/sungbhin/hpc_v2/install/interfaces_pkg/share/interfaces_pkg/msg/MotionCommand.msg
-- Up-to-date symlink: /home/sungbhin/hpc_v2/install/interfaces_pkg/share/interfaces_pkg/msg/TargetPoint.msg
-- Up-to-date symlink: /home/sungbhin/hpc_v2/install/interfaces_pkg/share/interfaces_pkg/msg/PathPlanningResult.msg
-- Up-to-date symlink: /home/sungbhin/hpc_v2/install/interfaces_pkg/share/ament_index/resource_index/package_run_dependencies/interfaces_pkg
-- Up-to-date symlink: /home/sungbhin/hpc_v2/install/interfaces_pkg/share/ament_index/resource_index/parent_prefix_path/interfaces_pkg
-- Up-to-date symlink: /home/sungbhin/hpc_v2/install/interfaces_pkg/share/interfaces_pkg/environment/ament_prefix_path.sh
-- Up-to-date symlink: /home/sungbhin/hpc_v2/install/interfaces_pkg/share/interfaces_pkg/environment/ament_prefix_path.dsv
-- Up-to-date symlink: /home/sungbhin/hpc_v2/install/interfaces_pkg/share/interfaces_pkg/environment/path.sh
-- Up-to-date symlink: /home/sungbhin/hpc_v2/install/interfaces_pkg/share/interfaces_pkg/environment/path.dsv
-- Up-to-date symlink: /home/sungbhin/hpc_v2/install/interfaces_pkg/share/interfaces_pkg/local_setup.bash
-- Up-to-date symlink: /home/sungbhin/hpc_v2/install/interfaces_pkg/share/interfaces_pkg/local_setup.sh
-- Up-to-date symlink: /home/sungbhin/hpc_v2/install/interfaces_pkg/share/interfaces_pkg/local_setup.zsh
-- Up-to-date symlink: /home/sungbhin/hpc_v2/install/interfaces_pkg/share/interfaces_pkg/local_setup.dsv
-- Symlinking: /home/sungbhin/hpc_v2/install/interfaces_pkg/share/interfaces_pkg/package.dsv
-- Up-to-date symlink: /home/sungbhin/hpc_v2/install/interfaces_pkg/share/ament_index/resource_index/packages/interfaces_pkg
-- Up-to-date symlink: /home/sungbhin/hpc_v2/install/interfaces_pkg/share/interfaces_pkg/cmake/rosidl_cmake-extras.cmake
-- Up-to-date symlink: /home/sungbhin/hpc_v2/install/interfaces_pkg/share/interfaces_pkg/cmake/ament_cmake_export_dependencies-extras.cmake
-- Up-to-date symlink: /home/sungbhin/hpc_v2/install/interfaces_pkg/share/interfaces_pkg/cmake/ament_cmake_export_include_directories-extras.cmake
-- Up-to-date symlink: /home/sungbhin/hpc_v2/install/interfaces_pkg/share/interfaces_pkg/cmake/ament_cmake_export_libraries-extras.cmake
-- Up-to-date symlink: /home/sungbhin/hpc_v2/install/interfaces_pkg/share/interfaces_pkg/cmake/ament_cmake_export_targets-extras.cmake
-- Up-to-date symlink: /home/sungbhin/hpc_v2/install/interfaces_pkg/share/interfaces_pkg/cmake/rosidl_cmake_export_typesupport_targets-extras.cmake
-- Up-to-date symlink: /home/sungbhin/hpc_v2/install/interfaces_pkg/share/interfaces_pkg/cmake/rosidl_cmake_export_typesupport_libraries-extras.cmake
-- Up-to-date symlink: /home/sungbhin/hpc_v2/install/interfaces_pkg/share/interfaces_pkg/cmake/interfaces_pkgConfig.cmake
-- Up-to-date symlink: /home/sungbhin/hpc_v2/install/interfaces_pkg/share/interfaces_pkg/cmake/interfaces_pkgConfig-version.cmake
-- Up-to-date symlink: /home/sungbhin/hpc_v2/install/interfaces_pkg/share/interfaces_pkg/package.xml
-- Up-to-date: /home/sungbhin/hpc_v2/install/interfaces_pkg/lib/libinterfaces_pkg__rosidl_generator_c.so
-- Up-to-date: /home/sungbhin/hpc_v2/install/interfaces_pkg/lib/libinterfaces_pkg__rosidl_typesupport_fastrtps_c.so
-- Up-to-date: /home/sungbhin/hpc_v2/install/interfaces_pkg/lib/libinterfaces_pkg__rosidl_typesupport_introspection_c.so
-- Up-to-date: /home/sungbhin/hpc_v2/install/interfaces_pkg/lib/libinterfaces_pkg__rosidl_typesupport_c.so
-- Up-to-date: /home/sungbhin/hpc_v2/install/interfaces_pkg/lib/libinterfaces_pkg__rosidl_typesupport_fastrtps_cpp.so
-- Up-to-date: /home/sungbhin/hpc_v2/install/interfaces_pkg/lib/libinterfaces_pkg__rosidl_typesupport_introspection_cpp.so
-- Up-to-date: /home/sungbhin/hpc_v2/install/interfaces_pkg/lib/libinterfaces_pkg__rosidl_typesupport_cpp.so
Listing '/home/sungbhin/hpc_v2/install/interfaces_pkg/local/lib/python3.10/dist-packages/interfaces_pkg'...
Compiling '/home/sungbhin/hpc_v2/install/interfaces_pkg/local/lib/python3.10/dist-packages/interfaces_pkg/__init__.py'...
Listing '/home/sungbhin/hpc_v2/install/interfaces_pkg/local/lib/python3.10/dist-packages/interfaces_pkg/msg'...
-- Installing: /home/sungbhin/hpc_v2/install/interfaces_pkg/lib/libinterfaces_pkg__rosidl_generator_py.so
-- Set non-toolchain portion of runtime path of "/home/sungbhin/hpc_v2/install/interfaces_pkg/lib/libinterfaces_pkg__rosidl_generator_py.so" to ""
-- Up-to-date: /home/sungbhin/hpc_v2/install/interfaces_pkg/share/interfaces_pkg/cmake/export_interfaces_pkg__rosidl_generator_cExport.cmake
-- Up-to-date: /home/sungbhin/hpc_v2/install/interfaces_pkg/share/interfaces_pkg/cmake/export_interfaces_pkg__rosidl_generator_cExport-noconfig.cmake
-- Up-to-date: /home/sungbhin/hpc_v2/install/interfaces_pkg/share/interfaces_pkg/cmake/export_interfaces_pkg__rosidl_typesupport_fastrtps_cExport.cmake
-- Up-to-date: /home/sungbhin/hpc_v2/install/interfaces_pkg/share/interfaces_pkg/cmake/export_interfaces_pkg__rosidl_typesupport_fastrtps_cExport-noconfig.cmake
-- Up-to-date: /home/sungbhin/hpc_v2/install/interfaces_pkg/share/interfaces_pkg/cmake/interfaces_pkg__rosidl_typesupport_introspection_cExport.cmake
-- Up-to-date: /home/sungbhin/hpc_v2/install/interfaces_pkg/share/interfaces_pkg/cmake/interfaces_pkg__rosidl_typesupport_introspection_cExport-noconfig.cmake
-- Up-to-date: /home/sungbhin/hpc_v2/install/interfaces_pkg/share/interfaces_pkg/cmake/interfaces_pkg__rosidl_typesupport_cExport.cmake
-- Up-to-date: /home/sungbhin/hpc_v2/install/interfaces_pkg/share/interfaces_pkg/cmake/interfaces_pkg__rosidl_typesupport_cExport-noconfig.cmake
-- Up-to-date: /home/sungbhin/hpc_v2/install/interfaces_pkg/share/interfaces_pkg/cmake/export_interfaces_pkg__rosidl_generator_cppExport.cmake
-- Up-to-date: /home/sungbhin/hpc_v2/install/interfaces_pkg/share/interfaces_pkg/cmake/export_interfaces_pkg__rosidl_typesupport_fastrtps_cppExport.cmake
-- Up-to-date: /home/sungbhin/hpc_v2/install/interfaces_pkg/share/interfaces_pkg/cmake/export_interfaces_pkg__rosidl_typesupport_fastrtps_cppExport-noconfig.cmake
-- Up-to-date: /home/sungbhin/hpc_v2/install/interfaces_pkg/share/interfaces_pkg/cmake/interfaces_pkg__rosidl_typesupport_introspection_cppExport.cmake
-- Up-to-date: /home/sungbhin/hpc_v2/install/interfaces_pkg/share/interfaces_pkg/cmake/interfaces_pkg__rosidl_typesupport_introspection_cppExport-noconfig.cmake
-- Up-to-date: /home/sungbhin/hpc_v2/install/interfaces_pkg/share/interfaces_pkg/cmake/interfaces_pkg__rosidl_typesupport_cppExport.cmake
-- Up-to-date: /home/sungbhin/hpc_v2/install/interfaces_pkg/share/interfaces_pkg/cmake/interfaces_pkg__rosidl_typesupport_cppExport-noconfig.cmake
-- Up-to-date: /home/sungbhin/hpc_v2/install/interfaces_pkg/share/interfaces_pkg/cmake/export_interfaces_pkg__rosidl_generator_pyExport.cmake
-- Up-to-date: /home/sungbhin/hpc_v2/install/interfaces_pkg/share/interfaces_pkg/cmake/export_interfaces_pkg__rosidl_generator_pyExport-noconfig.cmake
