[0.032s] Invoking command in '/home/sungbhin/AutoSDV_HPC/build/interfaces_pkg': CMAKE_PREFIX_PATH=/opt/ros/humble /usr/local/bin/cmake --build /home/sungbhin/AutoSDV_HPC/build/interfaces_pkg -- -j16 -l16
[1.019s] -- Found ament_cmake: 1.3.11 (/opt/ros/humble/share/ament_cmake/cmake)
[1.020s] -- Override CMake install command with custom implementation using symlinks instead of copying resources
[1.020s] -- Found rosidl_default_generators: 1.2.0 (/opt/ros/humble/share/rosidl_default_generators/cmake)
[1.020s] -- Using all available rosidl_typesupport_c: rosidl_typesupport_fastrtps_c;rosidl_typesupport_introspection_c
[1.020s] -- Found rosidl_adapter: 3.1.6 (/opt/ros/humble/share/rosidl_adapter/cmake)
[1.020s] -- Using all available rosidl_typesupport_cpp: rosidl_typesupport_fastrtps_cpp;rosidl_typesupport_introspection_cpp
[1.020s] -- Found std_msgs: 4.8.0 (/opt/ros/humble/share/std_msgs/cmake)
[1.020s] -- Found geometry_msgs: 4.8.0 (/opt/ros/humble/share/geometry_msgs/cmake)
[1.020s] -- Found ament_cmake_ros: 0.10.0 (/opt/ros/humble/share/ament_cmake_ros/cmake)
[1.021s] [0mCMake Error: The current CMakeCache.txt directory /home/sungbhin/AutoSDV_HPC/build/interfaces_pkg/CMakeCache.txt is different than the directory /home/sungbhin/hpc_v2/build/interfaces_pkg where CMakeCache.txt was created. This may result in binaries being created in the wrong place. If you are not sure, reedit the CMakeCache.txt[0m
[1.021s] [0mCMake Deprecation Warning at CMakeLists.txt:1 (cmake_minimum_required):
[1.021s]   Compatibility with CMake < 3.10 will be removed from a future version of
[1.021s]   CMake.
[1.021s] 
[1.021s]   Update the VERSION argument <min> value or use a ...<max> suffix to tell
[1.021s]   CMake that the project does not need compatibility with older versions.
[1.021s] 
[1.021s] [0m
[1.382s] -- Using all available rosidl_typesupport_c: rosidl_typesupport_fastrtps_c;rosidl_typesupport_introspection_c
[2.153s] -- Using all available rosidl_typesupport_cpp: rosidl_typesupport_fastrtps_cpp;rosidl_typesupport_introspection_cpp
[2.157s] [33mCMake Warning (dev) at /opt/ros/humble/share/rosidl_generator_py/cmake/rosidl_generator_py_generate_interfaces.cmake:20 (find_package):
[2.157s]   Policy CMP0148 is not set: The FindPythonInterp and FindPythonLibs modules
[2.157s]   are removed.  Run "cmake --help-policy CMP0148" for policy details.  Use
[2.157s]   the cmake_policy command to set the policy and suppress this warning.
[2.157s] 
[2.157s] Call Stack (most recent call first):
[2.157s]   /opt/ros/humble/share/ament_cmake_core/cmake/core/ament_execute_extensions.cmake:48 (include)
[2.157s]   /opt/ros/humble/share/rosidl_cmake/cmake/rosidl_generate_interfaces.cmake:286 (ament_execute_extensions)
[2.157s]   CMakeLists.txt:10 (rosidl_generate_interfaces)
[2.157s] This warning is for project developers.  Use -Wno-dev to suppress it.
[2.157s] [0m
[2.182s] -- Found python_cmake_module: 0.10.0 (/opt/ros/humble/share/python_cmake_module/cmake)
[2.183s] [33mCMake Warning (dev) at /opt/ros/humble/share/python_cmake_module/cmake/Modules/FindPythonExtra.cmake:52 (find_package):
[2.183s]   Policy CMP0148 is not set: The FindPythonInterp and FindPythonLibs modules
[2.183s]   are removed.  Run "cmake --help-policy CMP0148" for policy details.  Use
[2.183s]   the cmake_policy command to set the policy and suppress this warning.
[2.183s] 
[2.183s] Call Stack (most recent call first):
[2.183s]   /opt/ros/humble/share/rosidl_generator_py/cmake/rosidl_generator_py_generate_interfaces.cmake:23 (find_package)
[2.183s]   /opt/ros/humble/share/ament_cmake_core/cmake/core/ament_execute_extensions.cmake:48 (include)
[2.183s]   /opt/ros/humble/share/rosidl_cmake/cmake/rosidl_generate_interfaces.cmake:286 (ament_execute_extensions)
[2.183s]   CMakeLists.txt:10 (rosidl_generate_interfaces)
[2.183s] This warning is for project developers.  Use -Wno-dev to suppress it.
[2.183s] [0m
[2.207s] [33mCMake Warning (dev) at /opt/ros/humble/share/python_cmake_module/cmake/Modules/FindPythonExtra.cmake:140 (find_package):
[2.207s]   Policy CMP0148 is not set: The FindPythonInterp and FindPythonLibs modules
[2.207s]   are removed.  Run "cmake --help-policy CMP0148" for policy details.  Use
[2.207s]   the cmake_policy command to set the policy and suppress this warning.
[2.208s] 
[2.208s] Call Stack (most recent call first):
[2.208s]   /opt/ros/humble/share/rosidl_generator_py/cmake/rosidl_generator_py_generate_interfaces.cmake:23 (find_package)
[2.208s]   /opt/ros/humble/share/ament_cmake_core/cmake/core/ament_execute_extensions.cmake:48 (include)
[2.208s]   /opt/ros/humble/share/rosidl_cmake/cmake/rosidl_generate_interfaces.cmake:286 (ament_execute_extensions)
[2.208s]   CMakeLists.txt:10 (rosidl_generate_interfaces)
[2.208s] This warning is for project developers.  Use -Wno-dev to suppress it.
[2.208s] [0m
[2.211s] -- Using PYTHON_EXECUTABLE: /usr/bin/python3
[2.211s] -- Using PYTHON_INCLUDE_DIRS: /usr/include/python3.10
[2.211s] -- Using PYTHON_LIBRARIES: /usr/lib/x86_64-linux-gnu/libpython3.10.so
[2.281s] -- Configuring done (2.2s)
[2.380s] -- Generating done (0.1s)
[2.391s] -- Build files have been written to: /home/sungbhin/hpc_v2/build/interfaces_pkg
[2.437s] [  0%] Built target interfaces_pkg__cpp
[2.438s] [  0%] Built target ament_cmake_python_symlink_interfaces_pkg
[2.447s] [ 12%] Built target interfaces_pkg__rosidl_generator_c
[2.484s] [ 56%] Built target interfaces_pkg__rosidl_typesupport_introspection_c
[2.485s] [ 56%] Built target interfaces_pkg__rosidl_typesupport_c
[2.485s] [ 57%] Built target interfaces_pkg__rosidl_typesupport_cpp
[2.485s] [ 60%] Built target interfaces_pkg__rosidl_typesupport_introspection_cpp
[2.491s] [ 72%] Built target interfaces_pkg__rosidl_typesupport_fastrtps_cpp
[2.496s] [ 84%] Built target interfaces_pkg__rosidl_typesupport_fastrtps_c
[2.517s] [ 84%] Built target interfaces_pkg
[2.536s] [ 85%] Built target interfaces_pkg__py
[2.567s] [ 96%] Built target interfaces_pkg__rosidl_generator_py
[2.584s] [ 98%] Built target interfaces_pkg__rosidl_typesupport_c__pyext
[2.584s] [ 99%] Built target interfaces_pkg__rosidl_typesupport_introspection_c__pyext
[2.584s] [100%] Built target interfaces_pkg__rosidl_typesupport_fastrtps_c__pyext
[2.688s] running egg_info
[2.688s] writing interfaces_pkg.egg-info/PKG-INFO
[2.689s] writing dependency_links to interfaces_pkg.egg-info/dependency_links.txt
[2.689s] writing top-level names to interfaces_pkg.egg-info/top_level.txt
[2.690s] reading manifest file 'interfaces_pkg.egg-info/SOURCES.txt'
[2.691s] writing manifest file 'interfaces_pkg.egg-info/SOURCES.txt'
[2.714s] [100%] Built target ament_cmake_python_build_interfaces_pkg_egg
[2.723s] Invoked command in '/home/sungbhin/AutoSDV_HPC/build/interfaces_pkg' returned '0': CMAKE_PREFIX_PATH=/opt/ros/humble /usr/local/bin/cmake --build /home/sungbhin/AutoSDV_HPC/build/interfaces_pkg -- -j16 -l16
[2.725s] Invoking command in '/home/sungbhin/AutoSDV_HPC/build/interfaces_pkg': CMAKE_PREFIX_PATH=/opt/ros/humble /usr/local/bin/cmake --install /home/sungbhin/AutoSDV_HPC/build/interfaces_pkg
[2.728s] -- Install configuration: ""
[2.729s] -- Execute custom install script
[2.729s] -- Up-to-date symlink: /home/sungbhin/hpc_v2/install/interfaces_pkg/share/ament_index/resource_index/rosidl_interfaces/interfaces_pkg
[2.730s] -- Up-to-date symlink: /home/sungbhin/hpc_v2/install/interfaces_pkg/include/interfaces_pkg/interfaces_pkg/msg/bounding_box2_d.h
[2.730s] -- Up-to-date symlink: /home/sungbhin/hpc_v2/install/interfaces_pkg/include/interfaces_pkg/interfaces_pkg/msg/bounding_box3_d.h
[2.730s] -- Up-to-date symlink: /home/sungbhin/hpc_v2/install/interfaces_pkg/include/interfaces_pkg/interfaces_pkg/msg/detail/bounding_box2_d__functions.h
[2.730s] -- Up-to-date symlink: /home/sungbhin/hpc_v2/install/interfaces_pkg/include/interfaces_pkg/interfaces_pkg/msg/detail/bounding_box2_d__struct.h
[2.730s] -- Up-to-date symlink: /home/sungbhin/hpc_v2/install/interfaces_pkg/include/interfaces_pkg/interfaces_pkg/msg/detail/bounding_box2_d__type_support.h
[2.731s] -- Up-to-date symlink: /home/sungbhin/hpc_v2/install/interfaces_pkg/include/interfaces_pkg/interfaces_pkg/msg/detail/bounding_box3_d__functions.h
[2.731s] -- Up-to-date symlink: /home/sungbhin/hpc_v2/install/interfaces_pkg/include/interfaces_pkg/interfaces_pkg/msg/detail/bounding_box3_d__struct.h
[2.731s] -- Up-to-date symlink: /home/sungbhin/hpc_v2/install/interfaces_pkg/include/interfaces_pkg/interfaces_pkg/msg/detail/bounding_box3_d__type_support.h
[2.731s] -- Up-to-date symlink: /home/sungbhin/hpc_v2/install/interfaces_pkg/include/interfaces_pkg/interfaces_pkg/msg/detail/detection__functions.h
[2.731s] -- Up-to-date symlink: /home/sungbhin/hpc_v2/install/interfaces_pkg/include/interfaces_pkg/interfaces_pkg/msg/detail/detection__struct.h
[2.731s] -- Up-to-date symlink: /home/sungbhin/hpc_v2/install/interfaces_pkg/include/interfaces_pkg/interfaces_pkg/msg/detail/detection__type_support.h
[2.732s] -- Up-to-date symlink: /home/sungbhin/hpc_v2/install/interfaces_pkg/include/interfaces_pkg/interfaces_pkg/msg/detail/detection_array__functions.h
[2.732s] -- Up-to-date symlink: /home/sungbhin/hpc_v2/install/interfaces_pkg/include/interfaces_pkg/interfaces_pkg/msg/detail/detection_array__struct.h
[2.732s] -- Up-to-date symlink: /home/sungbhin/hpc_v2/install/interfaces_pkg/include/interfaces_pkg/interfaces_pkg/msg/detail/detection_array__type_support.h
[2.732s] -- Up-to-date symlink: /home/sungbhin/hpc_v2/install/interfaces_pkg/include/interfaces_pkg/interfaces_pkg/msg/detail/key_point2_d__functions.h
[2.732s] -- Up-to-date symlink: /home/sungbhin/hpc_v2/install/interfaces_pkg/include/interfaces_pkg/interfaces_pkg/msg/detail/key_point2_d__struct.h
[2.732s] -- Up-to-date symlink: /home/sungbhin/hpc_v2/install/interfaces_pkg/include/interfaces_pkg/interfaces_pkg/msg/detail/key_point2_d__type_support.h
[2.732s] -- Up-to-date symlink: /home/sungbhin/hpc_v2/install/interfaces_pkg/include/interfaces_pkg/interfaces_pkg/msg/detail/key_point2_d_array__functions.h
[2.733s] -- Up-to-date symlink: /home/sungbhin/hpc_v2/install/interfaces_pkg/include/interfaces_pkg/interfaces_pkg/msg/detail/key_point2_d_array__struct.h
[2.733s] -- Up-to-date symlink: /home/sungbhin/hpc_v2/install/interfaces_pkg/include/interfaces_pkg/interfaces_pkg/msg/detail/key_point2_d_array__type_support.h
[2.733s] -- Up-to-date symlink: /home/sungbhin/hpc_v2/install/interfaces_pkg/include/interfaces_pkg/interfaces_pkg/msg/detail/key_point3_d__functions.h
[2.733s] -- Up-to-date symlink: /home/sungbhin/hpc_v2/install/interfaces_pkg/include/interfaces_pkg/interfaces_pkg/msg/detail/key_point3_d__struct.h
[2.733s] -- Up-to-date symlink: /home/sungbhin/hpc_v2/install/interfaces_pkg/include/interfaces_pkg/interfaces_pkg/msg/detail/key_point3_d__type_support.h
[2.733s] -- Up-to-date symlink: /home/sungbhin/hpc_v2/install/interfaces_pkg/include/interfaces_pkg/interfaces_pkg/msg/detail/key_point3_d_array__functions.h
[2.733s] -- Up-to-date symlink: /home/sungbhin/hpc_v2/install/interfaces_pkg/include/interfaces_pkg/interfaces_pkg/msg/detail/key_point3_d_array__struct.h
[2.733s] -- Up-to-date symlink: /home/sungbhin/hpc_v2/install/interfaces_pkg/include/interfaces_pkg/interfaces_pkg/msg/detail/key_point3_d_array__type_support.h
[2.734s] -- Up-to-date symlink: /home/sungbhin/hpc_v2/install/interfaces_pkg/include/interfaces_pkg/interfaces_pkg/msg/detail/lane_info__functions.h
[2.734s] -- Up-to-date symlink: /home/sungbhin/hpc_v2/install/interfaces_pkg/include/interfaces_pkg/interfaces_pkg/msg/detail/lane_info__struct.h
[2.734s] -- Up-to-date symlink: /home/sungbhin/hpc_v2/install/interfaces_pkg/include/interfaces_pkg/interfaces_pkg/msg/detail/lane_info__type_support.h
[2.734s] -- Up-to-date symlink: /home/sungbhin/hpc_v2/install/interfaces_pkg/include/interfaces_pkg/interfaces_pkg/msg/detail/mask__functions.h
[2.734s] -- Up-to-date symlink: /home/sungbhin/hpc_v2/install/interfaces_pkg/include/interfaces_pkg/interfaces_pkg/msg/detail/mask__struct.h
[2.734s] -- Up-to-date symlink: /home/sungbhin/hpc_v2/install/interfaces_pkg/include/interfaces_pkg/interfaces_pkg/msg/detail/mask__type_support.h
[2.734s] -- Up-to-date symlink: /home/sungbhin/hpc_v2/install/interfaces_pkg/include/interfaces_pkg/interfaces_pkg/msg/detail/motion_command__functions.h
[2.735s] -- Up-to-date symlink: /home/sungbhin/hpc_v2/install/interfaces_pkg/include/interfaces_pkg/interfaces_pkg/msg/detail/motion_command__struct.h
[2.735s] -- Up-to-date symlink: /home/sungbhin/hpc_v2/install/interfaces_pkg/include/interfaces_pkg/interfaces_pkg/msg/detail/motion_command__type_support.h
[2.735s] -- Up-to-date symlink: /home/sungbhin/hpc_v2/install/interfaces_pkg/include/interfaces_pkg/interfaces_pkg/msg/detail/path_planning_result__functions.h
[2.735s] -- Up-to-date symlink: /home/sungbhin/hpc_v2/install/interfaces_pkg/include/interfaces_pkg/interfaces_pkg/msg/detail/path_planning_result__struct.h
[2.735s] -- Up-to-date symlink: /home/sungbhin/hpc_v2/install/interfaces_pkg/include/interfaces_pkg/interfaces_pkg/msg/detail/path_planning_result__type_support.h
[2.735s] -- Up-to-date symlink: /home/sungbhin/hpc_v2/install/interfaces_pkg/include/interfaces_pkg/interfaces_pkg/msg/detail/point2_d__functions.h
[2.735s] -- Up-to-date symlink: /home/sungbhin/hpc_v2/install/interfaces_pkg/include/interfaces_pkg/interfaces_pkg/msg/detail/point2_d__struct.h
[2.736s] -- Up-to-date symlink: /home/sungbhin/hpc_v2/install/interfaces_pkg/include/interfaces_pkg/interfaces_pkg/msg/detail/point2_d__type_support.h
[2.736s] -- Up-to-date symlink: /home/sungbhin/hpc_v2/install/interfaces_pkg/include/interfaces_pkg/interfaces_pkg/msg/detail/pose2_d__functions.h
[2.736s] -- Up-to-date symlink: /home/sungbhin/hpc_v2/install/interfaces_pkg/include/interfaces_pkg/interfaces_pkg/msg/detail/pose2_d__struct.h
[2.736s] -- Up-to-date symlink: /home/sungbhin/hpc_v2/install/interfaces_pkg/include/interfaces_pkg/interfaces_pkg/msg/detail/pose2_d__type_support.h
[2.736s] -- Up-to-date symlink: /home/sungbhin/hpc_v2/install/interfaces_pkg/include/interfaces_pkg/interfaces_pkg/msg/detail/target_point__functions.h
[2.736s] -- Up-to-date symlink: /home/sungbhin/hpc_v2/install/interfaces_pkg/include/interfaces_pkg/interfaces_pkg/msg/detail/target_point__struct.h
[2.736s] -- Up-to-date symlink: /home/sungbhin/hpc_v2/install/interfaces_pkg/include/interfaces_pkg/interfaces_pkg/msg/detail/target_point__type_support.h
[2.737s] -- Up-to-date symlink: /home/sungbhin/hpc_v2/install/interfaces_pkg/include/interfaces_pkg/interfaces_pkg/msg/detail/vector2__functions.h
[2.737s] -- Up-to-date symlink: /home/sungbhin/hpc_v2/install/interfaces_pkg/include/interfaces_pkg/interfaces_pkg/msg/detail/vector2__struct.h
[2.737s] -- Up-to-date symlink: /home/sungbhin/hpc_v2/install/interfaces_pkg/include/interfaces_pkg/interfaces_pkg/msg/detail/vector2__type_support.h
[2.737s] -- Up-to-date symlink: /home/sungbhin/hpc_v2/install/interfaces_pkg/include/interfaces_pkg/interfaces_pkg/msg/detection.h
[2.737s] -- Up-to-date symlink: /home/sungbhin/hpc_v2/install/interfaces_pkg/include/interfaces_pkg/interfaces_pkg/msg/detection_array.h
[2.738s] -- Up-to-date symlink: /home/sungbhin/hpc_v2/install/interfaces_pkg/include/interfaces_pkg/interfaces_pkg/msg/key_point2_d.h
[2.738s] -- Up-to-date symlink: /home/sungbhin/hpc_v2/install/interfaces_pkg/include/interfaces_pkg/interfaces_pkg/msg/key_point2_d_array.h
[2.738s] -- Up-to-date symlink: /home/sungbhin/hpc_v2/install/interfaces_pkg/include/interfaces_pkg/interfaces_pkg/msg/key_point3_d.h
[2.738s] -- Up-to-date symlink: /home/sungbhin/hpc_v2/install/interfaces_pkg/include/interfaces_pkg/interfaces_pkg/msg/key_point3_d_array.h
[2.738s] -- Up-to-date symlink: /home/sungbhin/hpc_v2/install/interfaces_pkg/include/interfaces_pkg/interfaces_pkg/msg/lane_info.h
[2.738s] -- Up-to-date symlink: /home/sungbhin/hpc_v2/install/interfaces_pkg/include/interfaces_pkg/interfaces_pkg/msg/mask.h
[2.738s] -- Up-to-date symlink: /home/sungbhin/hpc_v2/install/interfaces_pkg/include/interfaces_pkg/interfaces_pkg/msg/motion_command.h
[2.739s] -- Up-to-date symlink: /home/sungbhin/hpc_v2/install/interfaces_pkg/include/interfaces_pkg/interfaces_pkg/msg/path_planning_result.h
[2.739s] -- Up-to-date symlink: /home/sungbhin/hpc_v2/install/interfaces_pkg/include/interfaces_pkg/interfaces_pkg/msg/point2_d.h
[2.739s] -- Up-to-date symlink: /home/sungbhin/hpc_v2/install/interfaces_pkg/include/interfaces_pkg/interfaces_pkg/msg/pose2_d.h
[2.739s] -- Up-to-date symlink: /home/sungbhin/hpc_v2/install/interfaces_pkg/include/interfaces_pkg/interfaces_pkg/msg/rosidl_generator_c__visibility_control.h
[2.739s] -- Up-to-date symlink: /home/sungbhin/hpc_v2/install/interfaces_pkg/include/interfaces_pkg/interfaces_pkg/msg/target_point.h
[2.739s] -- Up-to-date symlink: /home/sungbhin/hpc_v2/install/interfaces_pkg/include/interfaces_pkg/interfaces_pkg/msg/vector2.h
[2.739s] -- Up-to-date symlink: /home/sungbhin/hpc_v2/install/interfaces_pkg/share/interfaces_pkg/environment/library_path.sh
[2.740s] -- Up-to-date symlink: /home/sungbhin/hpc_v2/install/interfaces_pkg/share/interfaces_pkg/environment/library_path.dsv
[2.741s] -- Up-to-date symlink: /home/sungbhin/hpc_v2/install/interfaces_pkg/include/interfaces_pkg/interfaces_pkg/msg/detail/bounding_box2_d__rosidl_typesupport_fastrtps_c.h
[2.741s] -- Up-to-date symlink: /home/sungbhin/hpc_v2/install/interfaces_pkg/include/interfaces_pkg/interfaces_pkg/msg/detail/bounding_box3_d__rosidl_typesupport_fastrtps_c.h
[2.741s] -- Up-to-date symlink: /home/sungbhin/hpc_v2/install/interfaces_pkg/include/interfaces_pkg/interfaces_pkg/msg/detail/detection__rosidl_typesupport_fastrtps_c.h
[2.741s] -- Up-to-date symlink: /home/sungbhin/hpc_v2/install/interfaces_pkg/include/interfaces_pkg/interfaces_pkg/msg/detail/detection_array__rosidl_typesupport_fastrtps_c.h
[2.741s] -- Up-to-date symlink: /home/sungbhin/hpc_v2/install/interfaces_pkg/include/interfaces_pkg/interfaces_pkg/msg/detail/key_point2_d__rosidl_typesupport_fastrtps_c.h
[2.741s] -- Up-to-date symlink: /home/sungbhin/hpc_v2/install/interfaces_pkg/include/interfaces_pkg/interfaces_pkg/msg/detail/key_point2_d_array__rosidl_typesupport_fastrtps_c.h
[2.742s] -- Up-to-date symlink: /home/sungbhin/hpc_v2/install/interfaces_pkg/include/interfaces_pkg/interfaces_pkg/msg/detail/key_point3_d__rosidl_typesupport_fastrtps_c.h
[2.742s] -- Up-to-date symlink: /home/sungbhin/hpc_v2/install/interfaces_pkg/include/interfaces_pkg/interfaces_pkg/msg/detail/key_point3_d_array__rosidl_typesupport_fastrtps_c.h
[2.742s] -- Up-to-date symlink: /home/sungbhin/hpc_v2/install/interfaces_pkg/include/interfaces_pkg/interfaces_pkg/msg/detail/lane_info__rosidl_typesupport_fastrtps_c.h
[2.742s] -- Up-to-date symlink: /home/sungbhin/hpc_v2/install/interfaces_pkg/include/interfaces_pkg/interfaces_pkg/msg/detail/mask__rosidl_typesupport_fastrtps_c.h
[2.742s] -- Up-to-date symlink: /home/sungbhin/hpc_v2/install/interfaces_pkg/include/interfaces_pkg/interfaces_pkg/msg/detail/motion_command__rosidl_typesupport_fastrtps_c.h
[2.742s] -- Up-to-date symlink: /home/sungbhin/hpc_v2/install/interfaces_pkg/include/interfaces_pkg/interfaces_pkg/msg/detail/path_planning_result__rosidl_typesupport_fastrtps_c.h
[2.742s] -- Up-to-date symlink: /home/sungbhin/hpc_v2/install/interfaces_pkg/include/interfaces_pkg/interfaces_pkg/msg/detail/point2_d__rosidl_typesupport_fastrtps_c.h
[2.743s] -- Up-to-date symlink: /home/sungbhin/hpc_v2/install/interfaces_pkg/include/interfaces_pkg/interfaces_pkg/msg/detail/pose2_d__rosidl_typesupport_fastrtps_c.h
[2.743s] -- Up-to-date symlink: /home/sungbhin/hpc_v2/install/interfaces_pkg/include/interfaces_pkg/interfaces_pkg/msg/detail/target_point__rosidl_typesupport_fastrtps_c.h
[2.743s] -- Up-to-date symlink: /home/sungbhin/hpc_v2/install/interfaces_pkg/include/interfaces_pkg/interfaces_pkg/msg/detail/vector2__rosidl_typesupport_fastrtps_c.h
[2.743s] -- Up-to-date symlink: /home/sungbhin/hpc_v2/install/interfaces_pkg/include/interfaces_pkg/interfaces_pkg/msg/rosidl_typesupport_fastrtps_c__visibility_control.h
[2.744s] -- Up-to-date symlink: /home/sungbhin/hpc_v2/install/interfaces_pkg/include/interfaces_pkg/interfaces_pkg/msg/detail/bounding_box2_d__rosidl_typesupport_introspection_c.h
[2.744s] -- Up-to-date symlink: /home/sungbhin/hpc_v2/install/interfaces_pkg/include/interfaces_pkg/interfaces_pkg/msg/detail/bounding_box3_d__rosidl_typesupport_introspection_c.h
[2.744s] -- Up-to-date symlink: /home/sungbhin/hpc_v2/install/interfaces_pkg/include/interfaces_pkg/interfaces_pkg/msg/detail/detection__rosidl_typesupport_introspection_c.h
[2.744s] -- Up-to-date symlink: /home/sungbhin/hpc_v2/install/interfaces_pkg/include/interfaces_pkg/interfaces_pkg/msg/detail/detection_array__rosidl_typesupport_introspection_c.h
[2.744s] -- Up-to-date symlink: /home/sungbhin/hpc_v2/install/interfaces_pkg/include/interfaces_pkg/interfaces_pkg/msg/detail/key_point2_d__rosidl_typesupport_introspection_c.h
[2.744s] -- Up-to-date symlink: /home/sungbhin/hpc_v2/install/interfaces_pkg/include/interfaces_pkg/interfaces_pkg/msg/detail/key_point2_d_array__rosidl_typesupport_introspection_c.h
[2.744s] -- Up-to-date symlink: /home/sungbhin/hpc_v2/install/interfaces_pkg/include/interfaces_pkg/interfaces_pkg/msg/detail/key_point3_d__rosidl_typesupport_introspection_c.h
[2.744s] -- Up-to-date symlink: /home/sungbhin/hpc_v2/install/interfaces_pkg/include/interfaces_pkg/interfaces_pkg/msg/detail/key_point3_d_array__rosidl_typesupport_introspection_c.h
[2.745s] -- Up-to-date symlink: /home/sungbhin/hpc_v2/install/interfaces_pkg/include/interfaces_pkg/interfaces_pkg/msg/detail/lane_info__rosidl_typesupport_introspection_c.h
[2.745s] -- Up-to-date symlink: /home/sungbhin/hpc_v2/install/interfaces_pkg/include/interfaces_pkg/interfaces_pkg/msg/detail/mask__rosidl_typesupport_introspection_c.h
[2.745s] -- Up-to-date symlink: /home/sungbhin/hpc_v2/install/interfaces_pkg/include/interfaces_pkg/interfaces_pkg/msg/detail/motion_command__rosidl_typesupport_introspection_c.h
[2.745s] -- Up-to-date symlink: /home/sungbhin/hpc_v2/install/interfaces_pkg/include/interfaces_pkg/interfaces_pkg/msg/detail/path_planning_result__rosidl_typesupport_introspection_c.h
[2.745s] -- Up-to-date symlink: /home/sungbhin/hpc_v2/install/interfaces_pkg/include/interfaces_pkg/interfaces_pkg/msg/detail/point2_d__rosidl_typesupport_introspection_c.h
[2.745s] -- Up-to-date symlink: /home/sungbhin/hpc_v2/install/interfaces_pkg/include/interfaces_pkg/interfaces_pkg/msg/detail/pose2_d__rosidl_typesupport_introspection_c.h
[2.745s] -- Up-to-date symlink: /home/sungbhin/hpc_v2/install/interfaces_pkg/include/interfaces_pkg/interfaces_pkg/msg/detail/target_point__rosidl_typesupport_introspection_c.h
[2.746s] -- Up-to-date symlink: /home/sungbhin/hpc_v2/install/interfaces_pkg/include/interfaces_pkg/interfaces_pkg/msg/detail/vector2__rosidl_typesupport_introspection_c.h
[2.746s] -- Up-to-date symlink: /home/sungbhin/hpc_v2/install/interfaces_pkg/include/interfaces_pkg/interfaces_pkg/msg/rosidl_typesupport_introspection_c__visibility_control.h
[2.747s] -- Up-to-date symlink: /home/sungbhin/hpc_v2/install/interfaces_pkg/include/interfaces_pkg/interfaces_pkg/msg/bounding_box2_d.hpp
[2.747s] -- Up-to-date symlink: /home/sungbhin/hpc_v2/install/interfaces_pkg/include/interfaces_pkg/interfaces_pkg/msg/bounding_box3_d.hpp
[2.747s] -- Up-to-date symlink: /home/sungbhin/hpc_v2/install/interfaces_pkg/include/interfaces_pkg/interfaces_pkg/msg/detail/bounding_box2_d__builder.hpp
[2.747s] -- Up-to-date symlink: /home/sungbhin/hpc_v2/install/interfaces_pkg/include/interfaces_pkg/interfaces_pkg/msg/detail/bounding_box2_d__struct.hpp
[2.747s] -- Up-to-date symlink: /home/sungbhin/hpc_v2/install/interfaces_pkg/include/interfaces_pkg/interfaces_pkg/msg/detail/bounding_box2_d__traits.hpp
[2.747s] -- Up-to-date symlink: /home/sungbhin/hpc_v2/install/interfaces_pkg/include/interfaces_pkg/interfaces_pkg/msg/detail/bounding_box2_d__type_support.hpp
[2.748s] -- Up-to-date symlink: /home/sungbhin/hpc_v2/install/interfaces_pkg/include/interfaces_pkg/interfaces_pkg/msg/detail/bounding_box3_d__builder.hpp
[2.748s] -- Up-to-date symlink: /home/sungbhin/hpc_v2/install/interfaces_pkg/include/interfaces_pkg/interfaces_pkg/msg/detail/bounding_box3_d__struct.hpp
[2.748s] -- Up-to-date symlink: /home/sungbhin/hpc_v2/install/interfaces_pkg/include/interfaces_pkg/interfaces_pkg/msg/detail/bounding_box3_d__traits.hpp
[2.748s] -- Up-to-date symlink: /home/sungbhin/hpc_v2/install/interfaces_pkg/include/interfaces_pkg/interfaces_pkg/msg/detail/bounding_box3_d__type_support.hpp
[2.748s] -- Up-to-date symlink: /home/sungbhin/hpc_v2/install/interfaces_pkg/include/interfaces_pkg/interfaces_pkg/msg/detail/detection__builder.hpp
[2.748s] -- Up-to-date symlink: /home/sungbhin/hpc_v2/install/interfaces_pkg/include/interfaces_pkg/interfaces_pkg/msg/detail/detection__struct.hpp
[2.749s] -- Up-to-date symlink: /home/sungbhin/hpc_v2/install/interfaces_pkg/include/interfaces_pkg/interfaces_pkg/msg/detail/detection__traits.hpp
[2.749s] -- Up-to-date symlink: /home/sungbhin/hpc_v2/install/interfaces_pkg/include/interfaces_pkg/interfaces_pkg/msg/detail/detection__type_support.hpp
[2.749s] -- Up-to-date symlink: /home/sungbhin/hpc_v2/install/interfaces_pkg/include/interfaces_pkg/interfaces_pkg/msg/detail/detection_array__builder.hpp
[2.749s] -- Up-to-date symlink: /home/sungbhin/hpc_v2/install/interfaces_pkg/include/interfaces_pkg/interfaces_pkg/msg/detail/detection_array__struct.hpp
[2.749s] -- Up-to-date symlink: /home/sungbhin/hpc_v2/install/interfaces_pkg/include/interfaces_pkg/interfaces_pkg/msg/detail/detection_array__traits.hpp
[2.749s] -- Up-to-date symlink: /home/sungbhin/hpc_v2/install/interfaces_pkg/include/interfaces_pkg/interfaces_pkg/msg/detail/detection_array__type_support.hpp
[2.750s] -- Up-to-date symlink: /home/sungbhin/hpc_v2/install/interfaces_pkg/include/interfaces_pkg/interfaces_pkg/msg/detail/key_point2_d__builder.hpp
[2.750s] -- Up-to-date symlink: /home/sungbhin/hpc_v2/install/interfaces_pkg/include/interfaces_pkg/interfaces_pkg/msg/detail/key_point2_d__struct.hpp
[2.750s] -- Up-to-date symlink: /home/sungbhin/hpc_v2/install/interfaces_pkg/include/interfaces_pkg/interfaces_pkg/msg/detail/key_point2_d__traits.hpp
[2.750s] -- Up-to-date symlink: /home/sungbhin/hpc_v2/install/interfaces_pkg/include/interfaces_pkg/interfaces_pkg/msg/detail/key_point2_d__type_support.hpp
[2.750s] -- Up-to-date symlink: /home/sungbhin/hpc_v2/install/interfaces_pkg/include/interfaces_pkg/interfaces_pkg/msg/detail/key_point2_d_array__builder.hpp
[2.750s] -- Up-to-date symlink: /home/sungbhin/hpc_v2/install/interfaces_pkg/include/interfaces_pkg/interfaces_pkg/msg/detail/key_point2_d_array__struct.hpp
[2.750s] -- Up-to-date symlink: /home/sungbhin/hpc_v2/install/interfaces_pkg/include/interfaces_pkg/interfaces_pkg/msg/detail/key_point2_d_array__traits.hpp
[2.751s] -- Up-to-date symlink: /home/sungbhin/hpc_v2/install/interfaces_pkg/include/interfaces_pkg/interfaces_pkg/msg/detail/key_point2_d_array__type_support.hpp
[2.751s] -- Up-to-date symlink: /home/sungbhin/hpc_v2/install/interfaces_pkg/include/interfaces_pkg/interfaces_pkg/msg/detail/key_point3_d__builder.hpp
[2.751s] -- Up-to-date symlink: /home/sungbhin/hpc_v2/install/interfaces_pkg/include/interfaces_pkg/interfaces_pkg/msg/detail/key_point3_d__struct.hpp
[2.751s] -- Up-to-date symlink: /home/sungbhin/hpc_v2/install/interfaces_pkg/include/interfaces_pkg/interfaces_pkg/msg/detail/key_point3_d__traits.hpp
[2.751s] -- Up-to-date symlink: /home/sungbhin/hpc_v2/install/interfaces_pkg/include/interfaces_pkg/interfaces_pkg/msg/detail/key_point3_d__type_support.hpp
[2.751s] -- Up-to-date symlink: /home/sungbhin/hpc_v2/install/interfaces_pkg/include/interfaces_pkg/interfaces_pkg/msg/detail/key_point3_d_array__builder.hpp
[2.751s] -- Up-to-date symlink: /home/sungbhin/hpc_v2/install/interfaces_pkg/include/interfaces_pkg/interfaces_pkg/msg/detail/key_point3_d_array__struct.hpp
[2.752s] -- Up-to-date symlink: /home/sungbhin/hpc_v2/install/interfaces_pkg/include/interfaces_pkg/interfaces_pkg/msg/detail/key_point3_d_array__traits.hpp
[2.752s] -- Up-to-date symlink: /home/sungbhin/hpc_v2/install/interfaces_pkg/include/interfaces_pkg/interfaces_pkg/msg/detail/key_point3_d_array__type_support.hpp
[2.752s] -- Up-to-date symlink: /home/sungbhin/hpc_v2/install/interfaces_pkg/include/interfaces_pkg/interfaces_pkg/msg/detail/lane_info__builder.hpp
[2.752s] -- Up-to-date symlink: /home/sungbhin/hpc_v2/install/interfaces_pkg/include/interfaces_pkg/interfaces_pkg/msg/detail/lane_info__struct.hpp
[2.752s] -- Up-to-date symlink: /home/sungbhin/hpc_v2/install/interfaces_pkg/include/interfaces_pkg/interfaces_pkg/msg/detail/lane_info__traits.hpp
[2.752s] -- Up-to-date symlink: /home/sungbhin/hpc_v2/install/interfaces_pkg/include/interfaces_pkg/interfaces_pkg/msg/detail/lane_info__type_support.hpp
[2.753s] -- Up-to-date symlink: /home/sungbhin/hpc_v2/install/interfaces_pkg/include/interfaces_pkg/interfaces_pkg/msg/detail/mask__builder.hpp
[2.753s] -- Up-to-date symlink: /home/sungbhin/hpc_v2/install/interfaces_pkg/include/interfaces_pkg/interfaces_pkg/msg/detail/mask__struct.hpp
[2.753s] -- Up-to-date symlink: /home/sungbhin/hpc_v2/install/interfaces_pkg/include/interfaces_pkg/interfaces_pkg/msg/detail/mask__traits.hpp
[2.753s] -- Up-to-date symlink: /home/sungbhin/hpc_v2/install/interfaces_pkg/include/interfaces_pkg/interfaces_pkg/msg/detail/mask__type_support.hpp
[2.753s] -- Up-to-date symlink: /home/sungbhin/hpc_v2/install/interfaces_pkg/include/interfaces_pkg/interfaces_pkg/msg/detail/motion_command__builder.hpp
[2.753s] -- Up-to-date symlink: /home/sungbhin/hpc_v2/install/interfaces_pkg/include/interfaces_pkg/interfaces_pkg/msg/detail/motion_command__struct.hpp
[2.753s] -- Up-to-date symlink: /home/sungbhin/hpc_v2/install/interfaces_pkg/include/interfaces_pkg/interfaces_pkg/msg/detail/motion_command__traits.hpp
[2.754s] -- Up-to-date symlink: /home/sungbhin/hpc_v2/install/interfaces_pkg/include/interfaces_pkg/interfaces_pkg/msg/detail/motion_command__type_support.hpp
[2.754s] -- Up-to-date symlink: /home/sungbhin/hpc_v2/install/interfaces_pkg/include/interfaces_pkg/interfaces_pkg/msg/detail/path_planning_result__builder.hpp
[2.754s] -- Up-to-date symlink: /home/sungbhin/hpc_v2/install/interfaces_pkg/include/interfaces_pkg/interfaces_pkg/msg/detail/path_planning_result__struct.hpp
[2.754s] -- Up-to-date symlink: /home/sungbhin/hpc_v2/install/interfaces_pkg/include/interfaces_pkg/interfaces_pkg/msg/detail/path_planning_result__traits.hpp
[2.754s] -- Up-to-date symlink: /home/sungbhin/hpc_v2/install/interfaces_pkg/include/interfaces_pkg/interfaces_pkg/msg/detail/path_planning_result__type_support.hpp
[2.754s] -- Up-to-date symlink: /home/sungbhin/hpc_v2/install/interfaces_pkg/include/interfaces_pkg/interfaces_pkg/msg/detail/point2_d__builder.hpp
[2.754s] -- Up-to-date symlink: /home/sungbhin/hpc_v2/install/interfaces_pkg/include/interfaces_pkg/interfaces_pkg/msg/detail/point2_d__struct.hpp
[2.754s] -- Up-to-date symlink: /home/sungbhin/hpc_v2/install/interfaces_pkg/include/interfaces_pkg/interfaces_pkg/msg/detail/point2_d__traits.hpp
[2.755s] -- Up-to-date symlink: /home/sungbhin/hpc_v2/install/interfaces_pkg/include/interfaces_pkg/interfaces_pkg/msg/detail/point2_d__type_support.hpp
[2.755s] -- Up-to-date symlink: /home/sungbhin/hpc_v2/install/interfaces_pkg/include/interfaces_pkg/interfaces_pkg/msg/detail/pose2_d__builder.hpp
[2.755s] -- Up-to-date symlink: /home/sungbhin/hpc_v2/install/interfaces_pkg/include/interfaces_pkg/interfaces_pkg/msg/detail/pose2_d__struct.hpp
[2.755s] -- Up-to-date symlink: /home/sungbhin/hpc_v2/install/interfaces_pkg/include/interfaces_pkg/interfaces_pkg/msg/detail/pose2_d__traits.hpp
[2.755s] -- Up-to-date symlink: /home/sungbhin/hpc_v2/install/interfaces_pkg/include/interfaces_pkg/interfaces_pkg/msg/detail/pose2_d__type_support.hpp
[2.755s] -- Up-to-date symlink: /home/sungbhin/hpc_v2/install/interfaces_pkg/include/interfaces_pkg/interfaces_pkg/msg/detail/target_point__builder.hpp
[2.755s] -- Up-to-date symlink: /home/sungbhin/hpc_v2/install/interfaces_pkg/include/interfaces_pkg/interfaces_pkg/msg/detail/target_point__struct.hpp
[2.755s] -- Up-to-date symlink: /home/sungbhin/hpc_v2/install/interfaces_pkg/include/interfaces_pkg/interfaces_pkg/msg/detail/target_point__traits.hpp
[2.756s] -- Up-to-date symlink: /home/sungbhin/hpc_v2/install/interfaces_pkg/include/interfaces_pkg/interfaces_pkg/msg/detail/target_point__type_support.hpp
[2.756s] -- Up-to-date symlink: /home/sungbhin/hpc_v2/install/interfaces_pkg/include/interfaces_pkg/interfaces_pkg/msg/detail/vector2__builder.hpp
[2.756s] -- Up-to-date symlink: /home/sungbhin/hpc_v2/install/interfaces_pkg/include/interfaces_pkg/interfaces_pkg/msg/detail/vector2__struct.hpp
[2.756s] -- Up-to-date symlink: /home/sungbhin/hpc_v2/install/interfaces_pkg/include/interfaces_pkg/interfaces_pkg/msg/detail/vector2__traits.hpp
[2.756s] -- Up-to-date symlink: /home/sungbhin/hpc_v2/install/interfaces_pkg/include/interfaces_pkg/interfaces_pkg/msg/detail/vector2__type_support.hpp
[2.756s] -- Up-to-date symlink: /home/sungbhin/hpc_v2/install/interfaces_pkg/include/interfaces_pkg/interfaces_pkg/msg/detection.hpp
[2.756s] -- Up-to-date symlink: /home/sungbhin/hpc_v2/install/interfaces_pkg/include/interfaces_pkg/interfaces_pkg/msg/detection_array.hpp
[2.757s] -- Up-to-date symlink: /home/sungbhin/hpc_v2/install/interfaces_pkg/include/interfaces_pkg/interfaces_pkg/msg/key_point2_d.hpp
[2.757s] -- Up-to-date symlink: /home/sungbhin/hpc_v2/install/interfaces_pkg/include/interfaces_pkg/interfaces_pkg/msg/key_point2_d_array.hpp
[2.757s] -- Up-to-date symlink: /home/sungbhin/hpc_v2/install/interfaces_pkg/include/interfaces_pkg/interfaces_pkg/msg/key_point3_d.hpp
[2.757s] -- Up-to-date symlink: /home/sungbhin/hpc_v2/install/interfaces_pkg/include/interfaces_pkg/interfaces_pkg/msg/key_point3_d_array.hpp
[2.757s] -- Up-to-date symlink: /home/sungbhin/hpc_v2/install/interfaces_pkg/include/interfaces_pkg/interfaces_pkg/msg/lane_info.hpp
[2.757s] -- Up-to-date symlink: /home/sungbhin/hpc_v2/install/interfaces_pkg/include/interfaces_pkg/interfaces_pkg/msg/mask.hpp
[2.758s] -- Up-to-date symlink: /home/sungbhin/hpc_v2/install/interfaces_pkg/include/interfaces_pkg/interfaces_pkg/msg/motion_command.hpp
[2.758s] -- Up-to-date symlink: /home/sungbhin/hpc_v2/install/interfaces_pkg/include/interfaces_pkg/interfaces_pkg/msg/path_planning_result.hpp
[2.758s] -- Up-to-date symlink: /home/sungbhin/hpc_v2/install/interfaces_pkg/include/interfaces_pkg/interfaces_pkg/msg/point2_d.hpp
[2.758s] -- Up-to-date symlink: /home/sungbhin/hpc_v2/install/interfaces_pkg/include/interfaces_pkg/interfaces_pkg/msg/pose2_d.hpp
[2.758s] -- Up-to-date symlink: /home/sungbhin/hpc_v2/install/interfaces_pkg/include/interfaces_pkg/interfaces_pkg/msg/rosidl_generator_cpp__visibility_control.hpp
[2.758s] -- Up-to-date symlink: /home/sungbhin/hpc_v2/install/interfaces_pkg/include/interfaces_pkg/interfaces_pkg/msg/target_point.hpp
[2.758s] -- Up-to-date symlink: /home/sungbhin/hpc_v2/install/interfaces_pkg/include/interfaces_pkg/interfaces_pkg/msg/vector2.hpp
[2.759s] -- Up-to-date symlink: /home/sungbhin/hpc_v2/install/interfaces_pkg/include/interfaces_pkg/interfaces_pkg/msg/detail/bounding_box2_d__rosidl_typesupport_fastrtps_cpp.hpp
[2.759s] -- Up-to-date symlink: /home/sungbhin/hpc_v2/install/interfaces_pkg/include/interfaces_pkg/interfaces_pkg/msg/detail/bounding_box3_d__rosidl_typesupport_fastrtps_cpp.hpp
[2.760s] -- Up-to-date symlink: /home/sungbhin/hpc_v2/install/interfaces_pkg/include/interfaces_pkg/interfaces_pkg/msg/detail/detection__rosidl_typesupport_fastrtps_cpp.hpp
[2.760s] -- Up-to-date symlink: /home/sungbhin/hpc_v2/install/interfaces_pkg/include/interfaces_pkg/interfaces_pkg/msg/detail/detection_array__rosidl_typesupport_fastrtps_cpp.hpp
[2.760s] -- Up-to-date symlink: /home/sungbhin/hpc_v2/install/interfaces_pkg/include/interfaces_pkg/interfaces_pkg/msg/detail/key_point2_d__rosidl_typesupport_fastrtps_cpp.hpp
[2.760s] -- Up-to-date symlink: /home/sungbhin/hpc_v2/install/interfaces_pkg/include/interfaces_pkg/interfaces_pkg/msg/detail/key_point2_d_array__rosidl_typesupport_fastrtps_cpp.hpp
[2.760s] -- Up-to-date symlink: /home/sungbhin/hpc_v2/install/interfaces_pkg/include/interfaces_pkg/interfaces_pkg/msg/detail/key_point3_d__rosidl_typesupport_fastrtps_cpp.hpp
[2.760s] -- Up-to-date symlink: /home/sungbhin/hpc_v2/install/interfaces_pkg/include/interfaces_pkg/interfaces_pkg/msg/detail/key_point3_d_array__rosidl_typesupport_fastrtps_cpp.hpp
[2.761s] -- Up-to-date symlink: /home/sungbhin/hpc_v2/install/interfaces_pkg/include/interfaces_pkg/interfaces_pkg/msg/detail/lane_info__rosidl_typesupport_fastrtps_cpp.hpp
[2.761s] -- Up-to-date symlink: /home/sungbhin/hpc_v2/install/interfaces_pkg/include/interfaces_pkg/interfaces_pkg/msg/detail/mask__rosidl_typesupport_fastrtps_cpp.hpp
[2.761s] -- Up-to-date symlink: /home/sungbhin/hpc_v2/install/interfaces_pkg/include/interfaces_pkg/interfaces_pkg/msg/detail/motion_command__rosidl_typesupport_fastrtps_cpp.hpp
[2.761s] -- Up-to-date symlink: /home/sungbhin/hpc_v2/install/interfaces_pkg/include/interfaces_pkg/interfaces_pkg/msg/detail/path_planning_result__rosidl_typesupport_fastrtps_cpp.hpp
[2.761s] -- Up-to-date symlink: /home/sungbhin/hpc_v2/install/interfaces_pkg/include/interfaces_pkg/interfaces_pkg/msg/detail/point2_d__rosidl_typesupport_fastrtps_cpp.hpp
[2.761s] -- Up-to-date symlink: /home/sungbhin/hpc_v2/install/interfaces_pkg/include/interfaces_pkg/interfaces_pkg/msg/detail/pose2_d__rosidl_typesupport_fastrtps_cpp.hpp
[2.761s] -- Up-to-date symlink: /home/sungbhin/hpc_v2/install/interfaces_pkg/include/interfaces_pkg/interfaces_pkg/msg/detail/target_point__rosidl_typesupport_fastrtps_cpp.hpp
[2.762s] -- Up-to-date symlink: /home/sungbhin/hpc_v2/install/interfaces_pkg/include/interfaces_pkg/interfaces_pkg/msg/detail/vector2__rosidl_typesupport_fastrtps_cpp.hpp
[2.762s] -- Up-to-date symlink: /home/sungbhin/hpc_v2/install/interfaces_pkg/include/interfaces_pkg/interfaces_pkg/msg/rosidl_typesupport_fastrtps_cpp__visibility_control.h
[2.762s] -- Up-to-date symlink: /home/sungbhin/hpc_v2/install/interfaces_pkg/include/interfaces_pkg/interfaces_pkg/msg/detail/bounding_box2_d__rosidl_typesupport_introspection_cpp.hpp
[2.763s] -- Up-to-date symlink: /home/sungbhin/hpc_v2/install/interfaces_pkg/include/interfaces_pkg/interfaces_pkg/msg/detail/bounding_box3_d__rosidl_typesupport_introspection_cpp.hpp
[2.763s] -- Up-to-date symlink: /home/sungbhin/hpc_v2/install/interfaces_pkg/include/interfaces_pkg/interfaces_pkg/msg/detail/detection__rosidl_typesupport_introspection_cpp.hpp
[2.763s] -- Up-to-date symlink: /home/sungbhin/hpc_v2/install/interfaces_pkg/include/interfaces_pkg/interfaces_pkg/msg/detail/detection_array__rosidl_typesupport_introspection_cpp.hpp
[2.763s] -- Up-to-date symlink: /home/sungbhin/hpc_v2/install/interfaces_pkg/include/interfaces_pkg/interfaces_pkg/msg/detail/key_point2_d__rosidl_typesupport_introspection_cpp.hpp
[2.763s] -- Up-to-date symlink: /home/sungbhin/hpc_v2/install/interfaces_pkg/include/interfaces_pkg/interfaces_pkg/msg/detail/key_point2_d_array__rosidl_typesupport_introspection_cpp.hpp
[2.763s] -- Up-to-date symlink: /home/sungbhin/hpc_v2/install/interfaces_pkg/include/interfaces_pkg/interfaces_pkg/msg/detail/key_point3_d__rosidl_typesupport_introspection_cpp.hpp
[2.763s] -- Up-to-date symlink: /home/sungbhin/hpc_v2/install/interfaces_pkg/include/interfaces_pkg/interfaces_pkg/msg/detail/key_point3_d_array__rosidl_typesupport_introspection_cpp.hpp
[2.763s] -- Up-to-date symlink: /home/sungbhin/hpc_v2/install/interfaces_pkg/include/interfaces_pkg/interfaces_pkg/msg/detail/lane_info__rosidl_typesupport_introspection_cpp.hpp
[2.764s] -- Up-to-date symlink: /home/sungbhin/hpc_v2/install/interfaces_pkg/include/interfaces_pkg/interfaces_pkg/msg/detail/mask__rosidl_typesupport_introspection_cpp.hpp
[2.764s] -- Up-to-date symlink: /home/sungbhin/hpc_v2/install/interfaces_pkg/include/interfaces_pkg/interfaces_pkg/msg/detail/motion_command__rosidl_typesupport_introspection_cpp.hpp
[2.764s] -- Up-to-date symlink: /home/sungbhin/hpc_v2/install/interfaces_pkg/include/interfaces_pkg/interfaces_pkg/msg/detail/path_planning_result__rosidl_typesupport_introspection_cpp.hpp
[2.764s] -- Up-to-date symlink: /home/sungbhin/hpc_v2/install/interfaces_pkg/include/interfaces_pkg/interfaces_pkg/msg/detail/point2_d__rosidl_typesupport_introspection_cpp.hpp
[2.764s] -- Up-to-date symlink: /home/sungbhin/hpc_v2/install/interfaces_pkg/include/interfaces_pkg/interfaces_pkg/msg/detail/pose2_d__rosidl_typesupport_introspection_cpp.hpp
[2.764s] -- Up-to-date symlink: /home/sungbhin/hpc_v2/install/interfaces_pkg/include/interfaces_pkg/interfaces_pkg/msg/detail/target_point__rosidl_typesupport_introspection_cpp.hpp
[2.765s] -- Up-to-date symlink: /home/sungbhin/hpc_v2/install/interfaces_pkg/include/interfaces_pkg/interfaces_pkg/msg/detail/vector2__rosidl_typesupport_introspection_cpp.hpp
[2.765s] -- Up-to-date symlink: /home/sungbhin/hpc_v2/install/interfaces_pkg/share/interfaces_pkg/environment/pythonpath.sh
[2.765s] -- Up-to-date symlink: /home/sungbhin/hpc_v2/install/interfaces_pkg/share/interfaces_pkg/environment/pythonpath.dsv
[2.765s] -- Up-to-date symlink: /home/sungbhin/hpc_v2/install/interfaces_pkg/local/lib/python3.10/dist-packages/interfaces_pkg-0.0.0-py3.10.egg-info/PKG-INFO
[2.766s] -- Up-to-date symlink: /home/sungbhin/hpc_v2/install/interfaces_pkg/local/lib/python3.10/dist-packages/interfaces_pkg-0.0.0-py3.10.egg-info/SOURCES.txt
[2.766s] -- Up-to-date symlink: /home/sungbhin/hpc_v2/install/interfaces_pkg/local/lib/python3.10/dist-packages/interfaces_pkg-0.0.0-py3.10.egg-info/dependency_links.txt
[2.766s] -- Up-to-date symlink: /home/sungbhin/hpc_v2/install/interfaces_pkg/local/lib/python3.10/dist-packages/interfaces_pkg-0.0.0-py3.10.egg-info/top_level.txt
[2.767s] -- Up-to-date symlink: /home/sungbhin/hpc_v2/install/interfaces_pkg/local/lib/python3.10/dist-packages/interfaces_pkg/__init__.py
[2.767s] -- Up-to-date symlink: /home/sungbhin/hpc_v2/install/interfaces_pkg/local/lib/python3.10/dist-packages/interfaces_pkg/_interfaces_pkg_s.ep.rosidl_typesupport_c.c
[2.767s] -- Up-to-date symlink: /home/sungbhin/hpc_v2/install/interfaces_pkg/local/lib/python3.10/dist-packages/interfaces_pkg/_interfaces_pkg_s.ep.rosidl_typesupport_fastrtps_c.c
[2.767s] -- Up-to-date symlink: /home/sungbhin/hpc_v2/install/interfaces_pkg/local/lib/python3.10/dist-packages/interfaces_pkg/_interfaces_pkg_s.ep.rosidl_typesupport_introspection_c.c
[2.767s] -- Up-to-date symlink: /home/sungbhin/hpc_v2/install/interfaces_pkg/local/lib/python3.10/dist-packages/interfaces_pkg/interfaces_pkg_s__rosidl_typesupport_c.cpython-310-x86_64-linux-gnu.so
[2.768s] -- Up-to-date symlink: /home/sungbhin/hpc_v2/install/interfaces_pkg/local/lib/python3.10/dist-packages/interfaces_pkg/interfaces_pkg_s__rosidl_typesupport_fastrtps_c.cpython-310-x86_64-linux-gnu.so
[2.768s] -- Up-to-date symlink: /home/sungbhin/hpc_v2/install/interfaces_pkg/local/lib/python3.10/dist-packages/interfaces_pkg/interfaces_pkg_s__rosidl_typesupport_introspection_c.cpython-310-x86_64-linux-gnu.so
[2.768s] -- Up-to-date symlink: /home/sungbhin/hpc_v2/install/interfaces_pkg/local/lib/python3.10/dist-packages/interfaces_pkg/libinterfaces_pkg__rosidl_generator_py.so
[2.768s] -- Up-to-date symlink: /home/sungbhin/hpc_v2/install/interfaces_pkg/local/lib/python3.10/dist-packages/interfaces_pkg/msg/__init__.py
[2.768s] -- Up-to-date symlink: /home/sungbhin/hpc_v2/install/interfaces_pkg/local/lib/python3.10/dist-packages/interfaces_pkg/msg/_bounding_box2_d.py
[2.768s] -- Up-to-date symlink: /home/sungbhin/hpc_v2/install/interfaces_pkg/local/lib/python3.10/dist-packages/interfaces_pkg/msg/_bounding_box2_d_s.c
[2.768s] -- Up-to-date symlink: /home/sungbhin/hpc_v2/install/interfaces_pkg/local/lib/python3.10/dist-packages/interfaces_pkg/msg/_bounding_box3_d.py
[2.769s] -- Up-to-date symlink: /home/sungbhin/hpc_v2/install/interfaces_pkg/local/lib/python3.10/dist-packages/interfaces_pkg/msg/_bounding_box3_d_s.c
[2.769s] -- Up-to-date symlink: /home/sungbhin/hpc_v2/install/interfaces_pkg/local/lib/python3.10/dist-packages/interfaces_pkg/msg/_detection.py
[2.769s] -- Up-to-date symlink: /home/sungbhin/hpc_v2/install/interfaces_pkg/local/lib/python3.10/dist-packages/interfaces_pkg/msg/_detection_array.py
[2.769s] -- Up-to-date symlink: /home/sungbhin/hpc_v2/install/interfaces_pkg/local/lib/python3.10/dist-packages/interfaces_pkg/msg/_detection_array_s.c
[2.769s] -- Up-to-date symlink: /home/sungbhin/hpc_v2/install/interfaces_pkg/local/lib/python3.10/dist-packages/interfaces_pkg/msg/_detection_s.c
[2.769s] -- Up-to-date symlink: /home/sungbhin/hpc_v2/install/interfaces_pkg/local/lib/python3.10/dist-packages/interfaces_pkg/msg/_key_point2_d.py
[2.769s] -- Up-to-date symlink: /home/sungbhin/hpc_v2/install/interfaces_pkg/local/lib/python3.10/dist-packages/interfaces_pkg/msg/_key_point2_d_array.py
[2.769s] -- Up-to-date symlink: /home/sungbhin/hpc_v2/install/interfaces_pkg/local/lib/python3.10/dist-packages/interfaces_pkg/msg/_key_point2_d_array_s.c
[2.770s] -- Up-to-date symlink: /home/sungbhin/hpc_v2/install/interfaces_pkg/local/lib/python3.10/dist-packages/interfaces_pkg/msg/_key_point2_d_s.c
[2.770s] -- Up-to-date symlink: /home/sungbhin/hpc_v2/install/interfaces_pkg/local/lib/python3.10/dist-packages/interfaces_pkg/msg/_key_point3_d.py
[2.770s] -- Up-to-date symlink: /home/sungbhin/hpc_v2/install/interfaces_pkg/local/lib/python3.10/dist-packages/interfaces_pkg/msg/_key_point3_d_array.py
[2.770s] -- Up-to-date symlink: /home/sungbhin/hpc_v2/install/interfaces_pkg/local/lib/python3.10/dist-packages/interfaces_pkg/msg/_key_point3_d_array_s.c
[2.770s] -- Up-to-date symlink: /home/sungbhin/hpc_v2/install/interfaces_pkg/local/lib/python3.10/dist-packages/interfaces_pkg/msg/_key_point3_d_s.c
[2.770s] -- Up-to-date symlink: /home/sungbhin/hpc_v2/install/interfaces_pkg/local/lib/python3.10/dist-packages/interfaces_pkg/msg/_lane_info.py
[2.770s] -- Up-to-date symlink: /home/sungbhin/hpc_v2/install/interfaces_pkg/local/lib/python3.10/dist-packages/interfaces_pkg/msg/_lane_info_s.c
[2.770s] -- Up-to-date symlink: /home/sungbhin/hpc_v2/install/interfaces_pkg/local/lib/python3.10/dist-packages/interfaces_pkg/msg/_mask.py
[2.771s] -- Up-to-date symlink: /home/sungbhin/hpc_v2/install/interfaces_pkg/local/lib/python3.10/dist-packages/interfaces_pkg/msg/_mask_s.c
[2.771s] -- Up-to-date symlink: /home/sungbhin/hpc_v2/install/interfaces_pkg/local/lib/python3.10/dist-packages/interfaces_pkg/msg/_motion_command.py
[2.771s] -- Up-to-date symlink: /home/sungbhin/hpc_v2/install/interfaces_pkg/local/lib/python3.10/dist-packages/interfaces_pkg/msg/_motion_command_s.c
[2.771s] -- Up-to-date symlink: /home/sungbhin/hpc_v2/install/interfaces_pkg/local/lib/python3.10/dist-packages/interfaces_pkg/msg/_path_planning_result.py
[2.771s] -- Up-to-date symlink: /home/sungbhin/hpc_v2/install/interfaces_pkg/local/lib/python3.10/dist-packages/interfaces_pkg/msg/_path_planning_result_s.c
[2.771s] -- Up-to-date symlink: /home/sungbhin/hpc_v2/install/interfaces_pkg/local/lib/python3.10/dist-packages/interfaces_pkg/msg/_point2_d.py
[2.771s] -- Up-to-date symlink: /home/sungbhin/hpc_v2/install/interfaces_pkg/local/lib/python3.10/dist-packages/interfaces_pkg/msg/_point2_d_s.c
[2.772s] -- Up-to-date symlink: /home/sungbhin/hpc_v2/install/interfaces_pkg/local/lib/python3.10/dist-packages/interfaces_pkg/msg/_pose2_d.py
[2.772s] -- Up-to-date symlink: /home/sungbhin/hpc_v2/install/interfaces_pkg/local/lib/python3.10/dist-packages/interfaces_pkg/msg/_pose2_d_s.c
[2.772s] -- Up-to-date symlink: /home/sungbhin/hpc_v2/install/interfaces_pkg/local/lib/python3.10/dist-packages/interfaces_pkg/msg/_target_point.py
[2.772s] -- Up-to-date symlink: /home/sungbhin/hpc_v2/install/interfaces_pkg/local/lib/python3.10/dist-packages/interfaces_pkg/msg/_target_point_s.c
[2.772s] -- Up-to-date symlink: /home/sungbhin/hpc_v2/install/interfaces_pkg/local/lib/python3.10/dist-packages/interfaces_pkg/msg/_vector2.py
[2.772s] -- Up-to-date symlink: /home/sungbhin/hpc_v2/install/interfaces_pkg/local/lib/python3.10/dist-packages/interfaces_pkg/msg/_vector2_s.c
[2.772s] -- Up-to-date symlink: /home/sungbhin/hpc_v2/install/interfaces_pkg/local/lib/python3.10/dist-packages/interfaces_pkg/interfaces_pkg_s__rosidl_typesupport_fastrtps_c.cpython-310-x86_64-linux-gnu.so
[2.773s] -- Up-to-date symlink: /home/sungbhin/hpc_v2/install/interfaces_pkg/local/lib/python3.10/dist-packages/interfaces_pkg/interfaces_pkg_s__rosidl_typesupport_introspection_c.cpython-310-x86_64-linux-gnu.so
[2.773s] -- Up-to-date symlink: /home/sungbhin/hpc_v2/install/interfaces_pkg/local/lib/python3.10/dist-packages/interfaces_pkg/interfaces_pkg_s__rosidl_typesupport_c.cpython-310-x86_64-linux-gnu.so
[2.773s] -- Up-to-date symlink: /home/sungbhin/hpc_v2/install/interfaces_pkg/share/interfaces_pkg/msg/Point2D.idl
[2.773s] -- Up-to-date symlink: /home/sungbhin/hpc_v2/install/interfaces_pkg/share/interfaces_pkg/msg/Vector2.idl
[2.773s] -- Up-to-date symlink: /home/sungbhin/hpc_v2/install/interfaces_pkg/share/interfaces_pkg/msg/Pose2D.idl
[2.773s] -- Up-to-date symlink: /home/sungbhin/hpc_v2/install/interfaces_pkg/share/interfaces_pkg/msg/BoundingBox2D.idl
[2.774s] -- Up-to-date symlink: /home/sungbhin/hpc_v2/install/interfaces_pkg/share/interfaces_pkg/msg/BoundingBox3D.idl
[2.774s] -- Up-to-date symlink: /home/sungbhin/hpc_v2/install/interfaces_pkg/share/interfaces_pkg/msg/Mask.idl
[2.774s] -- Up-to-date symlink: /home/sungbhin/hpc_v2/install/interfaces_pkg/share/interfaces_pkg/msg/KeyPoint2D.idl
[2.774s] -- Up-to-date symlink: /home/sungbhin/hpc_v2/install/interfaces_pkg/share/interfaces_pkg/msg/KeyPoint2DArray.idl
[2.774s] -- Up-to-date symlink: /home/sungbhin/hpc_v2/install/interfaces_pkg/share/interfaces_pkg/msg/KeyPoint3D.idl
[2.774s] -- Up-to-date symlink: /home/sungbhin/hpc_v2/install/interfaces_pkg/share/interfaces_pkg/msg/KeyPoint3DArray.idl
[2.774s] -- Up-to-date symlink: /home/sungbhin/hpc_v2/install/interfaces_pkg/share/interfaces_pkg/msg/Detection.idl
[2.775s] -- Up-to-date symlink: /home/sungbhin/hpc_v2/install/interfaces_pkg/share/interfaces_pkg/msg/DetectionArray.idl
[2.775s] -- Up-to-date symlink: /home/sungbhin/hpc_v2/install/interfaces_pkg/share/interfaces_pkg/msg/LaneInfo.idl
[2.775s] -- Up-to-date symlink: /home/sungbhin/hpc_v2/install/interfaces_pkg/share/interfaces_pkg/msg/MotionCommand.idl
[2.775s] -- Up-to-date symlink: /home/sungbhin/hpc_v2/install/interfaces_pkg/share/interfaces_pkg/msg/TargetPoint.idl
[2.775s] -- Up-to-date symlink: /home/sungbhin/hpc_v2/install/interfaces_pkg/share/interfaces_pkg/msg/PathPlanningResult.idl
[2.775s] -- Up-to-date symlink: /home/sungbhin/hpc_v2/install/interfaces_pkg/share/interfaces_pkg/msg/Point2D.msg
[2.775s] -- Up-to-date symlink: /home/sungbhin/hpc_v2/install/interfaces_pkg/share/interfaces_pkg/msg/Vector2.msg
[2.776s] -- Up-to-date symlink: /home/sungbhin/hpc_v2/install/interfaces_pkg/share/interfaces_pkg/msg/Pose2D.msg
[2.776s] -- Up-to-date symlink: /home/sungbhin/hpc_v2/install/interfaces_pkg/share/interfaces_pkg/msg/BoundingBox2D.msg
[2.776s] -- Up-to-date symlink: /home/sungbhin/hpc_v2/install/interfaces_pkg/share/interfaces_pkg/msg/BoundingBox3D.msg
[2.776s] -- Up-to-date symlink: /home/sungbhin/hpc_v2/install/interfaces_pkg/share/interfaces_pkg/msg/Mask.msg
[2.776s] -- Up-to-date symlink: /home/sungbhin/hpc_v2/install/interfaces_pkg/share/interfaces_pkg/msg/KeyPoint2D.msg
[2.776s] -- Up-to-date symlink: /home/sungbhin/hpc_v2/install/interfaces_pkg/share/interfaces_pkg/msg/KeyPoint2DArray.msg
[2.776s] -- Up-to-date symlink: /home/sungbhin/hpc_v2/install/interfaces_pkg/share/interfaces_pkg/msg/KeyPoint3D.msg
[2.777s] -- Up-to-date symlink: /home/sungbhin/hpc_v2/install/interfaces_pkg/share/interfaces_pkg/msg/KeyPoint3DArray.msg
[2.777s] -- Up-to-date symlink: /home/sungbhin/hpc_v2/install/interfaces_pkg/share/interfaces_pkg/msg/Detection.msg
[2.777s] -- Up-to-date symlink: /home/sungbhin/hpc_v2/install/interfaces_pkg/share/interfaces_pkg/msg/DetectionArray.msg
[2.777s] -- Up-to-date symlink: /home/sungbhin/hpc_v2/install/interfaces_pkg/share/interfaces_pkg/msg/LaneInfo.msg
[2.777s] -- Up-to-date symlink: /home/sungbhin/hpc_v2/install/interfaces_pkg/share/interfaces_pkg/msg/MotionCommand.msg
[2.777s] -- Up-to-date symlink: /home/sungbhin/hpc_v2/install/interfaces_pkg/share/interfaces_pkg/msg/TargetPoint.msg
[2.777s] -- Up-to-date symlink: /home/sungbhin/hpc_v2/install/interfaces_pkg/share/interfaces_pkg/msg/PathPlanningResult.msg
[2.778s] -- Up-to-date symlink: /home/sungbhin/hpc_v2/install/interfaces_pkg/share/ament_index/resource_index/package_run_dependencies/interfaces_pkg
[2.778s] -- Up-to-date symlink: /home/sungbhin/hpc_v2/install/interfaces_pkg/share/ament_index/resource_index/parent_prefix_path/interfaces_pkg
[2.778s] -- Up-to-date symlink: /home/sungbhin/hpc_v2/install/interfaces_pkg/share/interfaces_pkg/environment/ament_prefix_path.sh
[2.778s] -- Up-to-date symlink: /home/sungbhin/hpc_v2/install/interfaces_pkg/share/interfaces_pkg/environment/ament_prefix_path.dsv
[2.778s] -- Up-to-date symlink: /home/sungbhin/hpc_v2/install/interfaces_pkg/share/interfaces_pkg/environment/path.sh
[2.779s] -- Up-to-date symlink: /home/sungbhin/hpc_v2/install/interfaces_pkg/share/interfaces_pkg/environment/path.dsv
[2.779s] -- Up-to-date symlink: /home/sungbhin/hpc_v2/install/interfaces_pkg/share/interfaces_pkg/local_setup.bash
[2.779s] -- Up-to-date symlink: /home/sungbhin/hpc_v2/install/interfaces_pkg/share/interfaces_pkg/local_setup.sh
[2.779s] -- Up-to-date symlink: /home/sungbhin/hpc_v2/install/interfaces_pkg/share/interfaces_pkg/local_setup.zsh
[2.779s] -- Up-to-date symlink: /home/sungbhin/hpc_v2/install/interfaces_pkg/share/interfaces_pkg/local_setup.dsv
[2.779s] -- Symlinking: /home/sungbhin/hpc_v2/install/interfaces_pkg/share/interfaces_pkg/package.dsv
[2.784s] -- Up-to-date symlink: /home/sungbhin/hpc_v2/install/interfaces_pkg/share/ament_index/resource_index/packages/interfaces_pkg
[2.784s] -- Up-to-date symlink: /home/sungbhin/hpc_v2/install/interfaces_pkg/share/interfaces_pkg/cmake/rosidl_cmake-extras.cmake
[2.785s] -- Up-to-date symlink: /home/sungbhin/hpc_v2/install/interfaces_pkg/share/interfaces_pkg/cmake/ament_cmake_export_dependencies-extras.cmake
[2.785s] -- Up-to-date symlink: /home/sungbhin/hpc_v2/install/interfaces_pkg/share/interfaces_pkg/cmake/ament_cmake_export_include_directories-extras.cmake
[2.785s] -- Up-to-date symlink: /home/sungbhin/hpc_v2/install/interfaces_pkg/share/interfaces_pkg/cmake/ament_cmake_export_libraries-extras.cmake
[2.785s] -- Up-to-date symlink: /home/sungbhin/hpc_v2/install/interfaces_pkg/share/interfaces_pkg/cmake/ament_cmake_export_targets-extras.cmake
[2.786s] -- Up-to-date symlink: /home/sungbhin/hpc_v2/install/interfaces_pkg/share/interfaces_pkg/cmake/rosidl_cmake_export_typesupport_targets-extras.cmake
[2.786s] -- Up-to-date symlink: /home/sungbhin/hpc_v2/install/interfaces_pkg/share/interfaces_pkg/cmake/rosidl_cmake_export_typesupport_libraries-extras.cmake
[2.786s] -- Up-to-date symlink: /home/sungbhin/hpc_v2/install/interfaces_pkg/share/interfaces_pkg/cmake/interfaces_pkgConfig.cmake
[2.786s] -- Up-to-date symlink: /home/sungbhin/hpc_v2/install/interfaces_pkg/share/interfaces_pkg/cmake/interfaces_pkgConfig-version.cmake
[2.786s] -- Up-to-date symlink: /home/sungbhin/hpc_v2/install/interfaces_pkg/share/interfaces_pkg/package.xml
[2.786s] -- Up-to-date: /home/sungbhin/hpc_v2/install/interfaces_pkg/lib/libinterfaces_pkg__rosidl_generator_c.so
[2.786s] -- Up-to-date: /home/sungbhin/hpc_v2/install/interfaces_pkg/lib/libinterfaces_pkg__rosidl_typesupport_fastrtps_c.so
[2.787s] -- Up-to-date: /home/sungbhin/hpc_v2/install/interfaces_pkg/lib/libinterfaces_pkg__rosidl_typesupport_introspection_c.so
[2.787s] -- Up-to-date: /home/sungbhin/hpc_v2/install/interfaces_pkg/lib/libinterfaces_pkg__rosidl_typesupport_c.so
[2.787s] -- Up-to-date: /home/sungbhin/hpc_v2/install/interfaces_pkg/lib/libinterfaces_pkg__rosidl_typesupport_fastrtps_cpp.so
[2.787s] -- Up-to-date: /home/sungbhin/hpc_v2/install/interfaces_pkg/lib/libinterfaces_pkg__rosidl_typesupport_introspection_cpp.so
[2.788s] -- Up-to-date: /home/sungbhin/hpc_v2/install/interfaces_pkg/lib/libinterfaces_pkg__rosidl_typesupport_cpp.so
[2.815s] Listing '/home/sungbhin/hpc_v2/install/interfaces_pkg/local/lib/python3.10/dist-packages/interfaces_pkg'...
[2.815s] Compiling '/home/sungbhin/hpc_v2/install/interfaces_pkg/local/lib/python3.10/dist-packages/interfaces_pkg/__init__.py'...
[2.815s] Listing '/home/sungbhin/hpc_v2/install/interfaces_pkg/local/lib/python3.10/dist-packages/interfaces_pkg/msg'...
[2.818s] -- Installing: /home/sungbhin/hpc_v2/install/interfaces_pkg/lib/libinterfaces_pkg__rosidl_generator_py.so
[2.819s] -- Set non-toolchain portion of runtime path of "/home/sungbhin/hpc_v2/install/interfaces_pkg/lib/libinterfaces_pkg__rosidl_generator_py.so" to ""
[2.819s] -- Up-to-date: /home/sungbhin/hpc_v2/install/interfaces_pkg/share/interfaces_pkg/cmake/export_interfaces_pkg__rosidl_generator_cExport.cmake
[2.819s] -- Up-to-date: /home/sungbhin/hpc_v2/install/interfaces_pkg/share/interfaces_pkg/cmake/export_interfaces_pkg__rosidl_generator_cExport-noconfig.cmake
[2.819s] -- Up-to-date: /home/sungbhin/hpc_v2/install/interfaces_pkg/share/interfaces_pkg/cmake/export_interfaces_pkg__rosidl_typesupport_fastrtps_cExport.cmake
[2.819s] -- Up-to-date: /home/sungbhin/hpc_v2/install/interfaces_pkg/share/interfaces_pkg/cmake/export_interfaces_pkg__rosidl_typesupport_fastrtps_cExport-noconfig.cmake
[2.820s] -- Up-to-date: /home/sungbhin/hpc_v2/install/interfaces_pkg/share/interfaces_pkg/cmake/interfaces_pkg__rosidl_typesupport_introspection_cExport.cmake
[2.820s] -- Up-to-date: /home/sungbhin/hpc_v2/install/interfaces_pkg/share/interfaces_pkg/cmake/interfaces_pkg__rosidl_typesupport_introspection_cExport-noconfig.cmake
[2.820s] -- Up-to-date: /home/sungbhin/hpc_v2/install/interfaces_pkg/share/interfaces_pkg/cmake/interfaces_pkg__rosidl_typesupport_cExport.cmake
[2.820s] -- Up-to-date: /home/sungbhin/hpc_v2/install/interfaces_pkg/share/interfaces_pkg/cmake/interfaces_pkg__rosidl_typesupport_cExport-noconfig.cmake
[2.820s] -- Up-to-date: /home/sungbhin/hpc_v2/install/interfaces_pkg/share/interfaces_pkg/cmake/export_interfaces_pkg__rosidl_generator_cppExport.cmake
[2.820s] -- Up-to-date: /home/sungbhin/hpc_v2/install/interfaces_pkg/share/interfaces_pkg/cmake/export_interfaces_pkg__rosidl_typesupport_fastrtps_cppExport.cmake
[2.820s] -- Up-to-date: /home/sungbhin/hpc_v2/install/interfaces_pkg/share/interfaces_pkg/cmake/export_interfaces_pkg__rosidl_typesupport_fastrtps_cppExport-noconfig.cmake
[2.820s] -- Up-to-date: /home/sungbhin/hpc_v2/install/interfaces_pkg/share/interfaces_pkg/cmake/interfaces_pkg__rosidl_typesupport_introspection_cppExport.cmake
[2.820s] -- Up-to-date: /home/sungbhin/hpc_v2/install/interfaces_pkg/share/interfaces_pkg/cmake/interfaces_pkg__rosidl_typesupport_introspection_cppExport-noconfig.cmake
[2.820s] -- Up-to-date: /home/sungbhin/hpc_v2/install/interfaces_pkg/share/interfaces_pkg/cmake/interfaces_pkg__rosidl_typesupport_cppExport.cmake
[2.820s] -- Up-to-date: /home/sungbhin/hpc_v2/install/interfaces_pkg/share/interfaces_pkg/cmake/interfaces_pkg__rosidl_typesupport_cppExport-noconfig.cmake
[2.820s] -- Up-to-date: /home/sungbhin/hpc_v2/install/interfaces_pkg/share/interfaces_pkg/cmake/export_interfaces_pkg__rosidl_generator_pyExport.cmake
[2.820s] -- Up-to-date: /home/sungbhin/hpc_v2/install/interfaces_pkg/share/interfaces_pkg/cmake/export_interfaces_pkg__rosidl_generator_pyExport-noconfig.cmake
[2.822s] Invoked command in '/home/sungbhin/AutoSDV_HPC/build/interfaces_pkg' returned '0': CMAKE_PREFIX_PATH=/opt/ros/humble /usr/local/bin/cmake --install /home/sungbhin/AutoSDV_HPC/build/interfaces_pkg
