[0mCMake Deprecation Warning at CMakeLists.txt:1 (cmake_minimum_required):
  Compatibility with CMake < 3.10 will be removed from a future version of
  CMake.

  Update the VERSION argument <min> value or use a ...<max> suffix to tell
  CMake that the project does not need compatibility with older versions.

[0m
-- Found ament_cmake: 1.3.11 (/opt/ros/humble/share/ament_cmake/cmake)
-- Found Python3: /usr/bin/python3 (found version "3.10.12") found components: Interpreter
-- Override CMake install command with custom implementation using symlinks instead of copying resources
-- Found ament_lint_auto: 0.12.12 (/opt/ros/humble/share/ament_lint_auto/cmake)
-- Added test 'flake8' to check Python code syntax and style conventions
-- Added test 'lint_cmake' to check CMake code style
-- Added test 'pep257' to check Python code against some of the docstring style conventions in PEP 257
-- Added test 'xmllint' to check XML markup files
-- Configuring done (0.3s)
-- Generating done (0.0s)
-- Build files have been written to: /home/sungbhin/hpc_v2/build/launch_pkg
-- Install configuration: ""
-- Execute custom install script
-- Symlinking: /home/sungbhin/hpc_v2/install/launch_pkg/share/launch_pkg//launch/main.launch.py
-- Symlinking: /home/sungbhin/hpc_v2/install/launch_pkg/share/ament_index/resource_index/package_run_dependencies/launch_pkg
-- Symlinking: /home/sungbhin/hpc_v2/install/launch_pkg/share/ament_index/resource_index/parent_prefix_path/launch_pkg
-- Symlinking: /home/sungbhin/hpc_v2/install/launch_pkg/share/launch_pkg/environment/ament_prefix_path.sh
-- Symlinking: /home/sungbhin/hpc_v2/install/launch_pkg/share/launch_pkg/environment/ament_prefix_path.dsv
-- Symlinking: /home/sungbhin/hpc_v2/install/launch_pkg/share/launch_pkg/environment/path.sh
-- Symlinking: /home/sungbhin/hpc_v2/install/launch_pkg/share/launch_pkg/environment/path.dsv
-- Symlinking: /home/sungbhin/hpc_v2/install/launch_pkg/share/launch_pkg/local_setup.bash
-- Symlinking: /home/sungbhin/hpc_v2/install/launch_pkg/share/launch_pkg/local_setup.sh
-- Symlinking: /home/sungbhin/hpc_v2/install/launch_pkg/share/launch_pkg/local_setup.zsh
-- Symlinking: /home/sungbhin/hpc_v2/install/launch_pkg/share/launch_pkg/local_setup.dsv
-- Symlinking: /home/sungbhin/hpc_v2/install/launch_pkg/share/launch_pkg/package.dsv
-- Symlinking: /home/sungbhin/hpc_v2/install/launch_pkg/share/ament_index/resource_index/packages/launch_pkg
-- Symlinking: /home/sungbhin/hpc_v2/install/launch_pkg/share/launch_pkg/cmake/launch_pkgConfig.cmake
-- Symlinking: /home/sungbhin/hpc_v2/install/launch_pkg/share/launch_pkg/cmake/launch_pkgConfig-version.cmake
-- Symlinking: /home/sungbhin/hpc_v2/install/launch_pkg/share/launch_pkg/package.xml
