[0.723s] Invoking command in '/home/sungbhin/hpc_v2/build/launch_pkg': CMAKE_PREFIX_PATH=/opt/ros/humble /usr/local/bin/cmake /home/sungbhin/hpc_v2/src/launch_pkg -DAMENT_CMAKE_SYMLINK_INSTALL=1 -DCMAKE_INSTALL_PREFIX=/home/sungbhin/hpc_v2/install/launch_pkg
[1.229s] [0mCMake Deprecation Warning at CMakeLists.txt:1 (cmake_minimum_required):
[1.229s]   Compatibility with CMake < 3.10 will be removed from a future version of
[1.229s]   CMake.
[1.229s] 
[1.229s]   Update the VERSION argument <min> value or use a ...<max> suffix to tell
[1.229s]   CMake that the project does not need compatibility with older versions.
[1.229s] 
[1.229s] [0m
[1.229s] -- Found ament_cmake: 1.3.11 (/opt/ros/humble/share/ament_cmake/cmake)
[1.229s] -- Found Python3: /usr/bin/python3 (found version "3.10.12") found components: Interpreter
[1.229s] -- Override CMake install command with custom implementation using symlinks instead of copying resources
[1.229s] -- Found ament_lint_auto: 0.12.12 (/opt/ros/humble/share/ament_lint_auto/cmake)
[1.229s] -- Added test 'flake8' to check Python code syntax and style conventions
[1.230s] -- Added test 'lint_cmake' to check CMake code style
[1.230s] -- Added test 'pep257' to check Python code against some of the docstring style conventions in PEP 257
[1.230s] -- Added test 'xmllint' to check XML markup files
[1.230s] -- Configuring done (0.3s)
[1.230s] -- Generating done (0.0s)
[1.230s] -- Build files have been written to: /home/sungbhin/hpc_v2/build/launch_pkg
[1.230s] Invoked command in '/home/sungbhin/hpc_v2/build/launch_pkg' returned '0': CMAKE_PREFIX_PATH=/opt/ros/humble /usr/local/bin/cmake /home/sungbhin/hpc_v2/src/launch_pkg -DAMENT_CMAKE_SYMLINK_INSTALL=1 -DCMAKE_INSTALL_PREFIX=/home/sungbhin/hpc_v2/install/launch_pkg
[1.231s] Invoking command in '/home/sungbhin/hpc_v2/build/launch_pkg': CMAKE_PREFIX_PATH=/opt/ros/humble /usr/local/bin/cmake --build /home/sungbhin/hpc_v2/build/launch_pkg -- -j16 -l16
[1.251s] Invoked command in '/home/sungbhin/hpc_v2/build/launch_pkg' returned '0': CMAKE_PREFIX_PATH=/opt/ros/humble /usr/local/bin/cmake --build /home/sungbhin/hpc_v2/build/launch_pkg -- -j16 -l16
[1.259s] Invoking command in '/home/sungbhin/hpc_v2/build/launch_pkg': CMAKE_PREFIX_PATH=/opt/ros/humble /usr/local/bin/cmake --install /home/sungbhin/hpc_v2/build/launch_pkg
[1.263s] -- Install configuration: ""
[1.264s] -- Execute custom install script
[1.265s] -- Symlinking: /home/sungbhin/hpc_v2/install/launch_pkg/share/launch_pkg//launch/main.launch.py
[1.272s] -- Symlinking: /home/sungbhin/hpc_v2/install/launch_pkg/share/ament_index/resource_index/package_run_dependencies/launch_pkg
[1.277s] -- Symlinking: /home/sungbhin/hpc_v2/install/launch_pkg/share/ament_index/resource_index/parent_prefix_path/launch_pkg
[1.283s] -- Symlinking: /home/sungbhin/hpc_v2/install/launch_pkg/share/launch_pkg/environment/ament_prefix_path.sh
[1.289s] -- Symlinking: /home/sungbhin/hpc_v2/install/launch_pkg/share/launch_pkg/environment/ament_prefix_path.dsv
[1.295s] -- Symlinking: /home/sungbhin/hpc_v2/install/launch_pkg/share/launch_pkg/environment/path.sh
[1.301s] -- Symlinking: /home/sungbhin/hpc_v2/install/launch_pkg/share/launch_pkg/environment/path.dsv
[1.307s] -- Symlinking: /home/sungbhin/hpc_v2/install/launch_pkg/share/launch_pkg/local_setup.bash
[1.313s] -- Symlinking: /home/sungbhin/hpc_v2/install/launch_pkg/share/launch_pkg/local_setup.sh
[1.318s] -- Symlinking: /home/sungbhin/hpc_v2/install/launch_pkg/share/launch_pkg/local_setup.zsh
[1.324s] -- Symlinking: /home/sungbhin/hpc_v2/install/launch_pkg/share/launch_pkg/local_setup.dsv
[1.329s] -- Symlinking: /home/sungbhin/hpc_v2/install/launch_pkg/share/launch_pkg/package.dsv
[1.334s] -- Symlinking: /home/sungbhin/hpc_v2/install/launch_pkg/share/ament_index/resource_index/packages/launch_pkg
[1.340s] -- Symlinking: /home/sungbhin/hpc_v2/install/launch_pkg/share/launch_pkg/cmake/launch_pkgConfig.cmake
[1.345s] -- Symlinking: /home/sungbhin/hpc_v2/install/launch_pkg/share/launch_pkg/cmake/launch_pkgConfig-version.cmake
[1.350s] -- Symlinking: /home/sungbhin/hpc_v2/install/launch_pkg/share/launch_pkg/package.xml
[1.357s] Invoked command in '/home/sungbhin/hpc_v2/build/launch_pkg' returned '0': CMAKE_PREFIX_PATH=/opt/ros/humble /usr/local/bin/cmake --install /home/sungbhin/hpc_v2/build/launch_pkg
